Script started on 2020-11-15 18:34:24-0500
groups: cannot find name for group ID 1102162763
]0;ryedida@vm16-58: ~/DrCCTProf[01;32mryedida@vm16-58[00m:[01;34m~/DrCCTProf[00m$ ./build/bin64/drrun -t drcctlib_heap_overflow -- ./ test_apps/build/test_app1.cpp 
Bad memory access 0x7f53ef10dbc0
----------malloc context----------
malloc(83):"(0x00007f53eeeff5a8)"[/build/glibc-2ORdQG/glibc-2.27/elf/dl-minimal.c]
dl_main(93):"(0x00007f53eeee772c)"[/build/glibc-2ORdQG/glibc-2.27/elf/setup-vdso.h]
_dl_sysdep_start(253):"(0x00007f53eeefedfd)"[../elf/dl-sysdep.c]
_dl_start(414):"(0x00007f53eeee6123)"[/build/glibc-2ORdQG/glibc-2.27/elf/rtld.c]
_start(746):"(0x00007f53eeee5093)"[/build/glibc-2ORdQG/glibc-2.27/elf/rtld.c]
THREAD[0]_ROOT_CTXT(0):"(0x0000000000000000)"[ ]
PROCESS[23758]_ROOT_CTXT(0):"(0x0000000000000000)"[ ]
------------------------------
Bad memory access 0x7f53ef10dbc8
----------malloc context----------
malloc(83):"(0x00007f53eeeff5a8)"[/build/glibc-2ORdQG/glibc-2.27/elf/dl-minimal.c]
dl_main(93):"(0x00007f53eeee772c)"[/build/glibc-2ORdQG/glibc-2.27/elf/setup-vdso.h]
_dl_sysdep_start(253):"(0x00007f53eeefedfd)"[../elf/dl-sysdep.c]
_dl_start(414):"(0x00007f53eeee6123)"[/build/glibc-2ORdQG/glibc-2.27/elf/rtld.c]
_start(746):"(0x00007f53eeee5093)"[/build/glibc-2ORdQG/glibc-2.27/elf/rtld.c]
THREAD[0]_ROOT_CTXT(0):"(0x0000000000000000)"[ ]
PROCESS[23758]_ROOT_CTXT(0):"(0x0000000000000000)"[ ]
------------------------------
Bad memory access 0x7f53ef10dbc8
----------malloc context----------
malloc(83):"(0x00007f53eeeff5a8)"[/build/glibc-2ORdQG/glibc-2.27/elf/dl-minimal.c]
dl_main(93):"(0x00007f53eeee772c)"[/build/glibc-2ORdQG/glibc-2.27/elf/setup-vdso.h]
_dl_sysdep_start(253):"(0x00007f53eeefedfd)"[../elf/dl-sysdep.c]
_dl_start(414):"(0x00007f53eeee6123)"[/build/glibc-2ORdQG/glibc-2.27/elf/rtld.c]
_start(746):"(0x00007f53eeee5093)"[/build/glibc-2ORdQG/glibc-2.27/elf/rtld.c]
THREAD[0]_ROOT_CTXT(0):"(0x0000000000000000)"[ ]
PROCESS[23758]_ROOT_CTXT(0):"(0x0000000000000000)"[ ]
------------------------------
Bad memory access 0x7f53ef10dbc8
----------malloc context----------
malloc(83):"(0x00007f53eeeff5a8)"[/build/glibc-2ORdQG/glibc-2.27/elf/dl-minimal.c]
dl_main(93):"(0x00007f53eeee772c)"[/build/glibc-2ORdQG/glibc-2.27/elf/setup-vdso.h]
_dl_sysdep_start(253):"(0x00007f53eeefedfd)"[../elf/dl-sysdep.c]
_dl_start(414):"(0x00007f53eeee6123)"[/build/glibc-2ORdQG/glibc-2.27/elf/rtld.c]
_start(746):"(0x00007f53eeee5093)"[/build/glibc-2ORdQG/glibc-2.27/elf/rtld.c]
THREAD[0]_ROOT_CTXT(0):"(0x0000000000000000)"[ ]
PROCESS[23758]_ROOT_CTXT(0):"(0x0000000000000000)"[ ]
------------------------------
Bad memory access 0x7f53ef10dbc8
----------malloc context----------
malloc(83):"(0x00007f53eeeff5a8)"[/build/glibc-2ORdQG/glibc-2.27/elf/dl-minimal.c]
dl_main(93):"(0x00007f53eeee772c)"[/build/glibc-2ORdQG/glibc-2.27/elf/setup-vdso.h]
_dl_sysdep_start(253):"(0x00007f53eeefedfd)"[../elf/dl-sysdep.c]
_dl_start(414):"(0x00007f53eeee6123)"[/build/glibc-2ORdQG/glibc-2.27/elf/rtld.c]
_start(746):"(0x00007f53eeee5093)"[/build/glibc-2ORdQG/glibc-2.27/elf/rtld.c]
THREAD[0]_ROOT_CTXT(0):"(0x0000000000000000)"[ ]
PROCESS[23758]_ROOT_CTXT(0):"(0x0000000000000000)"[ ]
------------------------------
Bad memory access 0x7f53ef10dbc8
----------malloc context----------
malloc(83):"(0x00007f53eeeff5a8)"[/build/glibc-2ORdQG/glibc-2.27/elf/dl-minimal.c]
dl_main(93):"(0x00007f53eeee772c)"[/build/glibc-2ORdQG/glibc-2.27/elf/setup-vdso.h]
_dl_sysdep_start(253):"(0x00007f53eeefedfd)"[../elf/dl-sysdep.c]
_dl_start(414):"(0x00007f53eeee6123)"[/build/glibc-2ORdQG/glibc-2.27/elf/rtld.c]
_start(746):"(0x00007f53eeee5093)"[/build/glibc-2ORdQG/glibc-2.27/elf/rtld.c]
THREAD[0]_ROOT_CTXT(0):"(0x0000000000000000)"[ ]
PROCESS[23758]_ROOT_CTXT(0):"(0x0000000000000000)"[ ]
------------------------------
Bad memory access 0x7f53ef10dbc0
----------malloc context----------
malloc(83):"(0x00007f53eeeff5a8)"[/build/glibc-2ORdQG/glibc-2.27/elf/dl-minimal.c]
dl_main(93):"(0x00007f53eeee772c)"[/build/glibc-2ORdQG/glibc-2.27/elf/setup-vdso.h]
_dl_sysdep_start(253):"(0x00007f53eeefedfd)"[../elf/dl-sysdep.c]
_dl_start(414):"(0x00007f53eeee6123)"[/build/glibc-2ORdQG/glibc-2.27/elf/rtld.c]
_start(746):"(0x00007f53eeee5093)"[/build/glibc-2ORdQG/glibc-2.27/elf/rtld.c]
THREAD[0]_ROOT_CTXT(0):"(0x0000000000000000)"[ ]
PROCESS[23758]_ROOT_CTXT(0):"(0x0000000000000000)"[ ]
------------------------------
Bad memory access 0x7f53ef10dbc0
----------malloc context----------
malloc(83):"(0x00007f53eeeff5a8)"[/build/glibc-2ORdQG/glibc-2.27/elf/dl-minimal.c]
dl_main(93):"(0x00007f53eeee772c)"[/build/glibc-2ORdQG/glibc-2.27/elf/setup-vdso.h]
_dl_sysdep_start(253):"(0x00007f53eeefedfd)"[../elf/dl-sysdep.c]
_dl_start(414):"(0x00007f53eeee6123)"[/build/glibc-2ORdQG/glibc-2.27/elf/rtld.c]
_start(746):"(0x00007f53eeee5093)"[/build/glibc-2ORdQG/glibc-2.27/elf/rtld.c]
THREAD[0]_ROOT_CTXT(0):"(0x0000000000000000)"[ ]
PROCESS[23758]_ROOT_CTXT(0):"(0x0000000000000000)"[ ]
------------------------------
Bad memory access 0x7f53ef10dbc8
----------malloc context----------
malloc(83):"(0x00007f53eeeff5a8)"[/build/glibc-2ORdQG/glibc-2.27/elf/dl-minimal.c]
dl_main(93):"(0x00007f53eeee772c)"[/build/glibc-2ORdQG/glibc-2.27/elf/setup-vdso.h]
_dl_sysdep_start(253):"(0x00007f53eeefedfd)"[../elf/dl-sysdep.c]
_dl_start(414):"(0x00007f53eeee6123)"[/build/glibc-2ORdQG/glibc-2.27/elf/rtld.c]
_start(746):"(0x00007f53eeee5093)"[/build/glibc-2ORdQG/glibc-2.27/elf/rtld.c]
THREAD[0]_ROOT_CTXT(0):"(0x0000000000000000)"[ ]
PROCESS[23758]_ROOT_CTXT(0):"(0x0000000000000000)"[ ]
------------------------------
Bad memory access 0x7f53ef10dc60
----------malloc context----------
_dl_important_hwcaps(230):"(0x00007f53eeef3b0f)"[/build/glibc-2ORdQG/glibc-2.27/elf/dl-hwcaps.c]
_dl_init_paths(636):"(0x00007f53eeeecac1)"[/build/glibc-2ORdQG/glibc-2.27/elf/dl-load.c]
dl_main(1323):"(0x00007f53eeee7c41)"[/build/glibc-2ORdQG/glibc-2.27/elf/rtld.c]
_dl_sysdep_start(253):"(0x00007f53eeefedfd)"[../elf/dl-sysdep.c]
_dl_start(414):"(0x00007f53eeee6123)"[/build/glibc-2ORdQG/glibc-2.27/elf/rtld.c]
_start(746):"(0x00007f53eeee5093)"[/build/glibc-2ORdQG/glibc-2.27/elf/rtld.c]
THREAD[0]_ROOT_CTXT(0):"(0x0000000000000000)"[ ]
PROCESS[23758]_ROOT_CTXT(0):"(0x0000000000000000)"[ ]
------------------------------
Bad memory access 0x7f53ef10dc90
----------malloc context----------
_dl_init_paths(640):"(0x00007f53eeeecada)"[/build/glibc-2ORdQG/glibc-2.27/elf/dl-load.c]
dl_main(1323):"(0x00007f53eeee7c41)"[/build/glibc-2ORdQG/glibc-2.27/elf/rtld.c]
_dl_sysdep_start(253):"(0x00007f53eeefedfd)"[../elf/dl-sysdep.c]
_dl_start(414):"(0x00007f53eeee6123)"[/build/glibc-2ORdQG/glibc-2.27/elf/rtld.c]
_start(746):"(0x00007f53eeee5093)"[/build/glibc-2ORdQG/glibc-2.27/elf/rtld.c]
THREAD[0]_ROOT_CTXT(0):"(0x0000000000000000)"[ ]
PROCESS[23758]_ROOT_CTXT(0):"(0x0000000000000000)"[ ]
------------------------------
Bad memory access 0x7f53ef10d168
----------malloc context----------
malloc(83):"(0x00007f53eeeff5a8)"[/build/glibc-2ORdQG/glibc-2.27/elf/dl-minimal.c]
_dl_new_object(73):"(0x00007f53eeef014c)"[/build/glibc-2ORdQG/glibc-2.27/elf/dl-object.c]
dl_main(1108):"(0x00007f53eeee6ee2)"[/build/glibc-2ORdQG/glibc-2.27/elf/rtld.c]
_dl_sysdep_start(253):"(0x00007f53eeefedfd)"[../elf/dl-sysdep.c]
_dl_start(414):"(0x00007f53eeee6123)"[/build/glibc-2ORdQG/glibc-2.27/elf/rtld.c]
_start(746):"(0x00007f53eeee5093)"[/build/glibc-2ORdQG/glibc-2.27/elf/rtld.c]
THREAD[0]_ROOT_CTXT(0):"(0x0000000000000000)"[ ]
PROCESS[23758]_ROOT_CTXT(0):"(0x0000000000000000)"[ ]
------------------------------
Bad memory access 0x7f53ef10d708
----------malloc context----------
malloc(83):"(0x00007f53eeeff5a8)"[/build/glibc-2ORdQG/glibc-2.27/elf/dl-minimal.c]
_dl_new_object(73):"(0x00007f53eeef014c)"[/build/glibc-2ORdQG/glibc-2.27/elf/dl-object.c]
dl_main(1108):"(0x00007f53eeee6ee2)"[/build/glibc-2ORdQG/glibc-2.27/elf/rtld.c]
_dl_sysdep_start(253):"(0x00007f53eeefedfd)"[../elf/dl-sysdep.c]
_dl_start(414):"(0x00007f53eeee6123)"[/build/glibc-2ORdQG/glibc-2.27/elf/rtld.c]
_start(746):"(0x00007f53eeee5093)"[/build/glibc-2ORdQG/glibc-2.27/elf/rtld.c]
THREAD[0]_ROOT_CTXT(0):"(0x0000000000000000)"[ ]
PROCESS[23758]_ROOT_CTXT(0):"(0x0000000000000000)"[ ]
------------------------------
Bad memory access 0x7f53ef10d708
----------malloc context----------
malloc(83):"(0x00007f53eeeff5a8)"[/build/glibc-2ORdQG/glibc-2.27/elf/dl-minimal.c]
_dl_new_object(73):"(0x00007f53eeef014c)"[/build/glibc-2ORdQG/glibc-2.27/elf/dl-object.c]
dl_main(1108):"(0x00007f53eeee6ee2)"[/build/glibc-2ORdQG/glibc-2.27/elf/rtld.c]
_dl_sysdep_start(253):"(0x00007f53eeefedfd)"[../elf/dl-sysdep.c]
_dl_start(414):"(0x00007f53eeee6123)"[/build/glibc-2ORdQG/glibc-2.27/elf/rtld.c]
_start(746):"(0x00007f53eeee5093)"[/build/glibc-2ORdQG/glibc-2.27/elf/rtld.c]
THREAD[0]_ROOT_CTXT(0):"(0x0000000000000000)"[ ]
PROCESS[23758]_ROOT_CTXT(0):"(0x0000000000000000)"[ ]
------------------------------
Bad memory access 0x7f53ef10dbb8
----------malloc context----------
_dl_important_hwcaps(230):"(0x00007f53eeef3b0f)"[/build/glibc-2ORdQG/glibc-2.27/elf/dl-hwcaps.c]
_dl_init_paths(636):"(0x00007f53eeeecac1)"[/build/glibc-2ORdQG/glibc-2.27/elf/dl-load.c]
dl_main(1323):"(0x00007f53eeee7c41)"[/build/glibc-2ORdQG/glibc-2.27/elf/rtld.c]
_dl_sysdep_start(253):"(0x00007f53eeefedfd)"[../elf/dl-sysdep.c]
_dl_start(414):"(0x00007f53eeee6123)"[/build/glibc-2ORdQG/glibc-2.27/elf/rtld.c]
_start(746):"(0x00007f53eeee5093)"[/build/glibc-2ORdQG/glibc-2.27/elf/rtld.c]
THREAD[0]_ROOT_CTXT(0):"(0x0000000000000000)"[ ]
PROCESS[23758]_ROOT_CTXT(0):"(0x0000000000000000)"[ ]
------------------------------
Bad memory access 0x7f53ef10dbb8
----------malloc context----------
_dl_important_hwcaps(230):"(0x00007f53eeef3b0f)"[/build/glibc-2ORdQG/glibc-2.27/elf/dl-hwcaps.c]
_dl_init_paths(636):"(0x00007f53eeeecac1)"[/build/glibc-2ORdQG/glibc-2.27/elf/dl-load.c]
dl_main(1323):"(0x00007f53eeee7c41)"[/build/glibc-2ORdQG/glibc-2.27/elf/rtld.c]
_dl_sysdep_start(253):"(0x00007f53eeefedfd)"[../elf/dl-sysdep.c]
_dl_start(414):"(0x00007f53eeee6123)"[/build/glibc-2ORdQG/glibc-2.27/elf/rtld.c]
_start(746):"(0x00007f53eeee5093)"[/build/glibc-2ORdQG/glibc-2.27/elf/rtld.c]
THREAD[0]_ROOT_CTXT(0):"(0x0000000000000000)"[ ]
PROCESS[23758]_ROOT_CTXT(0):"(0x0000000000000000)"[ ]
------------------------------
Bad memory access 0x7f53ef10ddd0
----------malloc context----------
_dl_init_paths(653):"(0x00007f53eeeecb2b)"[/build/glibc-2ORdQG/glibc-2.27/elf/dl-load.c]
dl_main(1323):"(0x00007f53eeee7c41)"[/build/glibc-2ORdQG/glibc-2.27/elf/rtld.c]
_dl_sysdep_start(253):"(0x00007f53eeefedfd)"[../elf/dl-sysdep.c]
_dl_start(414):"(0x00007f53eeee6123)"[/build/glibc-2ORdQG/glibc-2.27/elf/rtld.c]
_start(746):"(0x00007f53eeee5093)"[/build/glibc-2ORdQG/glibc-2.27/elf/rtld.c]
THREAD[0]_ROOT_CTXT(0):"(0x0000000000000000)"[ ]
PROCESS[23758]_ROOT_CTXT(0):"(0x0000000000000000)"[ ]
------------------------------
Bad memory access 0x7f53ef10ddd0
----------malloc context----------
_dl_init_paths(653):"(0x00007f53eeeecb2b)"[/build/glibc-2ORdQG/glibc-2.27/elf/dl-load.c]
dl_main(1323):"(0x00007f53eeee7c41)"[/build/glibc-2ORdQG/glibc-2.27/elf/rtld.c]
_dl_sysdep_start(253):"(0x00007f53eeefedfd)"[../elf/dl-sysdep.c]
_dl_start(414):"(0x00007f53eeee6123)"[/build/glibc-2ORdQG/glibc-2.27/elf/rtld.c]
_start(746):"(0x00007f53eeee5093)"[/build/glibc-2ORdQG/glibc-2.27/elf/rtld.c]
THREAD[0]_ROOT_CTXT(0):"(0x0000000000000000)"[ ]
PROCESS[23758]_ROOT_CTXT(0):"(0x0000000000000000)"[ ]
------------------------------
Bad memory access 0x7f53ef10ddd0
----------malloc context----------
_dl_init_paths(653):"(0x00007f53eeeecb2b)"[/build/glibc-2ORdQG/glibc-2.27/elf/dl-load.c]
dl_main(1323):"(0x00007f53eeee7c41)"[/build/glibc-2ORdQG/glibc-2.27/elf/rtld.c]
_dl_sysdep_start(253):"(0x00007f53eeefedfd)"[../elf/dl-sysdep.c]
_dl_start(414):"(0x00007f53eeee6123)"[/build/glibc-2ORdQG/glibc-2.27/elf/rtld.c]
_start(746):"(0x00007f53eeee5093)"[/build/glibc-2ORdQG/glibc-2.27/elf/rtld.c]
THREAD[0]_ROOT_CTXT(0):"(0x0000000000000000)"[ ]
PROCESS[23758]_ROOT_CTXT(0):"(0x0000000000000000)"[ ]
------------------------------
Bad memory access 0x7f53ef10ddf0
----------malloc context----------
malloc(83):"(0x00007f53eeeff5a8)"[/build/glibc-2ORdQG/glibc-2.27/elf/dl-minimal.c]
__strdup(42):"(0x00007f53eef01355)"[/build/glibc-2ORdQG/glibc-2.27/string/strdup.c]
_dl_load_cache_lookup(315):"(0x00007f53eeefc71a)"[/build/glibc-2ORdQG/glibc-2.27/elf/dl-cache.c]
_dl_map_object(2255):"(0x00007f53eeeed3ce)"[/build/glibc-2ORdQG/glibc-2.27/elf/dl-load.c]
openaux(63):"(0x00007f53eeef235d)"[/build/glibc-2ORdQG/glibc-2.27/elf/dl-deps.c]
_dl_catch_exception(196):"(0x00007f53eeeffc99)"[/build/glibc-2ORdQG/glibc-2.27/elf/dl-error-skeleton.c]
_dl_map_object_deps(249):"(0x00007f53eeef2663)"[/build/glibc-2ORdQG/glibc-2.27/elf/dl-deps.c]
dl_main(1726):"(0x00007f53eeee7ec1)"[/build/glibc-2ORdQG/glibc-2.27/elf/rtld.c]
_dl_sysdep_start(253):"(0x00007f53eeefedfd)"[../elf/dl-sysdep.c]
_dl_start(414):"(0x00007f53eeee6123)"[/build/glibc-2ORdQG/glibc-2.27/elf/rtld.c]
_start(746):"(0x00007f53eeee5093)"[/build/glibc-2ORdQG/glibc-2.27/elf/rtld.c]
THREAD[0]_ROOT_CTXT(0):"(0x0000000000000000)"[ ]
PROCESS[23758]_ROOT_CTXT(0):"(0x0000000000000000)"[ ]
------------------------------
Bad memory access 0x7f53ef10ddd0
----------malloc context----------
_dl_init_paths(653):"(0x00007f53eeeecb2b)"[/build/glibc-2ORdQG/glibc-2.27/elf/dl-load.c]
dl_main(1323):"(0x00007f53eeee7c41)"[/build/glibc-2ORdQG/glibc-2.27/elf/rtld.c]
_dl_sysdep_start(253):"(0x00007f53eeefedfd)"[../elf/dl-sysdep.c]
_dl_start(414):"(0x00007f53eeee6123)"[/build/glibc-2ORdQG/glibc-2.27/elf/rtld.c]
_start(746):"(0x00007f53eeee5093)"[/build/glibc-2ORdQG/glibc-2.27/elf/rtld.c]
THREAD[0]_ROOT_CTXT(0):"(0x0000000000000000)"[ ]
PROCESS[23758]_ROOT_CTXT(0):"(0x0000000000000000)"[ ]
------------------------------
Bad memory access 0x7f53eb5984a0
----------malloc context----------
malloc(82):"(0x00007f53eeeff580)"[/build/glibc-2ORdQG/glibc-2.27/elf/dl-minimal.c]
_dl_new_object(73):"(0x00007f53eeef014c)"[/build/glibc-2ORdQG/glibc-2.27/elf/dl-object.c]
_dl_map_object_from_fd(943):"(0x00007f53eeeea9c0)"[/build/glibc-2ORdQG/glibc-2.27/elf/dl-load.c]
_dl_map_object(2389):"(0x00007f53eeeed047)"[/build/glibc-2ORdQG/glibc-2.27/elf/dl-load.c]
openaux(63):"(0x00007f53eeef235d)"[/build/glibc-2ORdQG/glibc-2.27/elf/dl-deps.c]
_dl_catch_exception(196):"(0x00007f53eeeffc99)"[/build/glibc-2ORdQG/glibc-2.27/elf/dl-error-skeleton.c]
_dl_map_object_deps(249):"(0x00007f53eeef2663)"[/build/glibc-2ORdQG/glibc-2.27/elf/dl-deps.c]
dl_main(1726):"(0x00007f53eeee7ec1)"[/build/glibc-2ORdQG/glibc-2.27/elf/rtld.c]
_dl_sysdep_start(253):"(0x00007f53eeefedfd)"[../elf/dl-sysdep.c]
_dl_start(414):"(0x00007f53eeee6123)"[/build/glibc-2ORdQG/glibc-2.27/elf/rtld.c]
_start(746):"(0x00007f53eeee5093)"[/build/glibc-2ORdQG/glibc-2.27/elf/rtld.c]
THREAD[0]_ROOT_CTXT(0):"(0x0000000000000000)"[ ]
PROCESS[23758]_ROOT_CTXT(0):"(0x0000000000000000)"[ ]
------------------------------
Bad memory access 0x7f53ef10d708
----------malloc context----------
malloc(83):"(0x00007f53eeeff5a8)"[/build/glibc-2ORdQG/glibc-2.27/elf/dl-minimal.c]
_dl_new_object(73):"(0x00007f53eeef014c)"[/build/glibc-2ORdQG/glibc-2.27/elf/dl-object.c]
dl_main(1108):"(0x00007f53eeee6ee2)"[/build/glibc-2ORdQG/glibc-2.27/elf/rtld.c]
_dl_sysdep_start(253):"(0x00007f53eeefedfd)"[../elf/dl-sysdep.c]
_dl_start(414):"(0x00007f53eeee6123)"[/build/glibc-2ORdQG/glibc-2.27/elf/rtld.c]
_start(746):"(0x00007f53eeee5093)"[/build/glibc-2ORdQG/glibc-2.27/elf/rtld.c]
THREAD[0]_ROOT_CTXT(0):"(0x0000000000000000)"[ ]
PROCESS[23758]_ROOT_CTXT(0):"(0x0000000000000000)"[ ]
------------------------------
Bad memory access 0x7f53ef10d708
----------malloc context----------
malloc(83):"(0x00007f53eeeff5a8)"[/build/glibc-2ORdQG/glibc-2.27/elf/dl-minimal.c]
_dl_new_object(73):"(0x00007f53eeef014c)"[/build/glibc-2ORdQG/glibc-2.27/elf/dl-object.c]
dl_main(1108):"(0x00007f53eeee6ee2)"[/build/glibc-2ORdQG/glibc-2.27/elf/rtld.c]
_dl_sysdep_start(253):"(0x00007f53eeefedfd)"[../elf/dl-sysdep.c]
_dl_start(414):"(0x00007f53eeee6123)"[/build/glibc-2ORdQG/glibc-2.27/elf/rtld.c]
_start(746):"(0x00007f53eeee5093)"[/build/glibc-2ORdQG/glibc-2.27/elf/rtld.c]
THREAD[0]_ROOT_CTXT(0):"(0x0000000000000000)"[ ]
PROCESS[23758]_ROOT_CTXT(0):"(0x0000000000000000)"[ ]
------------------------------
Bad memory access 0x7f53eb5984c0
----------malloc context----------
malloc(83):"(0x00007f53eeeff5a8)"[/build/glibc-2ORdQG/glibc-2.27/elf/dl-minimal.c]
_dl_new_object(163):"(0x00007f53eeef0433)"[/build/glibc-2ORdQG/glibc-2.27/elf/dl-object.c]
_dl_map_object_from_fd(943):"(0x00007f53eeeea9c0)"[/build/glibc-2ORdQG/glibc-2.27/elf/dl-load.c]
_dl_map_object(2389):"(0x00007f53eeeed047)"[/build/glibc-2ORdQG/glibc-2.27/elf/dl-load.c]
openaux(63):"(0x00007f53eeef235d)"[/build/glibc-2ORdQG/glibc-2.27/elf/dl-deps.c]
_dl_catch_exception(196):"(0x00007f53eeeffc99)"[/build/glibc-2ORdQG/glibc-2.27/elf/dl-error-skeleton.c]
_dl_map_object_deps(249):"(0x00007f53eeef2663)"[/build/glibc-2ORdQG/glibc-2.27/elf/dl-deps.c]
dl_main(1726):"(0x00007f53eeee7ec1)"[/build/glibc-2ORdQG/glibc-2.27/elf/rtld.c]
_dl_sysdep_start(253):"(0x00007f53eeefedfd)"[../elf/dl-sysdep.c]
_dl_start(414):"(0x00007f53eeee6123)"[/build/glibc-2ORdQG/glibc-2.27/elf/rtld.c]
_start(746):"(0x00007f53eeee5093)"[/build/glibc-2ORdQG/glibc-2.27/elf/rtld.c]
THREAD[0]_ROOT_CTXT(0):"(0x0000000000000000)"[ ]
PROCESS[23758]_ROOT_CTXT(0):"(0x0000000000000000)"[ ]
------------------------------
Bad memory access 0x7f53eb5984c8
----------malloc context----------
malloc(83):"(0x00007f53eeeff5a8)"[/build/glibc-2ORdQG/glibc-2.27/elf/dl-minimal.c]
_dl_new_object(163):"(0x00007f53eeef0433)"[/build/glibc-2ORdQG/glibc-2.27/elf/dl-object.c]
_dl_map_object_from_fd(943):"(0x00007f53eeeea9c0)"[/build/glibc-2ORdQG/glibc-2.27/elf/dl-load.c]
_dl_map_object(2389):"(0x00007f53eeeed047)"[/build/glibc-2ORdQG/glibc-2.27/elf/dl-load.c]
openaux(63):"(0x00007f53eeef235d)"[/build/glibc-2ORdQG/glibc-2.27/elf/dl-deps.c]
_dl_catch_exception(196):"(0x00007f53eeeffc99)"[/build/glibc-2ORdQG/glibc-2.27/elf/dl-error-skeleton.c]
_dl_map_object_deps(249):"(0x00007f53eeef2663)"[/build/glibc-2ORdQG/glibc-2.27/elf/dl-deps.c]
dl_main(1726):"(0x00007f53eeee7ec1)"[/build/glibc-2ORdQG/glibc-2.27/elf/rtld.c]
_dl_sysdep_start(253):"(0x00007f53eeefedfd)"[../elf/dl-sysdep.c]
_dl_start(414):"(0x00007f53eeee6123)"[/build/glibc-2ORdQG/glibc-2.27/elf/rtld.c]
_start(746):"(0x00007f53eeee5093)"[/build/glibc-2ORdQG/glibc-2.27/elf/rtld.c]
THREAD[0]_ROOT_CTXT(0):"(0x0000000000000000)"[ ]
PROCESS[23758]_ROOT_CTXT(0):"(0x0000000000000000)"[ ]
------------------------------
Bad memory access 0x7f53eb5984c8
----------malloc context----------
malloc(83):"(0x00007f53eeeff5a8)"[/build/glibc-2ORdQG/glibc-2.27/elf/dl-minimal.c]
_dl_new_object(163):"(0x00007f53eeef0433)"[/build/glibc-2ORdQG/glibc-2.27/elf/dl-object.c]
_dl_map_object_from_fd(943):"(0x00007f53eeeea9c0)"[/build/glibc-2ORdQG/glibc-2.27/elf/dl-load.c]
_dl_map_object(2389):"(0x00007f53eeeed047)"[/build/glibc-2ORdQG/glibc-2.27/elf/dl-load.c]
openaux(63):"(0x00007f53eeef235d)"[/build/glibc-2ORdQG/glibc-2.27/elf/dl-deps.c]
_dl_catch_exception(196):"(0x00007f53eeeffc99)"[/build/glibc-2ORdQG/glibc-2.27/elf/dl-error-skeleton.c]
_dl_map_object_deps(249):"(0x00007f53eeef2663)"[/build/glibc-2ORdQG/glibc-2.27/elf/dl-deps.c]
dl_main(1726):"(0x00007f53eeee7ec1)"[/build/glibc-2ORdQG/glibc-2.27/elf/rtld.c]
_dl_sysdep_start(253):"(0x00007f53eeefedfd)"[../elf/dl-sysdep.c]
_dl_start(414):"(0x00007f53eeee6123)"[/build/glibc-2ORdQG/glibc-2.27/elf/rtld.c]
_start(746):"(0x00007f53eeee5093)"[/build/glibc-2ORdQG/glibc-2.27/elf/rtld.c]
THREAD[0]_ROOT_CTXT(0):"(0x0000000000000000)"[ ]
PROCESS[23758]_ROOT_CTXT(0):"(0x0000000000000000)"[ ]
------------------------------
Bad memory access 0x7f53eb5984c0
----------malloc context----------
malloc(83):"(0x00007f53eeeff5a8)"[/build/glibc-2ORdQG/glibc-2.27/elf/dl-minimal.c]
_dl_new_object(163):"(0x00007f53eeef0433)"[/build/glibc-2ORdQG/glibc-2.27/elf/dl-object.c]
_dl_map_object_from_fd(943):"(0x00007f53eeeea9c0)"[/build/glibc-2ORdQG/glibc-2.27/elf/dl-load.c]
_dl_map_object(2389):"(0x00007f53eeeed047)"[/build/glibc-2ORdQG/glibc-2.27/elf/dl-load.c]
openaux(63):"(0x00007f53eeef235d)"[/build/glibc-2ORdQG/glibc-2.27/elf/dl-deps.c]
_dl_catch_exception(196):"(0x00007f53eeeffc99)"[/build/glibc-2ORdQG/glibc-2.27/elf/dl-error-skeleton.c]
_dl_map_object_deps(249):"(0x00007f53eeef2663)"[/build/glibc-2ORdQG/glibc-2.27/elf/dl-deps.c]
dl_main(1726):"(0x00007f53eeee7ec1)"[/build/glibc-2ORdQG/glibc-2.27/elf/rtld.c]
_dl_sysdep_start(253):"(0x00007f53eeefedfd)"[../elf/dl-sysdep.c]
_dl_start(414):"(0x00007f53eeee6123)"[/build/glibc-2ORdQG/glibc-2.27/elf/rtld.c]
_start(746):"(0x00007f53eeee5093)"[/build/glibc-2ORdQG/glibc-2.27/elf/rtld.c]
THREAD[0]_ROOT_CTXT(0):"(0x0000000000000000)"[ ]
PROCESS[23758]_ROOT_CTXT(0):"(0x0000000000000000)"[ ]
------------------------------
Bad memory access 0x7f53eb5984c0
----------malloc context----------
malloc(83):"(0x00007f53eeeff5a8)"[/build/glibc-2ORdQG/glibc-2.27/elf/dl-minimal.c]
_dl_new_object(163):"(0x00007f53eeef0433)"[/build/glibc-2ORdQG/glibc-2.27/elf/dl-object.c]
_dl_map_object_from_fd(943):"(0x00007f53eeeea9c0)"[/build/glibc-2ORdQG/glibc-2.27/elf/dl-load.c]
_dl_map_object(2389):"(0x00007f53eeeed047)"[/build/glibc-2ORdQG/glibc-2.27/elf/dl-load.c]
openaux(63):"(0x00007f53eeef235d)"[/build/glibc-2ORdQG/glibc-2.27/elf/dl-deps.c]
_dl_catch_exception(196):"(0x00007f53eeeffc99)"[/build/glibc-2ORdQG/glibc-2.27/elf/dl-error-skeleton.c]
_dl_map_object_deps(249):"(0x00007f53eeef2663)"[/build/glibc-2ORdQG/glibc-2.27/elf/dl-deps.c]
dl_main(1726):"(0x00007f53eeee7ec1)"[/build/glibc-2ORdQG/glibc-2.27/elf/rtld.c]
_dl_sysdep_start(253):"(0x00007f53eeefedfd)"[../elf/dl-sysdep.c]
_dl_start(414):"(0x00007f53eeee6123)"[/build/glibc-2ORdQG/glibc-2.27/elf/rtld.c]
_start(746):"(0x00007f53eeee5093)"[/build/glibc-2ORdQG/glibc-2.27/elf/rtld.c]
THREAD[0]_ROOT_CTXT(0):"(0x0000000000000000)"[ ]
PROCESS[23758]_ROOT_CTXT(0):"(0x0000000000000000)"[ ]
------------------------------
Bad memory access 0x7f53eb5984f0
----------malloc context----------
malloc(83):"(0x00007f53eeeff5a8)"[/build/glibc-2ORdQG/glibc-2.27/elf/dl-minimal.c]
_dl_map_object_deps(438):"(0x00007f53eeef2855)"[/build/glibc-2ORdQG/glibc-2.27/elf/dl-deps.c]
dl_main(1726):"(0x00007f53eeee7ec1)"[/build/glibc-2ORdQG/glibc-2.27/elf/rtld.c]
_dl_sysdep_start(253):"(0x00007f53eeefedfd)"[../elf/dl-sysdep.c]
_dl_start(414):"(0x00007f53eeee6123)"[/build/glibc-2ORdQG/glibc-2.27/elf/rtld.c]
_start(746):"(0x00007f53eeee5093)"[/build/glibc-2ORdQG/glibc-2.27/elf/rtld.c]
THREAD[0]_ROOT_CTXT(0):"(0x0000000000000000)"[ ]
PROCESS[23758]_ROOT_CTXT(0):"(0x0000000000000000)"[ ]
------------------------------
Bad memory access 0x7f53ef10d708
----------malloc context----------
malloc(83):"(0x00007f53eeeff5a8)"[/build/glibc-2ORdQG/glibc-2.27/elf/dl-minimal.c]
_dl_new_object(73):"(0x00007f53eeef014c)"[/build/glibc-2ORdQG/glibc-2.27/elf/dl-object.c]
dl_main(1108):"(0x00007f53eeee6ee2)"[/build/glibc-2ORdQG/glibc-2.27/elf/rtld.c]
_dl_sysdep_start(253):"(0x00007f53eeefedfd)"[../elf/dl-sysdep.c]
_dl_start(414):"(0x00007f53eeee6123)"[/build/glibc-2ORdQG/glibc-2.27/elf/rtld.c]
_start(746):"(0x00007f53eeee5093)"[/build/glibc-2ORdQG/glibc-2.27/elf/rtld.c]
THREAD[0]_ROOT_CTXT(0):"(0x0000000000000000)"[ ]
PROCESS[23758]_ROOT_CTXT(0):"(0x0000000000000000)"[ ]
------------------------------
Bad memory access 0x7f53ef10d708
----------malloc context----------
malloc(83):"(0x00007f53eeeff5a8)"[/build/glibc-2ORdQG/glibc-2.27/elf/dl-minimal.c]
_dl_new_object(73):"(0x00007f53eeef014c)"[/build/glibc-2ORdQG/glibc-2.27/elf/dl-object.c]
dl_main(1108):"(0x00007f53eeee6ee2)"[/build/glibc-2ORdQG/glibc-2.27/elf/rtld.c]
_dl_sysdep_start(253):"(0x00007f53eeefedfd)"[../elf/dl-sysdep.c]
_dl_start(414):"(0x00007f53eeee6123)"[/build/glibc-2ORdQG/glibc-2.27/elf/rtld.c]
_start(746):"(0x00007f53eeee5093)"[/build/glibc-2ORdQG/glibc-2.27/elf/rtld.c]
THREAD[0]_ROOT_CTXT(0):"(0x0000000000000000)"[ ]
PROCESS[23758]_ROOT_CTXT(0):"(0x0000000000000000)"[ ]
------------------------------
Bad memory access 0x7f53ef10dbb8
----------malloc context----------
_dl_important_hwcaps(230):"(0x00007f53eeef3b0f)"[/build/glibc-2ORdQG/glibc-2.27/elf/dl-hwcaps.c]
_dl_init_paths(636):"(0x00007f53eeeecac1)"[/build/glibc-2ORdQG/glibc-2.27/elf/dl-load.c]
dl_main(1323):"(0x00007f53eeee7c41)"[/build/glibc-2ORdQG/glibc-2.27/elf/rtld.c]
_dl_sysdep_start(253):"(0x00007f53eeefedfd)"[../elf/dl-sysdep.c]
_dl_start(414):"(0x00007f53eeee6123)"[/build/glibc-2ORdQG/glibc-2.27/elf/rtld.c]
_start(746):"(0x00007f53eeee5093)"[/build/glibc-2ORdQG/glibc-2.27/elf/rtld.c]
THREAD[0]_ROOT_CTXT(0):"(0x0000000000000000)"[ ]
PROCESS[23758]_ROOT_CTXT(0):"(0x0000000000000000)"[ ]
------------------------------
Bad memory access 0x7f53ef10dbb8
----------malloc context----------
_dl_important_hwcaps(230):"(0x00007f53eeef3b0f)"[/build/glibc-2ORdQG/glibc-2.27/elf/dl-hwcaps.c]
_dl_init_paths(636):"(0x00007f53eeeecac1)"[/build/glibc-2ORdQG/glibc-2.27/elf/dl-load.c]
dl_main(1323):"(0x00007f53eeee7c41)"[/build/glibc-2ORdQG/glibc-2.27/elf/rtld.c]
_dl_sysdep_start(253):"(0x00007f53eeefedfd)"[../elf/dl-sysdep.c]
_dl_start(414):"(0x00007f53eeee6123)"[/build/glibc-2ORdQG/glibc-2.27/elf/rtld.c]
_start(746):"(0x00007f53eeee5093)"[/build/glibc-2ORdQG/glibc-2.27/elf/rtld.c]
THREAD[0]_ROOT_CTXT(0):"(0x0000000000000000)"[ ]
PROCESS[23758]_ROOT_CTXT(0):"(0x0000000000000000)"[ ]
------------------------------
Bad memory access 0x7f53ef10ddd0
----------malloc context----------
_dl_init_paths(653):"(0x00007f53eeeecb2b)"[/build/glibc-2ORdQG/glibc-2.27/elf/dl-load.c]
dl_main(1323):"(0x00007f53eeee7c41)"[/build/glibc-2ORdQG/glibc-2.27/elf/rtld.c]
_dl_sysdep_start(253):"(0x00007f53eeefedfd)"[../elf/dl-sysdep.c]
_dl_start(414):"(0x00007f53eeee6123)"[/build/glibc-2ORdQG/glibc-2.27/elf/rtld.c]
_start(746):"(0x00007f53eeee5093)"[/build/glibc-2ORdQG/glibc-2.27/elf/rtld.c]
THREAD[0]_ROOT_CTXT(0):"(0x0000000000000000)"[ ]
PROCESS[23758]_ROOT_CTXT(0):"(0x0000000000000000)"[ ]
------------------------------
Bad memory access 0x7f53ef10ddd8
----------malloc context----------
_dl_init_paths(653):"(0x00007f53eeeecb2b)"[/build/glibc-2ORdQG/glibc-2.27/elf/dl-load.c]
dl_main(1323):"(0x00007f53eeee7c41)"[/build/glibc-2ORdQG/glibc-2.27/elf/rtld.c]
_dl_sysdep_start(253):"(0x00007f53eeefedfd)"[../elf/dl-sysdep.c]
_dl_start(414):"(0x00007f53eeee6123)"[/build/glibc-2ORdQG/glibc-2.27/elf/rtld.c]
_start(746):"(0x00007f53eeee5093)"[/build/glibc-2ORdQG/glibc-2.27/elf/rtld.c]
THREAD[0]_ROOT_CTXT(0):"(0x0000000000000000)"[ ]
PROCESS[23758]_ROOT_CTXT(0):"(0x0000000000000000)"[ ]
------------------------------
Bad memory access 0x7f53ef10ddd0
----------malloc context----------
_dl_init_paths(653):"(0x00007f53eeeecb2b)"[/build/glibc-2ORdQG/glibc-2.27/elf/dl-load.c]
dl_main(1323):"(0x00007f53eeee7c41)"[/build/glibc-2ORdQG/glibc-2.27/elf/rtld.c]
_dl_sysdep_start(253):"(0x00007f53eeefedfd)"[../elf/dl-sysdep.c]
_dl_start(414):"(0x00007f53eeee6123)"[/build/glibc-2ORdQG/glibc-2.27/elf/rtld.c]
_start(746):"(0x00007f53eeee5093)"[/build/glibc-2ORdQG/glibc-2.27/elf/rtld.c]
THREAD[0]_ROOT_CTXT(0):"(0x0000000000000000)"[ ]
PROCESS[23758]_ROOT_CTXT(0):"(0x0000000000000000)"[ ]
------------------------------
Bad memory access 0x7f53eb598498
----------malloc context----------
malloc(83):"(0x00007f53eeeff5a8)"[/build/glibc-2ORdQG/glibc-2.27/elf/dl-minimal.c]
_dl_new_object(163):"(0x00007f53eeef0433)"[/build/glibc-2ORdQG/glibc-2.27/elf/dl-object.c]
_dl_map_object_from_fd(943):"(0x00007f53eeeea9c0)"[/build/glibc-2ORdQG/glibc-2.27/elf/dl-load.c]
_dl_map_object(2389):"(0x00007f53eeeed047)"[/build/glibc-2ORdQG/glibc-2.27/elf/dl-load.c]
openaux(63):"(0x00007f53eeef235d)"[/build/glibc-2ORdQG/glibc-2.27/elf/dl-deps.c]
_dl_catch_exception(196):"(0x00007f53eeeffc99)"[/build/glibc-2ORdQG/glibc-2.27/elf/dl-error-skeleton.c]
_dl_map_object_deps(249):"(0x00007f53eeef2663)"[/build/glibc-2ORdQG/glibc-2.27/elf/dl-deps.c]
dl_main(1726):"(0x00007f53eeee7ec1)"[/build/glibc-2ORdQG/glibc-2.27/elf/rtld.c]
_dl_sysdep_start(253):"(0x00007f53eeefedfd)"[../elf/dl-sysdep.c]
_dl_start(414):"(0x00007f53eeee6123)"[/build/glibc-2ORdQG/glibc-2.27/elf/rtld.c]
_start(746):"(0x00007f53eeee5093)"[/build/glibc-2ORdQG/glibc-2.27/elf/rtld.c]
THREAD[0]_ROOT_CTXT(0):"(0x0000000000000000)"[ ]
PROCESS[23758]_ROOT_CTXT(0):"(0x0000000000000000)"[ ]
------------------------------
Bad memory access 0x7f53eb598499
----------malloc context----------
malloc(83):"(0x00007f53eeeff5a8)"[/build/glibc-2ORdQG/glibc-2.27/elf/dl-minimal.c]
_dl_new_object(163):"(0x00007f53eeef0433)"[/build/glibc-2ORdQG/glibc-2.27/elf/dl-object.c]
_dl_map_object_from_fd(943):"(0x00007f53eeeea9c0)"[/build/glibc-2ORdQG/glibc-2.27/elf/dl-load.c]
_dl_map_object(2389):"(0x00007f53eeeed047)"[/build/glibc-2ORdQG/glibc-2.27/elf/dl-load.c]
openaux(63):"(0x00007f53eeef235d)"[/build/glibc-2ORdQG/glibc-2.27/elf/dl-deps.c]
_dl_catch_exception(196):"(0x00007f53eeeffc99)"[/build/glibc-2ORdQG/glibc-2.27/elf/dl-error-skeleton.c]
_dl_map_object_deps(249):"(0x00007f53eeef2663)"[/build/glibc-2ORdQG/glibc-2.27/elf/dl-deps.c]
dl_main(1726):"(0x00007f53eeee7ec1)"[/build/glibc-2ORdQG/glibc-2.27/elf/rtld.c]
_dl_sysdep_start(253):"(0x00007f53eeefedfd)"[../elf/dl-sysdep.c]
_dl_start(414):"(0x00007f53eeee6123)"[/build/glibc-2ORdQG/glibc-2.27/elf/rtld.c]
_start(746):"(0x00007f53eeee5093)"[/build/glibc-2ORdQG/glibc-2.27/elf/rtld.c]
THREAD[0]_ROOT_CTXT(0):"(0x0000000000000000)"[ ]
PROCESS[23758]_ROOT_CTXT(0):"(0x0000000000000000)"[ ]
------------------------------
Bad memory access 0x7f53ef10d708
----------malloc context----------
malloc(83):"(0x00007f53eeeff5a8)"[/build/glibc-2ORdQG/glibc-2.27/elf/dl-minimal.c]
_dl_new_object(73):"(0x00007f53eeef014c)"[/build/glibc-2ORdQG/glibc-2.27/elf/dl-object.c]
dl_main(1108):"(0x00007f53eeee6ee2)"[/build/glibc-2ORdQG/glibc-2.27/elf/rtld.c]
_dl_sysdep_start(253):"(0x00007f53eeefedfd)"[../elf/dl-sysdep.c]
_dl_start(414):"(0x00007f53eeee6123)"[/build/glibc-2ORdQG/glibc-2.27/elf/rtld.c]
_start(746):"(0x00007f53eeee5093)"[/build/glibc-2ORdQG/glibc-2.27/elf/rtld.c]
THREAD[0]_ROOT_CTXT(0):"(0x0000000000000000)"[ ]
PROCESS[23758]_ROOT_CTXT(0):"(0x0000000000000000)"[ ]
------------------------------
Bad memory access 0x7f53ef10d708
----------malloc context----------
malloc(83):"(0x00007f53eeeff5a8)"[/build/glibc-2ORdQG/glibc-2.27/elf/dl-minimal.c]
_dl_new_object(73):"(0x00007f53eeef014c)"[/build/glibc-2ORdQG/glibc-2.27/elf/dl-object.c]
dl_main(1108):"(0x00007f53eeee6ee2)"[/build/glibc-2ORdQG/glibc-2.27/elf/rtld.c]
_dl_sysdep_start(253):"(0x00007f53eeefedfd)"[../elf/dl-sysdep.c]
_dl_start(414):"(0x00007f53eeee6123)"[/build/glibc-2ORdQG/glibc-2.27/elf/rtld.c]
_start(746):"(0x00007f53eeee5093)"[/build/glibc-2ORdQG/glibc-2.27/elf/rtld.c]
THREAD[0]_ROOT_CTXT(0):"(0x0000000000000000)"[ ]
PROCESS[23758]_ROOT_CTXT(0):"(0x0000000000000000)"[ ]
------------------------------
Bad memory access 0x7f53ef10dbb8
----------malloc context----------
_dl_important_hwcaps(230):"(0x00007f53eeef3b0f)"[/build/glibc-2ORdQG/glibc-2.27/elf/dl-hwcaps.c]
_dl_init_paths(636):"(0x00007f53eeeecac1)"[/build/glibc-2ORdQG/glibc-2.27/elf/dl-load.c]
dl_main(1323):"(0x00007f53eeee7c41)"[/build/glibc-2ORdQG/glibc-2.27/elf/rtld.c]
_dl_sysdep_start(253):"(0x00007f53eeefedfd)"[../elf/dl-sysdep.c]
_dl_start(414):"(0x00007f53eeee6123)"[/build/glibc-2ORdQG/glibc-2.27/elf/rtld.c]
_start(746):"(0x00007f53eeee5093)"[/build/glibc-2ORdQG/glibc-2.27/elf/rtld.c]
THREAD[0]_ROOT_CTXT(0):"(0x0000000000000000)"[ ]
PROCESS[23758]_ROOT_CTXT(0):"(0x0000000000000000)"[ ]
------------------------------
Bad memory access 0x7f53ef10dbb8
----------malloc context----------
_dl_important_hwcaps(230):"(0x00007f53eeef3b0f)"[/build/glibc-2ORdQG/glibc-2.27/elf/dl-hwcaps.c]
_dl_init_paths(636):"(0x00007f53eeeecac1)"[/build/glibc-2ORdQG/glibc-2.27/elf/dl-load.c]
dl_main(1323):"(0x00007f53eeee7c41)"[/build/glibc-2ORdQG/glibc-2.27/elf/rtld.c]
_dl_sysdep_start(253):"(0x00007f53eeefedfd)"[../elf/dl-sysdep.c]
_dl_start(414):"(0x00007f53eeee6123)"[/build/glibc-2ORdQG/glibc-2.27/elf/rtld.c]
_start(746):"(0x00007f53eeee5093)"[/build/glibc-2ORdQG/glibc-2.27/elf/rtld.c]
THREAD[0]_ROOT_CTXT(0):"(0x0000000000000000)"[ ]
PROCESS[23758]_ROOT_CTXT(0):"(0x0000000000000000)"[ ]
------------------------------
Bad memory access 0x7f53ef10ddd0
----------malloc context----------
_dl_init_paths(653):"(0x00007f53eeeecb2b)"[/build/glibc-2ORdQG/glibc-2.27/elf/dl-load.c]
dl_main(1323):"(0x00007f53eeee7c41)"[/build/glibc-2ORdQG/glibc-2.27/elf/rtld.c]
_dl_sysdep_start(253):"(0x00007f53eeefedfd)"[../elf/dl-sysdep.c]
_dl_start(414):"(0x00007f53eeee6123)"[/build/glibc-2ORdQG/glibc-2.27/elf/rtld.c]
_start(746):"(0x00007f53eeee5093)"[/build/glibc-2ORdQG/glibc-2.27/elf/rtld.c]
THREAD[0]_ROOT_CTXT(0):"(0x0000000000000000)"[ ]
PROCESS[23758]_ROOT_CTXT(0):"(0x0000000000000000)"[ ]
------------------------------
Bad memory access 0x7f53ef10ddd8
----------malloc context----------
_dl_init_paths(653):"(0x00007f53eeeecb2b)"[/build/glibc-2ORdQG/glibc-2.27/elf/dl-load.c]
dl_main(1323):"(0x00007f53eeee7c41)"[/build/glibc-2ORdQG/glibc-2.27/elf/rtld.c]
_dl_sysdep_start(253):"(0x00007f53eeefedfd)"[../elf/dl-sysdep.c]
_dl_start(414):"(0x00007f53eeee6123)"[/build/glibc-2ORdQG/glibc-2.27/elf/rtld.c]
_start(746):"(0x00007f53eeee5093)"[/build/glibc-2ORdQG/glibc-2.27/elf/rtld.c]
THREAD[0]_ROOT_CTXT(0):"(0x0000000000000000)"[ ]
PROCESS[23758]_ROOT_CTXT(0):"(0x0000000000000000)"[ ]
------------------------------
Bad memory access 0x7f53ef10ddd0
----------malloc context----------
_dl_init_paths(653):"(0x00007f53eeeecb2b)"[/build/glibc-2ORdQG/glibc-2.27/elf/dl-load.c]
dl_main(1323):"(0x00007f53eeee7c41)"[/build/glibc-2ORdQG/glibc-2.27/elf/rtld.c]
_dl_sysdep_start(253):"(0x00007f53eeefedfd)"[../elf/dl-sysdep.c]
_dl_start(414):"(0x00007f53eeee6123)"[/build/glibc-2ORdQG/glibc-2.27/elf/rtld.c]
_start(746):"(0x00007f53eeee5093)"[/build/glibc-2ORdQG/glibc-2.27/elf/rtld.c]
THREAD[0]_ROOT_CTXT(0):"(0x0000000000000000)"[ ]
PROCESS[23758]_ROOT_CTXT(0):"(0x0000000000000000)"[ ]
------------------------------
Bad memory access 0x7f53eb598498
----------malloc context----------
malloc(83):"(0x00007f53eeeff5a8)"[/build/glibc-2ORdQG/glibc-2.27/elf/dl-minimal.c]
_dl_new_object(163):"(0x00007f53eeef0433)"[/build/glibc-2ORdQG/glibc-2.27/elf/dl-object.c]
_dl_map_object_from_fd(943):"(0x00007f53eeeea9c0)"[/build/glibc-2ORdQG/glibc-2.27/elf/dl-load.c]
_dl_map_object(2389):"(0x00007f53eeeed047)"[/build/glibc-2ORdQG/glibc-2.27/elf/dl-load.c]
openaux(63):"(0x00007f53eeef235d)"[/build/glibc-2ORdQG/glibc-2.27/elf/dl-deps.c]
_dl_catch_exception(196):"(0x00007f53eeeffc99)"[/build/glibc-2ORdQG/glibc-2.27/elf/dl-error-skeleton.c]
_dl_map_object_deps(249):"(0x00007f53eeef2663)"[/build/glibc-2ORdQG/glibc-2.27/elf/dl-deps.c]
dl_main(1726):"(0x00007f53eeee7ec1)"[/build/glibc-2ORdQG/glibc-2.27/elf/rtld.c]
_dl_sysdep_start(253):"(0x00007f53eeefedfd)"[../elf/dl-sysdep.c]
_dl_start(414):"(0x00007f53eeee6123)"[/build/glibc-2ORdQG/glibc-2.27/elf/rtld.c]
_start(746):"(0x00007f53eeee5093)"[/build/glibc-2ORdQG/glibc-2.27/elf/rtld.c]
THREAD[0]_ROOT_CTXT(0):"(0x0000000000000000)"[ ]
PROCESS[23758]_ROOT_CTXT(0):"(0x0000000000000000)"[ ]
------------------------------
Bad memory access 0x7f53ef10ddd0
----------malloc context----------
_dl_init_paths(653):"(0x00007f53eeeecb2b)"[/build/glibc-2ORdQG/glibc-2.27/elf/dl-load.c]
dl_main(1323):"(0x00007f53eeee7c41)"[/build/glibc-2ORdQG/glibc-2.27/elf/rtld.c]
_dl_sysdep_start(253):"(0x00007f53eeefedfd)"[../elf/dl-sysdep.c]
_dl_start(414):"(0x00007f53eeee6123)"[/build/glibc-2ORdQG/glibc-2.27/elf/rtld.c]
_start(746):"(0x00007f53eeee5093)"[/build/glibc-2ORdQG/glibc-2.27/elf/rtld.c]
THREAD[0]_ROOT_CTXT(0):"(0x0000000000000000)"[ ]
PROCESS[23758]_ROOT_CTXT(0):"(0x0000000000000000)"[ ]
------------------------------
Bad memory access 0x7f53ef10ddd0
----------malloc context----------
_dl_init_paths(653):"(0x00007f53eeeecb2b)"[/build/glibc-2ORdQG/glibc-2.27/elf/dl-load.c]
dl_main(1323):"(0x00007f53eeee7c41)"[/build/glibc-2ORdQG/glibc-2.27/elf/rtld.c]
_dl_sysdep_start(253):"(0x00007f53eeefedfd)"[../elf/dl-sysdep.c]
_dl_start(414):"(0x00007f53eeee6123)"[/build/glibc-2ORdQG/glibc-2.27/elf/rtld.c]
_start(746):"(0x00007f53eeee5093)"[/build/glibc-2ORdQG/glibc-2.27/elf/rtld.c]
THREAD[0]_ROOT_CTXT(0):"(0x0000000000000000)"[ ]
PROCESS[23758]_ROOT_CTXT(0):"(0x0000000000000000)"[ ]
------------------------------
Bad memory access 0x7f53eb598968
----------malloc context----------
_dl_check_map_versions(273):"(0x00007f53eeef5ed9)"[/build/glibc-2ORdQG/glibc-2.27/elf/dl-version.c]
_dl_check_all_versions(368):"(0x00007f53eeef6169)"[/build/glibc-2ORdQG/glibc-2.27/elf/dl-version.c]
version_check_doit(623):"(0x00007f53eeee5e73)"[/build/glibc-2ORdQG/glibc-2.27/elf/rtld.c]
_dl_receive_error(234):"(0x00007f53eeeffd69)"[/build/glibc-2ORdQG/glibc-2.27/elf/dl-error-skeleton.c]
dl_main(1789):"(0x00007f53eeee7ffe)"[/build/glibc-2ORdQG/glibc-2.27/elf/rtld.c]
_dl_sysdep_start(253):"(0x00007f53eeefedfd)"[../elf/dl-sysdep.c]
_dl_start(414):"(0x00007f53eeee6123)"[/build/glibc-2ORdQG/glibc-2.27/elf/rtld.c]
_start(746):"(0x00007f53eeee5093)"[/build/glibc-2ORdQG/glibc-2.27/elf/rtld.c]
THREAD[0]_ROOT_CTXT(0):"(0x0000000000000000)"[ ]
PROCESS[23758]_ROOT_CTXT(0):"(0x0000000000000000)"[ ]
------------------------------
Bad memory access 0x7f53eb598960
----------malloc context----------
_dl_check_map_versions(273):"(0x00007f53eeef5ed9)"[/build/glibc-2ORdQG/glibc-2.27/elf/dl-version.c]
_dl_check_all_versions(368):"(0x00007f53eeef6169)"[/build/glibc-2ORdQG/glibc-2.27/elf/dl-version.c]
version_check_doit(623):"(0x00007f53eeee5e73)"[/build/glibc-2ORdQG/glibc-2.27/elf/rtld.c]
_dl_receive_error(234):"(0x00007f53eeeffd69)"[/build/glibc-2ORdQG/glibc-2.27/elf/dl-error-skeleton.c]
dl_main(1789):"(0x00007f53eeee7ffe)"[/build/glibc-2ORdQG/glibc-2.27/elf/rtld.c]
_dl_sysdep_start(253):"(0x00007f53eeefedfd)"[../elf/dl-sysdep.c]
_dl_start(414):"(0x00007f53eeee6123)"[/build/glibc-2ORdQG/glibc-2.27/elf/rtld.c]
_start(746):"(0x00007f53eeee5093)"[/build/glibc-2ORdQG/glibc-2.27/elf/rtld.c]
THREAD[0]_ROOT_CTXT(0):"(0x0000000000000000)"[ ]
PROCESS[23758]_ROOT_CTXT(0):"(0x0000000000000000)"[ ]
------------------------------
Bad memory access 0x7f53eb598968
----------malloc context----------
_dl_check_map_versions(273):"(0x00007f53eeef5ed9)"[/build/glibc-2ORdQG/glibc-2.27/elf/dl-version.c]
_dl_check_all_versions(368):"(0x00007f53eeef6169)"[/build/glibc-2ORdQG/glibc-2.27/elf/dl-version.c]
version_check_doit(623):"(0x00007f53eeee5e73)"[/build/glibc-2ORdQG/glibc-2.27/elf/rtld.c]
_dl_receive_error(234):"(0x00007f53eeeffd69)"[/build/glibc-2ORdQG/glibc-2.27/elf/dl-error-skeleton.c]
dl_main(1789):"(0x00007f53eeee7ffe)"[/build/glibc-2ORdQG/glibc-2.27/elf/rtld.c]
_dl_sysdep_start(253):"(0x00007f53eeefedfd)"[../elf/dl-sysdep.c]
_dl_start(414):"(0x00007f53eeee6123)"[/build/glibc-2ORdQG/glibc-2.27/elf/rtld.c]
_start(746):"(0x00007f53eeee5093)"[/build/glibc-2ORdQG/glibc-2.27/elf/rtld.c]
THREAD[0]_ROOT_CTXT(0):"(0x0000000000000000)"[ ]
PROCESS[23758]_ROOT_CTXT(0):"(0x0000000000000000)"[ ]
------------------------------
Bad memory access 0x7f53eb598960
----------malloc context----------
_dl_check_map_versions(273):"(0x00007f53eeef5ed9)"[/build/glibc-2ORdQG/glibc-2.27/elf/dl-version.c]
_dl_check_all_versions(368):"(0x00007f53eeef6169)"[/build/glibc-2ORdQG/glibc-2.27/elf/dl-version.c]
version_check_doit(623):"(0x00007f53eeee5e73)"[/build/glibc-2ORdQG/glibc-2.27/elf/rtld.c]
_dl_receive_error(234):"(0x00007f53eeeffd69)"[/build/glibc-2ORdQG/glibc-2.27/elf/dl-error-skeleton.c]
dl_main(1789):"(0x00007f53eeee7ffe)"[/build/glibc-2ORdQG/glibc-2.27/elf/rtld.c]
_dl_sysdep_start(253):"(0x00007f53eeefedfd)"[../elf/dl-sysdep.c]
_dl_start(414):"(0x00007f53eeee6123)"[/build/glibc-2ORdQG/glibc-2.27/elf/rtld.c]
_start(746):"(0x00007f53eeee5093)"[/build/glibc-2ORdQG/glibc-2.27/elf/rtld.c]
THREAD[0]_ROOT_CTXT(0):"(0x0000000000000000)"[ ]
PROCESS[23758]_ROOT_CTXT(0):"(0x0000000000000000)"[ ]
------------------------------
Bad memory access 0x7f53eb599e00
----------malloc context----------
malloc(83):"(0x00007f53eeeff5a8)"[/build/glibc-2ORdQG/glibc-2.27/elf/dl-minimal.c]
_dl_allocate_tls_storage(346):"(0x00007f53eeef70f7)"[../elf/dl-tls.c]
init_tls(730):"(0x00007f53eeee4fd7)"[/build/glibc-2ORdQG/glibc-2.27/elf/rtld.c]
dl_main(1801):"(0x00007f53eeee801a)"[/build/glibc-2ORdQG/glibc-2.27/elf/rtld.c]
_dl_sysdep_start(253):"(0x00007f53eeefedfd)"[../elf/dl-sysdep.c]
_dl_start(414):"(0x00007f53eeee6123)"[/build/glibc-2ORdQG/glibc-2.27/elf/rtld.c]
_start(746):"(0x00007f53eeee5093)"[/build/glibc-2ORdQG/glibc-2.27/elf/rtld.c]
THREAD[0]_ROOT_CTXT(0):"(0x0000000000000000)"[ ]
PROCESS[23758]_ROOT_CTXT(0):"(0x0000000000000000)"[ ]
------------------------------
Bad memory access 0x7f53ef10d708
----------malloc context----------
malloc(83):"(0x00007f53eeeff5a8)"[/build/glibc-2ORdQG/glibc-2.27/elf/dl-minimal.c]
_dl_new_object(73):"(0x00007f53eeef014c)"[/build/glibc-2ORdQG/glibc-2.27/elf/dl-object.c]
dl_main(1108):"(0x00007f53eeee6ee2)"[/build/glibc-2ORdQG/glibc-2.27/elf/rtld.c]
_dl_sysdep_start(253):"(0x00007f53eeefedfd)"[../elf/dl-sysdep.c]
_dl_start(414):"(0x00007f53eeee6123)"[/build/glibc-2ORdQG/glibc-2.27/elf/rtld.c]
_start(746):"(0x00007f53eeee5093)"[/build/glibc-2ORdQG/glibc-2.27/elf/rtld.c]
THREAD[0]_ROOT_CTXT(0):"(0x0000000000000000)"[ ]
PROCESS[23758]_ROOT_CTXT(0):"(0x0000000000000000)"[ ]
------------------------------
Bad memory access 0x7f53ef10d708
----------malloc context----------
malloc(83):"(0x00007f53eeeff5a8)"[/build/glibc-2ORdQG/glibc-2.27/elf/dl-minimal.c]
_dl_new_object(73):"(0x00007f53eeef014c)"[/build/glibc-2ORdQG/glibc-2.27/elf/dl-object.c]
dl_main(1108):"(0x00007f53eeee6ee2)"[/build/glibc-2ORdQG/glibc-2.27/elf/rtld.c]
_dl_sysdep_start(253):"(0x00007f53eeefedfd)"[../elf/dl-sysdep.c]
_dl_start(414):"(0x00007f53eeee6123)"[/build/glibc-2ORdQG/glibc-2.27/elf/rtld.c]
_start(746):"(0x00007f53eeee5093)"[/build/glibc-2ORdQG/glibc-2.27/elf/rtld.c]
THREAD[0]_ROOT_CTXT(0):"(0x0000000000000000)"[ ]
PROCESS[23758]_ROOT_CTXT(0):"(0x0000000000000000)"[ ]
------------------------------
Bad memory access 0x7f53ef10ddd0
----------malloc context----------
_dl_init_paths(653):"(0x00007f53eeeecb2b)"[/build/glibc-2ORdQG/glibc-2.27/elf/dl-load.c]
dl_main(1323):"(0x00007f53eeee7c41)"[/build/glibc-2ORdQG/glibc-2.27/elf/rtld.c]
_dl_sysdep_start(253):"(0x00007f53eeefedfd)"[../elf/dl-sysdep.c]
_dl_start(414):"(0x00007f53eeee6123)"[/build/glibc-2ORdQG/glibc-2.27/elf/rtld.c]
_start(746):"(0x00007f53eeee5093)"[/build/glibc-2ORdQG/glibc-2.27/elf/rtld.c]
THREAD[0]_ROOT_CTXT(0):"(0x0000000000000000)"[ ]
PROCESS[23758]_ROOT_CTXT(0):"(0x0000000000000000)"[ ]
------------------------------
Bad memory access 0x7f53ef10ddd8
----------malloc context----------
_dl_init_paths(653):"(0x00007f53eeeecb2b)"[/build/glibc-2ORdQG/glibc-2.27/elf/dl-load.c]
dl_main(1323):"(0x00007f53eeee7c41)"[/build/glibc-2ORdQG/glibc-2.27/elf/rtld.c]
_dl_sysdep_start(253):"(0x00007f53eeefedfd)"[../elf/dl-sysdep.c]
_dl_start(414):"(0x00007f53eeee6123)"[/build/glibc-2ORdQG/glibc-2.27/elf/rtld.c]
_start(746):"(0x00007f53eeee5093)"[/build/glibc-2ORdQG/glibc-2.27/elf/rtld.c]
THREAD[0]_ROOT_CTXT(0):"(0x0000000000000000)"[ ]
PROCESS[23758]_ROOT_CTXT(0):"(0x0000000000000000)"[ ]
------------------------------
Bad memory access 0x7f53ef10ddd0
----------malloc context----------
_dl_init_paths(653):"(0x00007f53eeeecb2b)"[/build/glibc-2ORdQG/glibc-2.27/elf/dl-load.c]
dl_main(1323):"(0x00007f53eeee7c41)"[/build/glibc-2ORdQG/glibc-2.27/elf/rtld.c]
_dl_sysdep_start(253):"(0x00007f53eeefedfd)"[../elf/dl-sysdep.c]
_dl_start(414):"(0x00007f53eeee6123)"[/build/glibc-2ORdQG/glibc-2.27/elf/rtld.c]
_start(746):"(0x00007f53eeee5093)"[/build/glibc-2ORdQG/glibc-2.27/elf/rtld.c]
THREAD[0]_ROOT_CTXT(0):"(0x0000000000000000)"[ ]
PROCESS[23758]_ROOT_CTXT(0):"(0x0000000000000000)"[ ]
------------------------------
Bad memory access 0x7f53eb598498
----------malloc context----------
malloc(83):"(0x00007f53eeeff5a8)"[/build/glibc-2ORdQG/glibc-2.27/elf/dl-minimal.c]
_dl_new_object(163):"(0x00007f53eeef0433)"[/build/glibc-2ORdQG/glibc-2.27/elf/dl-object.c]
_dl_map_object_from_fd(943):"(0x00007f53eeeea9c0)"[/build/glibc-2ORdQG/glibc-2.27/elf/dl-load.c]
_dl_map_object(2389):"(0x00007f53eeeed047)"[/build/glibc-2ORdQG/glibc-2.27/elf/dl-load.c]
openaux(63):"(0x00007f53eeef235d)"[/build/glibc-2ORdQG/glibc-2.27/elf/dl-deps.c]
_dl_catch_exception(196):"(0x00007f53eeeffc99)"[/build/glibc-2ORdQG/glibc-2.27/elf/dl-error-skeleton.c]
_dl_map_object_deps(249):"(0x00007f53eeef2663)"[/build/glibc-2ORdQG/glibc-2.27/elf/dl-deps.c]
dl_main(1726):"(0x00007f53eeee7ec1)"[/build/glibc-2ORdQG/glibc-2.27/elf/rtld.c]
_dl_sysdep_start(253):"(0x00007f53eeefedfd)"[../elf/dl-sysdep.c]
_dl_start(414):"(0x00007f53eeee6123)"[/build/glibc-2ORdQG/glibc-2.27/elf/rtld.c]
_start(746):"(0x00007f53eeee5093)"[/build/glibc-2ORdQG/glibc-2.27/elf/rtld.c]
THREAD[0]_ROOT_CTXT(0):"(0x0000000000000000)"[ ]
PROCESS[23758]_ROOT_CTXT(0):"(0x0000000000000000)"[ ]
------------------------------
Bad memory access 0x7f53ef10d708
----------malloc context----------
malloc(83):"(0x00007f53eeeff5a8)"[/build/glibc-2ORdQG/glibc-2.27/elf/dl-minimal.c]
_dl_new_object(73):"(0x00007f53eeef014c)"[/build/glibc-2ORdQG/glibc-2.27/elf/dl-object.c]
dl_main(1108):"(0x00007f53eeee6ee2)"[/build/glibc-2ORdQG/glibc-2.27/elf/rtld.c]
_dl_sysdep_start(253):"(0x00007f53eeefedfd)"[../elf/dl-sysdep.c]
_dl_start(414):"(0x00007f53eeee6123)"[/build/glibc-2ORdQG/glibc-2.27/elf/rtld.c]
_start(746):"(0x00007f53eeee5093)"[/build/glibc-2ORdQG/glibc-2.27/elf/rtld.c]
THREAD[0]_ROOT_CTXT(0):"(0x0000000000000000)"[ ]
PROCESS[23758]_ROOT_CTXT(0):"(0x0000000000000000)"[ ]
------------------------------
Bad memory access 0x7f53ef10d708
----------malloc context----------
malloc(83):"(0x00007f53eeeff5a8)"[/build/glibc-2ORdQG/glibc-2.27/elf/dl-minimal.c]
_dl_new_object(73):"(0x00007f53eeef014c)"[/build/glibc-2ORdQG/glibc-2.27/elf/dl-object.c]
dl_main(1108):"(0x00007f53eeee6ee2)"[/build/glibc-2ORdQG/glibc-2.27/elf/rtld.c]
_dl_sysdep_start(253):"(0x00007f53eeefedfd)"[../elf/dl-sysdep.c]
_dl_start(414):"(0x00007f53eeee6123)"[/build/glibc-2ORdQG/glibc-2.27/elf/rtld.c]
_start(746):"(0x00007f53eeee5093)"[/build/glibc-2ORdQG/glibc-2.27/elf/rtld.c]
THREAD[0]_ROOT_CTXT(0):"(0x0000000000000000)"[ ]
PROCESS[23758]_ROOT_CTXT(0):"(0x0000000000000000)"[ ]
------------------------------
Bad memory access 0x7f53ef10ddd0
----------malloc context----------
_dl_init_paths(653):"(0x00007f53eeeecb2b)"[/build/glibc-2ORdQG/glibc-2.27/elf/dl-load.c]
dl_main(1323):"(0x00007f53eeee7c41)"[/build/glibc-2ORdQG/glibc-2.27/elf/rtld.c]
_dl_sysdep_start(253):"(0x00007f53eeefedfd)"[../elf/dl-sysdep.c]
_dl_start(414):"(0x00007f53eeee6123)"[/build/glibc-2ORdQG/glibc-2.27/elf/rtld.c]
_start(746):"(0x00007f53eeee5093)"[/build/glibc-2ORdQG/glibc-2.27/elf/rtld.c]
THREAD[0]_ROOT_CTXT(0):"(0x0000000000000000)"[ ]
PROCESS[23758]_ROOT_CTXT(0):"(0x0000000000000000)"[ ]
------------------------------
Bad memory access 0x7f53ef10ddd8
----------malloc context----------
_dl_init_paths(653):"(0x00007f53eeeecb2b)"[/build/glibc-2ORdQG/glibc-2.27/elf/dl-load.c]
dl_main(1323):"(0x00007f53eeee7c41)"[/build/glibc-2ORdQG/glibc-2.27/elf/rtld.c]
_dl_sysdep_start(253):"(0x00007f53eeefedfd)"[../elf/dl-sysdep.c]
_dl_start(414):"(0x00007f53eeee6123)"[/build/glibc-2ORdQG/glibc-2.27/elf/rtld.c]
_start(746):"(0x00007f53eeee5093)"[/build/glibc-2ORdQG/glibc-2.27/elf/rtld.c]
THREAD[0]_ROOT_CTXT(0):"(0x0000000000000000)"[ ]
PROCESS[23758]_ROOT_CTXT(0):"(0x0000000000000000)"[ ]
------------------------------
Bad memory access 0x7f53ef10ddd0
----------malloc context----------
_dl_init_paths(653):"(0x00007f53eeeecb2b)"[/build/glibc-2ORdQG/glibc-2.27/elf/dl-load.c]
dl_main(1323):"(0x00007f53eeee7c41)"[/build/glibc-2ORdQG/glibc-2.27/elf/rtld.c]
_dl_sysdep_start(253):"(0x00007f53eeefedfd)"[../elf/dl-sysdep.c]
_dl_start(414):"(0x00007f53eeee6123)"[/build/glibc-2ORdQG/glibc-2.27/elf/rtld.c]
_start(746):"(0x00007f53eeee5093)"[/build/glibc-2ORdQG/glibc-2.27/elf/rtld.c]
THREAD[0]_ROOT_CTXT(0):"(0x0000000000000000)"[ ]
PROCESS[23758]_ROOT_CTXT(0):"(0x0000000000000000)"[ ]
------------------------------
Bad memory access 0x7f53eb598498
----------malloc context----------
malloc(83):"(0x00007f53eeeff5a8)"[/build/glibc-2ORdQG/glibc-2.27/elf/dl-minimal.c]
_dl_new_object(163):"(0x00007f53eeef0433)"[/build/glibc-2ORdQG/glibc-2.27/elf/dl-object.c]
_dl_map_object_from_fd(943):"(0x00007f53eeeea9c0)"[/build/glibc-2ORdQG/glibc-2.27/elf/dl-load.c]
_dl_map_object(2389):"(0x00007f53eeeed047)"[/build/glibc-2ORdQG/glibc-2.27/elf/dl-load.c]
openaux(63):"(0x00007f53eeef235d)"[/build/glibc-2ORdQG/glibc-2.27/elf/dl-deps.c]
_dl_catch_exception(196):"(0x00007f53eeeffc99)"[/build/glibc-2ORdQG/glibc-2.27/elf/dl-error-skeleton.c]
_dl_map_object_deps(249):"(0x00007f53eeef2663)"[/build/glibc-2ORdQG/glibc-2.27/elf/dl-deps.c]
dl_main(1726):"(0x00007f53eeee7ec1)"[/build/glibc-2ORdQG/glibc-2.27/elf/rtld.c]
_dl_sysdep_start(253):"(0x00007f53eeefedfd)"[../elf/dl-sysdep.c]
_dl_start(414):"(0x00007f53eeee6123)"[/build/glibc-2ORdQG/glibc-2.27/elf/rtld.c]
_start(746):"(0x00007f53eeee5093)"[/build/glibc-2ORdQG/glibc-2.27/elf/rtld.c]
THREAD[0]_ROOT_CTXT(0):"(0x0000000000000000)"[ ]
PROCESS[23758]_ROOT_CTXT(0):"(0x0000000000000000)"[ ]
------------------------------
Bad memory access 0x7f53ef10d708
----------malloc context----------
malloc(83):"(0x00007f53eeeff5a8)"[/build/glibc-2ORdQG/glibc-2.27/elf/dl-minimal.c]
_dl_new_object(73):"(0x00007f53eeef014c)"[/build/glibc-2ORdQG/glibc-2.27/elf/dl-object.c]
dl_main(1108):"(0x00007f53eeee6ee2)"[/build/glibc-2ORdQG/glibc-2.27/elf/rtld.c]
_dl_sysdep_start(253):"(0x00007f53eeefedfd)"[../elf/dl-sysdep.c]
_dl_start(414):"(0x00007f53eeee6123)"[/build/glibc-2ORdQG/glibc-2.27/elf/rtld.c]
_start(746):"(0x00007f53eeee5093)"[/build/glibc-2ORdQG/glibc-2.27/elf/rtld.c]
THREAD[0]_ROOT_CTXT(0):"(0x0000000000000000)"[ ]
PROCESS[23758]_ROOT_CTXT(0):"(0x0000000000000000)"[ ]
------------------------------
Bad memory access 0x7f53ef10d708
----------malloc context----------
malloc(83):"(0x00007f53eeeff5a8)"[/build/glibc-2ORdQG/glibc-2.27/elf/dl-minimal.c]
_dl_new_object(73):"(0x00007f53eeef014c)"[/build/glibc-2ORdQG/glibc-2.27/elf/dl-object.c]
dl_main(1108):"(0x00007f53eeee6ee2)"[/build/glibc-2ORdQG/glibc-2.27/elf/rtld.c]
_dl_sysdep_start(253):"(0x00007f53eeefedfd)"[../elf/dl-sysdep.c]
_dl_start(414):"(0x00007f53eeee6123)"[/build/glibc-2ORdQG/glibc-2.27/elf/rtld.c]
_start(746):"(0x00007f53eeee5093)"[/build/glibc-2ORdQG/glibc-2.27/elf/rtld.c]
THREAD[0]_ROOT_CTXT(0):"(0x0000000000000000)"[ ]
PROCESS[23758]_ROOT_CTXT(0):"(0x0000000000000000)"[ ]
------------------------------
Bad memory access 0x7f53ef10ddd0
----------malloc context----------
_dl_init_paths(653):"(0x00007f53eeeecb2b)"[/build/glibc-2ORdQG/glibc-2.27/elf/dl-load.c]
dl_main(1323):"(0x00007f53eeee7c41)"[/build/glibc-2ORdQG/glibc-2.27/elf/rtld.c]
_dl_sysdep_start(253):"(0x00007f53eeefedfd)"[../elf/dl-sysdep.c]
_dl_start(414):"(0x00007f53eeee6123)"[/build/glibc-2ORdQG/glibc-2.27/elf/rtld.c]
_start(746):"(0x00007f53eeee5093)"[/build/glibc-2ORdQG/glibc-2.27/elf/rtld.c]
THREAD[0]_ROOT_CTXT(0):"(0x0000000000000000)"[ ]
PROCESS[23758]_ROOT_CTXT(0):"(0x0000000000000000)"[ ]
------------------------------
Bad memory access 0x7f53ef10ddd8
----------malloc context----------
_dl_init_paths(653):"(0x00007f53eeeecb2b)"[/build/glibc-2ORdQG/glibc-2.27/elf/dl-load.c]
dl_main(1323):"(0x00007f53eeee7c41)"[/build/glibc-2ORdQG/glibc-2.27/elf/rtld.c]
_dl_sysdep_start(253):"(0x00007f53eeefedfd)"[../elf/dl-sysdep.c]
_dl_start(414):"(0x00007f53eeee6123)"[/build/glibc-2ORdQG/glibc-2.27/elf/rtld.c]
_start(746):"(0x00007f53eeee5093)"[/build/glibc-2ORdQG/glibc-2.27/elf/rtld.c]
THREAD[0]_ROOT_CTXT(0):"(0x0000000000000000)"[ ]
PROCESS[23758]_ROOT_CTXT(0):"(0x0000000000000000)"[ ]
------------------------------
Bad memory access 0x7f53ef10ddd0
----------malloc context----------
_dl_init_paths(653):"(0x00007f53eeeecb2b)"[/build/glibc-2ORdQG/glibc-2.27/elf/dl-load.c]
dl_main(1323):"(0x00007f53eeee7c41)"[/build/glibc-2ORdQG/glibc-2.27/elf/rtld.c]
_dl_sysdep_start(253):"(0x00007f53eeefedfd)"[../elf/dl-sysdep.c]
_dl_start(414):"(0x00007f53eeee6123)"[/build/glibc-2ORdQG/glibc-2.27/elf/rtld.c]
_start(746):"(0x00007f53eeee5093)"[/build/glibc-2ORdQG/glibc-2.27/elf/rtld.c]
THREAD[0]_ROOT_CTXT(0):"(0x0000000000000000)"[ ]
PROCESS[23758]_ROOT_CTXT(0):"(0x0000000000000000)"[ ]
------------------------------
Bad memory access 0x7f53eb598498
----------malloc context----------
malloc(83):"(0x00007f53eeeff5a8)"[/build/glibc-2ORdQG/glibc-2.27/elf/dl-minimal.c]
_dl_new_object(163):"(0x00007f53eeef0433)"[/build/glibc-2ORdQG/glibc-2.27/elf/dl-object.c]
_dl_map_object_from_fd(943):"(0x00007f53eeeea9c0)"[/build/glibc-2ORdQG/glibc-2.27/elf/dl-load.c]
_dl_map_object(2389):"(0x00007f53eeeed047)"[/build/glibc-2ORdQG/glibc-2.27/elf/dl-load.c]
openaux(63):"(0x00007f53eeef235d)"[/build/glibc-2ORdQG/glibc-2.27/elf/dl-deps.c]
_dl_catch_exception(196):"(0x00007f53eeeffc99)"[/build/glibc-2ORdQG/glibc-2.27/elf/dl-error-skeleton.c]
_dl_map_object_deps(249):"(0x00007f53eeef2663)"[/build/glibc-2ORdQG/glibc-2.27/elf/dl-deps.c]
dl_main(1726):"(0x00007f53eeee7ec1)"[/build/glibc-2ORdQG/glibc-2.27/elf/rtld.c]
_dl_sysdep_start(253):"(0x00007f53eeefedfd)"[../elf/dl-sysdep.c]
_dl_start(414):"(0x00007f53eeee6123)"[/build/glibc-2ORdQG/glibc-2.27/elf/rtld.c]
_start(746):"(0x00007f53eeee5093)"[/build/glibc-2ORdQG/glibc-2.27/elf/rtld.c]
THREAD[0]_ROOT_CTXT(0):"(0x0000000000000000)"[ ]
PROCESS[23758]_ROOT_CTXT(0):"(0x0000000000000000)"[ ]
------------------------------
Bad memory access 0x7f53ef10d708
----------malloc context----------
malloc(83):"(0x00007f53eeeff5a8)"[/build/glibc-2ORdQG/glibc-2.27/elf/dl-minimal.c]
_dl_new_object(73):"(0x00007f53eeef014c)"[/build/glibc-2ORdQG/glibc-2.27/elf/dl-object.c]
dl_main(1108):"(0x00007f53eeee6ee2)"[/build/glibc-2ORdQG/glibc-2.27/elf/rtld.c]
_dl_sysdep_start(253):"(0x00007f53eeefedfd)"[../elf/dl-sysdep.c]
_dl_start(414):"(0x00007f53eeee6123)"[/build/glibc-2ORdQG/glibc-2.27/elf/rtld.c]
_start(746):"(0x00007f53eeee5093)"[/build/glibc-2ORdQG/glibc-2.27/elf/rtld.c]
THREAD[0]_ROOT_CTXT(0):"(0x0000000000000000)"[ ]
PROCESS[23758]_ROOT_CTXT(0):"(0x0000000000000000)"[ ]
------------------------------
Bad memory access 0x7f53ef10d708
----------malloc context----------
malloc(83):"(0x00007f53eeeff5a8)"[/build/glibc-2ORdQG/glibc-2.27/elf/dl-minimal.c]
_dl_new_object(73):"(0x00007f53eeef014c)"[/build/glibc-2ORdQG/glibc-2.27/elf/dl-object.c]
dl_main(1108):"(0x00007f53eeee6ee2)"[/build/glibc-2ORdQG/glibc-2.27/elf/rtld.c]
_dl_sysdep_start(253):"(0x00007f53eeefedfd)"[../elf/dl-sysdep.c]
_dl_start(414):"(0x00007f53eeee6123)"[/build/glibc-2ORdQG/glibc-2.27/elf/rtld.c]
_start(746):"(0x00007f53eeee5093)"[/build/glibc-2ORdQG/glibc-2.27/elf/rtld.c]
THREAD[0]_ROOT_CTXT(0):"(0x0000000000000000)"[ ]
PROCESS[23758]_ROOT_CTXT(0):"(0x0000000000000000)"[ ]
------------------------------
Bad memory access 0x7f53ef10ddd0
----------malloc context----------
_dl_init_paths(653):"(0x00007f53eeeecb2b)"[/build/glibc-2ORdQG/glibc-2.27/elf/dl-load.c]
dl_main(1323):"(0x00007f53eeee7c41)"[/build/glibc-2ORdQG/glibc-2.27/elf/rtld.c]
_dl_sysdep_start(253):"(0x00007f53eeefedfd)"[../elf/dl-sysdep.c]
_dl_start(414):"(0x00007f53eeee6123)"[/build/glibc-2ORdQG/glibc-2.27/elf/rtld.c]
_start(746):"(0x00007f53eeee5093)"[/build/glibc-2ORdQG/glibc-2.27/elf/rtld.c]
THREAD[0]_ROOT_CTXT(0):"(0x0000000000000000)"[ ]
PROCESS[23758]_ROOT_CTXT(0):"(0x0000000000000000)"[ ]
------------------------------
Bad memory access 0x7f53ef10ddd8
----------malloc context----------
_dl_init_paths(653):"(0x00007f53eeeecb2b)"[/build/glibc-2ORdQG/glibc-2.27/elf/dl-load.c]
dl_main(1323):"(0x00007f53eeee7c41)"[/build/glibc-2ORdQG/glibc-2.27/elf/rtld.c]
_dl_sysdep_start(253):"(0x00007f53eeefedfd)"[../elf/dl-sysdep.c]
_dl_start(414):"(0x00007f53eeee6123)"[/build/glibc-2ORdQG/glibc-2.27/elf/rtld.c]
_start(746):"(0x00007f53eeee5093)"[/build/glibc-2ORdQG/glibc-2.27/elf/rtld.c]
THREAD[0]_ROOT_CTXT(0):"(0x0000000000000000)"[ ]
PROCESS[23758]_ROOT_CTXT(0):"(0x0000000000000000)"[ ]
------------------------------
Bad memory access 0x7f53ef10ddd0
----------malloc context----------
_dl_init_paths(653):"(0x00007f53eeeecb2b)"[/build/glibc-2ORdQG/glibc-2.27/elf/dl-load.c]
dl_main(1323):"(0x00007f53eeee7c41)"[/build/glibc-2ORdQG/glibc-2.27/elf/rtld.c]
_dl_sysdep_start(253):"(0x00007f53eeefedfd)"[../elf/dl-sysdep.c]
_dl_start(414):"(0x00007f53eeee6123)"[/build/glibc-2ORdQG/glibc-2.27/elf/rtld.c]
_start(746):"(0x00007f53eeee5093)"[/build/glibc-2ORdQG/glibc-2.27/elf/rtld.c]
THREAD[0]_ROOT_CTXT(0):"(0x0000000000000000)"[ ]
PROCESS[23758]_ROOT_CTXT(0):"(0x0000000000000000)"[ ]
------------------------------
Bad memory access 0x7f53eb598498
----------malloc context----------
malloc(83):"(0x00007f53eeeff5a8)"[/build/glibc-2ORdQG/glibc-2.27/elf/dl-minimal.c]
_dl_new_object(163):"(0x00007f53eeef0433)"[/build/glibc-2ORdQG/glibc-2.27/elf/dl-object.c]
_dl_map_object_from_fd(943):"(0x00007f53eeeea9c0)"[/build/glibc-2ORdQG/glibc-2.27/elf/dl-load.c]
_dl_map_object(2389):"(0x00007f53eeeed047)"[/build/glibc-2ORdQG/glibc-2.27/elf/dl-load.c]
openaux(63):"(0x00007f53eeef235d)"[/build/glibc-2ORdQG/glibc-2.27/elf/dl-deps.c]
_dl_catch_exception(196):"(0x00007f53eeeffc99)"[/build/glibc-2ORdQG/glibc-2.27/elf/dl-error-skeleton.c]
_dl_map_object_deps(249):"(0x00007f53eeef2663)"[/build/glibc-2ORdQG/glibc-2.27/elf/dl-deps.c]
dl_main(1726):"(0x00007f53eeee7ec1)"[/build/glibc-2ORdQG/glibc-2.27/elf/rtld.c]
_dl_sysdep_start(253):"(0x00007f53eeefedfd)"[../elf/dl-sysdep.c]
_dl_start(414):"(0x00007f53eeee6123)"[/build/glibc-2ORdQG/glibc-2.27/elf/rtld.c]
_start(746):"(0x00007f53eeee5093)"[/build/glibc-2ORdQG/glibc-2.27/elf/rtld.c]
THREAD[0]_ROOT_CTXT(0):"(0x0000000000000000)"[ ]
PROCESS[23758]_ROOT_CTXT(0):"(0x0000000000000000)"[ ]
------------------------------
Bad memory access 0x7f53eb598960
----------malloc context----------
_dl_check_map_versions(273):"(0x00007f53eeef5ed9)"[/build/glibc-2ORdQG/glibc-2.27/elf/dl-version.c]
_dl_check_all_versions(368):"(0x00007f53eeef6169)"[/build/glibc-2ORdQG/glibc-2.27/elf/dl-version.c]
version_check_doit(623):"(0x00007f53eeee5e73)"[/build/glibc-2ORdQG/glibc-2.27/elf/rtld.c]
_dl_receive_error(234):"(0x00007f53eeeffd69)"[/build/glibc-2ORdQG/glibc-2.27/elf/dl-error-skeleton.c]
dl_main(1789):"(0x00007f53eeee7ffe)"[/build/glibc-2ORdQG/glibc-2.27/elf/rtld.c]
_dl_sysdep_start(253):"(0x00007f53eeefedfd)"[../elf/dl-sysdep.c]
_dl_start(414):"(0x00007f53eeee6123)"[/build/glibc-2ORdQG/glibc-2.27/elf/rtld.c]
_start(746):"(0x00007f53eeee5093)"[/build/glibc-2ORdQG/glibc-2.27/elf/rtld.c]
THREAD[0]_ROOT_CTXT(0):"(0x0000000000000000)"[ ]
PROCESS[23758]_ROOT_CTXT(0):"(0x0000000000000000)"[ ]
------------------------------
Bad memory access 0x7f53eb5984f0
----------malloc context----------
malloc(83):"(0x00007f53eeeff5a8)"[/build/glibc-2ORdQG/glibc-2.27/elf/dl-minimal.c]
_dl_map_object_deps(438):"(0x00007f53eeef2855)"[/build/glibc-2ORdQG/glibc-2.27/elf/dl-deps.c]
dl_main(1726):"(0x00007f53eeee7ec1)"[/build/glibc-2ORdQG/glibc-2.27/elf/rtld.c]
_dl_sysdep_start(253):"(0x00007f53eeefedfd)"[../elf/dl-sysdep.c]
_dl_start(414):"(0x00007f53eeee6123)"[/build/glibc-2ORdQG/glibc-2.27/elf/rtld.c]
_start(746):"(0x00007f53eeee5093)"[/build/glibc-2ORdQG/glibc-2.27/elf/rtld.c]
THREAD[0]_ROOT_CTXT(0):"(0x0000000000000000)"[ ]
PROCESS[23758]_ROOT_CTXT(0):"(0x0000000000000000)"[ ]
------------------------------
Bad memory access 0x7f53ef10d708
----------malloc context----------
malloc(83):"(0x00007f53eeeff5a8)"[/build/glibc-2ORdQG/glibc-2.27/elf/dl-minimal.c]
_dl_new_object(73):"(0x00007f53eeef014c)"[/build/glibc-2ORdQG/glibc-2.27/elf/dl-object.c]
dl_main(1108):"(0x00007f53eeee6ee2)"[/build/glibc-2ORdQG/glibc-2.27/elf/rtld.c]
_dl_sysdep_start(253):"(0x00007f53eeefedfd)"[../elf/dl-sysdep.c]
_dl_start(414):"(0x00007f53eeee6123)"[/build/glibc-2ORdQG/glibc-2.27/elf/rtld.c]
_start(746):"(0x00007f53eeee5093)"[/build/glibc-2ORdQG/glibc-2.27/elf/rtld.c]
THREAD[0]_ROOT_CTXT(0):"(0x0000000000000000)"[ ]
PROCESS[23758]_ROOT_CTXT(0):"(0x0000000000000000)"[ ]
------------------------------
Bad memory access 0x7f53ef10d708
----------malloc context----------
malloc(83):"(0x00007f53eeeff5a8)"[/build/glibc-2ORdQG/glibc-2.27/elf/dl-minimal.c]
_dl_new_object(73):"(0x00007f53eeef014c)"[/build/glibc-2ORdQG/glibc-2.27/elf/dl-object.c]
dl_main(1108):"(0x00007f53eeee6ee2)"[/build/glibc-2ORdQG/glibc-2.27/elf/rtld.c]
_dl_sysdep_start(253):"(0x00007f53eeefedfd)"[../elf/dl-sysdep.c]
_dl_start(414):"(0x00007f53eeee6123)"[/build/glibc-2ORdQG/glibc-2.27/elf/rtld.c]
_start(746):"(0x00007f53eeee5093)"[/build/glibc-2ORdQG/glibc-2.27/elf/rtld.c]
THREAD[0]_ROOT_CTXT(0):"(0x0000000000000000)"[ ]
PROCESS[23758]_ROOT_CTXT(0):"(0x0000000000000000)"[ ]
------------------------------
Bad memory access 0x7f53ef10d708
----------malloc context----------
malloc(83):"(0x00007f53eeeff5a8)"[/build/glibc-2ORdQG/glibc-2.27/elf/dl-minimal.c]
_dl_new_object(73):"(0x00007f53eeef014c)"[/build/glibc-2ORdQG/glibc-2.27/elf/dl-object.c]
dl_main(1108):"(0x00007f53eeee6ee2)"[/build/glibc-2ORdQG/glibc-2.27/elf/rtld.c]
_dl_sysdep_start(253):"(0x00007f53eeefedfd)"[../elf/dl-sysdep.c]
_dl_start(414):"(0x00007f53eeee6123)"[/build/glibc-2ORdQG/glibc-2.27/elf/rtld.c]
_start(746):"(0x00007f53eeee5093)"[/build/glibc-2ORdQG/glibc-2.27/elf/rtld.c]
THREAD[0]_ROOT_CTXT(0):"(0x0000000000000000)"[ ]
PROCESS[23758]_ROOT_CTXT(0):"(0x0000000000000000)"[ ]
------------------------------
Bad memory access 0x7f53ef10d708
----------malloc context----------
malloc(83):"(0x00007f53eeeff5a8)"[/build/glibc-2ORdQG/glibc-2.27/elf/dl-minimal.c]
_dl_new_object(73):"(0x00007f53eeef014c)"[/build/glibc-2ORdQG/glibc-2.27/elf/dl-object.c]
dl_main(1108):"(0x00007f53eeee6ee2)"[/build/glibc-2ORdQG/glibc-2.27/elf/rtld.c]
_dl_sysdep_start(253):"(0x00007f53eeefedfd)"[../elf/dl-sysdep.c]
_dl_start(414):"(0x00007f53eeee6123)"[/build/glibc-2ORdQG/glibc-2.27/elf/rtld.c]
_start(746):"(0x00007f53eeee5093)"[/build/glibc-2ORdQG/glibc-2.27/elf/rtld.c]
THREAD[0]_ROOT_CTXT(0):"(0x0000000000000000)"[ ]
PROCESS[23758]_ROOT_CTXT(0):"(0x0000000000000000)"[ ]
------------------------------
Bad memory access 0x7f53ef10d708
----------malloc context----------
malloc(83):"(0x00007f53eeeff5a8)"[/build/glibc-2ORdQG/glibc-2.27/elf/dl-minimal.c]
_dl_new_object(73):"(0x00007f53eeef014c)"[/build/glibc-2ORdQG/glibc-2.27/elf/dl-object.c]
dl_main(1108):"(0x00007f53eeee6ee2)"[/build/glibc-2ORdQG/glibc-2.27/elf/rtld.c]
_dl_sysdep_start(253):"(0x00007f53eeefedfd)"[../elf/dl-sysdep.c]
_dl_start(414):"(0x00007f53eeee6123)"[/build/glibc-2ORdQG/glibc-2.27/elf/rtld.c]
_start(746):"(0x00007f53eeee5093)"[/build/glibc-2ORdQG/glibc-2.27/elf/rtld.c]
THREAD[0]_ROOT_CTXT(0):"(0x0000000000000000)"[ ]
PROCESS[23758]_ROOT_CTXT(0):"(0x0000000000000000)"[ ]
------------------------------
Bad memory access 0x7f53ef10d708
----------malloc context----------
malloc(83):"(0x00007f53eeeff5a8)"[/build/glibc-2ORdQG/glibc-2.27/elf/dl-minimal.c]
_dl_new_object(73):"(0x00007f53eeef014c)"[/build/glibc-2ORdQG/glibc-2.27/elf/dl-object.c]
dl_main(1108):"(0x00007f53eeee6ee2)"[/build/glibc-2ORdQG/glibc-2.27/elf/rtld.c]
_dl_sysdep_start(253):"(0x00007f53eeefedfd)"[../elf/dl-sysdep.c]
_dl_start(414):"(0x00007f53eeee6123)"[/build/glibc-2ORdQG/glibc-2.27/elf/rtld.c]
_start(746):"(0x00007f53eeee5093)"[/build/glibc-2ORdQG/glibc-2.27/elf/rtld.c]
THREAD[0]_ROOT_CTXT(0):"(0x0000000000000000)"[ ]
PROCESS[23758]_ROOT_CTXT(0):"(0x0000000000000000)"[ ]
------------------------------
Bad memory access 0x7f53eb599e00
----------malloc context----------
malloc(83):"(0x00007f53eeeff5a8)"[/build/glibc-2ORdQG/glibc-2.27/elf/dl-minimal.c]
_dl_allocate_tls_storage(346):"(0x00007f53eeef70f7)"[../elf/dl-tls.c]
init_tls(730):"(0x00007f53eeee4fd7)"[/build/glibc-2ORdQG/glibc-2.27/elf/rtld.c]
dl_main(1801):"(0x00007f53eeee801a)"[/build/glibc-2ORdQG/glibc-2.27/elf/rtld.c]
_dl_sysdep_start(253):"(0x00007f53eeefedfd)"[../elf/dl-sysdep.c]
_dl_start(414):"(0x00007f53eeee6123)"[/build/glibc-2ORdQG/glibc-2.27/elf/rtld.c]
_start(746):"(0x00007f53eeee5093)"[/build/glibc-2ORdQG/glibc-2.27/elf/rtld.c]
THREAD[0]_ROOT_CTXT(0):"(0x0000000000000000)"[ ]
PROCESS[23758]_ROOT_CTXT(0):"(0x0000000000000000)"[ ]
------------------------------
Bad memory access 0x7f53eb598960
----------malloc context----------
_dl_check_map_versions(273):"(0x00007f53eeef5ed9)"[/build/glibc-2ORdQG/glibc-2.27/elf/dl-version.c]
_dl_check_all_versions(368):"(0x00007f53eeef6169)"[/build/glibc-2ORdQG/glibc-2.27/elf/dl-version.c]
version_check_doit(623):"(0x00007f53eeee5e73)"[/build/glibc-2ORdQG/glibc-2.27/elf/rtld.c]
_dl_receive_error(234):"(0x00007f53eeeffd69)"[/build/glibc-2ORdQG/glibc-2.27/elf/dl-error-skeleton.c]
dl_main(1789):"(0x00007f53eeee7ffe)"[/build/glibc-2ORdQG/glibc-2.27/elf/rtld.c]
_dl_sysdep_start(253):"(0x00007f53eeefedfd)"[../elf/dl-sysdep.c]
_dl_start(414):"(0x00007f53eeee6123)"[/build/glibc-2ORdQG/glibc-2.27/elf/rtld.c]
_start(746):"(0x00007f53eeee5093)"[/build/glibc-2ORdQG/glibc-2.27/elf/rtld.c]
THREAD[0]_ROOT_CTXT(0):"(0x0000000000000000)"[ ]
PROCESS[23758]_ROOT_CTXT(0):"(0x0000000000000000)"[ ]
------------------------------
Bad memory access 0x7f53eb598960
----------malloc context----------
_dl_check_map_versions(273):"(0x00007f53eeef5ed9)"[/build/glibc-2ORdQG/glibc-2.27/elf/dl-version.c]
_dl_check_all_versions(368):"(0x00007f53eeef6169)"[/build/glibc-2ORdQG/glibc-2.27/elf/dl-version.c]
version_check_doit(623):"(0x00007f53eeee5e73)"[/build/glibc-2ORdQG/glibc-2.27/elf/rtld.c]
_dl_receive_error(234):"(0x00007f53eeeffd69)"[/build/glibc-2ORdQG/glibc-2.27/elf/dl-error-skeleton.c]
dl_main(1789):"(0x00007f53eeee7ffe)"[/build/glibc-2ORdQG/glibc-2.27/elf/rtld.c]
_dl_sysdep_start(253):"(0x00007f53eeefedfd)"[../elf/dl-sysdep.c]
_dl_start(414):"(0x00007f53eeee6123)"[/build/glibc-2ORdQG/glibc-2.27/elf/rtld.c]
_start(746):"(0x00007f53eeee5093)"[/build/glibc-2ORdQG/glibc-2.27/elf/rtld.c]
THREAD[0]_ROOT_CTXT(0):"(0x0000000000000000)"[ ]
PROCESS[23758]_ROOT_CTXT(0):"(0x0000000000000000)"[ ]
------------------------------
Bad memory access 0x7f53eb598958
----------malloc context----------
init_tls(708):"(0x00007f53eeee4f3f)"[/build/glibc-2ORdQG/glibc-2.27/elf/rtld.c]
dl_main(1801):"(0x00007f53eeee801a)"[/build/glibc-2ORdQG/glibc-2.27/elf/rtld.c]
_dl_sysdep_start(253):"(0x00007f53eeefedfd)"[../elf/dl-sysdep.c]
_dl_start(414):"(0x00007f53eeee6123)"[/build/glibc-2ORdQG/glibc-2.27/elf/rtld.c]
_start(746):"(0x00007f53eeee5093)"[/build/glibc-2ORdQG/glibc-2.27/elf/rtld.c]
THREAD[0]_ROOT_CTXT(0):"(0x0000000000000000)"[ ]
PROCESS[23758]_ROOT_CTXT(0):"(0x0000000000000000)"[ ]
------------------------------
Bad memory access 0x7f53eb598958
----------malloc context----------
init_tls(708):"(0x00007f53eeee4f3f)"[/build/glibc-2ORdQG/glibc-2.27/elf/rtld.c]
dl_main(1801):"(0x00007f53eeee801a)"[/build/glibc-2ORdQG/glibc-2.27/elf/rtld.c]
_dl_sysdep_start(253):"(0x00007f53eeefedfd)"[../elf/dl-sysdep.c]
_dl_start(414):"(0x00007f53eeee6123)"[/build/glibc-2ORdQG/glibc-2.27/elf/rtld.c]
_start(746):"(0x00007f53eeee5093)"[/build/glibc-2ORdQG/glibc-2.27/elf/rtld.c]
THREAD[0]_ROOT_CTXT(0):"(0x0000000000000000)"[ ]
PROCESS[23758]_ROOT_CTXT(0):"(0x0000000000000000)"[ ]
------------------------------
Bad memory access 0x7f53eb598958
----------malloc context----------
init_tls(708):"(0x00007f53eeee4f3f)"[/build/glibc-2ORdQG/glibc-2.27/elf/rtld.c]
dl_main(1801):"(0x00007f53eeee801a)"[/build/glibc-2ORdQG/glibc-2.27/elf/rtld.c]
_dl_sysdep_start(253):"(0x00007f53eeefedfd)"[../elf/dl-sysdep.c]
_dl_start(414):"(0x00007f53eeee6123)"[/build/glibc-2ORdQG/glibc-2.27/elf/rtld.c]
_start(746):"(0x00007f53eeee5093)"[/build/glibc-2ORdQG/glibc-2.27/elf/rtld.c]
THREAD[0]_ROOT_CTXT(0):"(0x0000000000000000)"[ ]
PROCESS[23758]_ROOT_CTXT(0):"(0x0000000000000000)"[ ]
------------------------------
Bad memory access 0x7f53eb598958
----------malloc context----------
init_tls(708):"(0x00007f53eeee4f3f)"[/build/glibc-2ORdQG/glibc-2.27/elf/rtld.c]
dl_main(1801):"(0x00007f53eeee801a)"[/build/glibc-2ORdQG/glibc-2.27/elf/rtld.c]
_dl_sysdep_start(253):"(0x00007f53eeefedfd)"[../elf/dl-sysdep.c]
_dl_start(414):"(0x00007f53eeee6123)"[/build/glibc-2ORdQG/glibc-2.27/elf/rtld.c]
_start(746):"(0x00007f53eeee5093)"[/build/glibc-2ORdQG/glibc-2.27/elf/rtld.c]
THREAD[0]_ROOT_CTXT(0):"(0x0000000000000000)"[ ]
PROCESS[23758]_ROOT_CTXT(0):"(0x0000000000000000)"[ ]
------------------------------
Bad memory access 0x7f53ef10ddd0
----------malloc context----------
_dl_init_paths(653):"(0x00007f53eeeecb2b)"[/build/glibc-2ORdQG/glibc-2.27/elf/dl-load.c]
dl_main(1323):"(0x00007f53eeee7c41)"[/build/glibc-2ORdQG/glibc-2.27/elf/rtld.c]
_dl_sysdep_start(253):"(0x00007f53eeefedfd)"[../elf/dl-sysdep.c]
_dl_start(414):"(0x00007f53eeee6123)"[/build/glibc-2ORdQG/glibc-2.27/elf/rtld.c]
_start(746):"(0x00007f53eeee5093)"[/build/glibc-2ORdQG/glibc-2.27/elf/rtld.c]
THREAD[0]_ROOT_CTXT(0):"(0x0000000000000000)"[ ]
PROCESS[23758]_ROOT_CTXT(0):"(0x0000000000000000)"[ ]
------------------------------
Bad memory access 0x7f53eb5984f0
----------malloc context----------
malloc(83):"(0x00007f53eeeff5a8)"[/build/glibc-2ORdQG/glibc-2.27/elf/dl-minimal.c]
_dl_map_object_deps(438):"(0x00007f53eeef2855)"[/build/glibc-2ORdQG/glibc-2.27/elf/dl-deps.c]
dl_main(1726):"(0x00007f53eeee7ec1)"[/build/glibc-2ORdQG/glibc-2.27/elf/rtld.c]
_dl_sysdep_start(253):"(0x00007f53eeefedfd)"[../elf/dl-sysdep.c]
_dl_start(414):"(0x00007f53eeee6123)"[/build/glibc-2ORdQG/glibc-2.27/elf/rtld.c]
_start(746):"(0x00007f53eeee5093)"[/build/glibc-2ORdQG/glibc-2.27/elf/rtld.c]
THREAD[0]_ROOT_CTXT(0):"(0x0000000000000000)"[ ]
PROCESS[23758]_ROOT_CTXT(0):"(0x0000000000000000)"[ ]
------------------------------
Bad memory access 0x7f53ef10d708
----------malloc context----------
malloc(83):"(0x00007f53eeeff5a8)"[/build/glibc-2ORdQG/glibc-2.27/elf/dl-minimal.c]
_dl_new_object(73):"(0x00007f53eeef014c)"[/build/glibc-2ORdQG/glibc-2.27/elf/dl-object.c]
dl_main(1108):"(0x00007f53eeee6ee2)"[/build/glibc-2ORdQG/glibc-2.27/elf/rtld.c]
_dl_sysdep_start(253):"(0x00007f53eeefedfd)"[../elf/dl-sysdep.c]
_dl_start(414):"(0x00007f53eeee6123)"[/build/glibc-2ORdQG/glibc-2.27/elf/rtld.c]
_start(746):"(0x00007f53eeee5093)"[/build/glibc-2ORdQG/glibc-2.27/elf/rtld.c]
THREAD[0]_ROOT_CTXT(0):"(0x0000000000000000)"[ ]
PROCESS[23758]_ROOT_CTXT(0):"(0x0000000000000000)"[ ]
------------------------------
Bad memory access 0x7f53ef10d708
----------malloc context----------
malloc(83):"(0x00007f53eeeff5a8)"[/build/glibc-2ORdQG/glibc-2.27/elf/dl-minimal.c]
_dl_new_object(73):"(0x00007f53eeef014c)"[/build/glibc-2ORdQG/glibc-2.27/elf/dl-object.c]
dl_main(1108):"(0x00007f53eeee6ee2)"[/build/glibc-2ORdQG/glibc-2.27/elf/rtld.c]
_dl_sysdep_start(253):"(0x00007f53eeefedfd)"[../elf/dl-sysdep.c]
_dl_start(414):"(0x00007f53eeee6123)"[/build/glibc-2ORdQG/glibc-2.27/elf/rtld.c]
_start(746):"(0x00007f53eeee5093)"[/build/glibc-2ORdQG/glibc-2.27/elf/rtld.c]
THREAD[0]_ROOT_CTXT(0):"(0x0000000000000000)"[ ]
PROCESS[23758]_ROOT_CTXT(0):"(0x0000000000000000)"[ ]
------------------------------
Bad memory access 0x7f53ef10ddd0
----------malloc context----------
_dl_init_paths(653):"(0x00007f53eeeecb2b)"[/build/glibc-2ORdQG/glibc-2.27/elf/dl-load.c]
dl_main(1323):"(0x00007f53eeee7c41)"[/build/glibc-2ORdQG/glibc-2.27/elf/rtld.c]
_dl_sysdep_start(253):"(0x00007f53eeefedfd)"[../elf/dl-sysdep.c]
_dl_start(414):"(0x00007f53eeee6123)"[/build/glibc-2ORdQG/glibc-2.27/elf/rtld.c]
_start(746):"(0x00007f53eeee5093)"[/build/glibc-2ORdQG/glibc-2.27/elf/rtld.c]
THREAD[0]_ROOT_CTXT(0):"(0x0000000000000000)"[ ]
PROCESS[23758]_ROOT_CTXT(0):"(0x0000000000000000)"[ ]
------------------------------
Bad memory access 0x7f53ef10ddd8
----------malloc context----------
_dl_init_paths(653):"(0x00007f53eeeecb2b)"[/build/glibc-2ORdQG/glibc-2.27/elf/dl-load.c]
dl_main(1323):"(0x00007f53eeee7c41)"[/build/glibc-2ORdQG/glibc-2.27/elf/rtld.c]
_dl_sysdep_start(253):"(0x00007f53eeefedfd)"[../elf/dl-sysdep.c]
_dl_start(414):"(0x00007f53eeee6123)"[/build/glibc-2ORdQG/glibc-2.27/elf/rtld.c]
_start(746):"(0x00007f53eeee5093)"[/build/glibc-2ORdQG/glibc-2.27/elf/rtld.c]
THREAD[0]_ROOT_CTXT(0):"(0x0000000000000000)"[ ]
PROCESS[23758]_ROOT_CTXT(0):"(0x0000000000000000)"[ ]
------------------------------
Bad memory access 0x7f53ef10ddd0
----------malloc context----------
_dl_init_paths(653):"(0x00007f53eeeecb2b)"[/build/glibc-2ORdQG/glibc-2.27/elf/dl-load.c]
dl_main(1323):"(0x00007f53eeee7c41)"[/build/glibc-2ORdQG/glibc-2.27/elf/rtld.c]
_dl_sysdep_start(253):"(0x00007f53eeefedfd)"[../elf/dl-sysdep.c]
_dl_start(414):"(0x00007f53eeee6123)"[/build/glibc-2ORdQG/glibc-2.27/elf/rtld.c]
_start(746):"(0x00007f53eeee5093)"[/build/glibc-2ORdQG/glibc-2.27/elf/rtld.c]
THREAD[0]_ROOT_CTXT(0):"(0x0000000000000000)"[ ]
PROCESS[23758]_ROOT_CTXT(0):"(0x0000000000000000)"[ ]
------------------------------
Bad memory access 0x7f53eb598498
----------malloc context----------
malloc(83):"(0x00007f53eeeff5a8)"[/build/glibc-2ORdQG/glibc-2.27/elf/dl-minimal.c]
_dl_new_object(163):"(0x00007f53eeef0433)"[/build/glibc-2ORdQG/glibc-2.27/elf/dl-object.c]
_dl_map_object_from_fd(943):"(0x00007f53eeeea9c0)"[/build/glibc-2ORdQG/glibc-2.27/elf/dl-load.c]
_dl_map_object(2389):"(0x00007f53eeeed047)"[/build/glibc-2ORdQG/glibc-2.27/elf/dl-load.c]
openaux(63):"(0x00007f53eeef235d)"[/build/glibc-2ORdQG/glibc-2.27/elf/dl-deps.c]
_dl_catch_exception(196):"(0x00007f53eeeffc99)"[/build/glibc-2ORdQG/glibc-2.27/elf/dl-error-skeleton.c]
_dl_map_object_deps(249):"(0x00007f53eeef2663)"[/build/glibc-2ORdQG/glibc-2.27/elf/dl-deps.c]
dl_main(1726):"(0x00007f53eeee7ec1)"[/build/glibc-2ORdQG/glibc-2.27/elf/rtld.c]
_dl_sysdep_start(253):"(0x00007f53eeefedfd)"[../elf/dl-sysdep.c]
_dl_start(414):"(0x00007f53eeee6123)"[/build/glibc-2ORdQG/glibc-2.27/elf/rtld.c]
_start(746):"(0x00007f53eeee5093)"[/build/glibc-2ORdQG/glibc-2.27/elf/rtld.c]
THREAD[0]_ROOT_CTXT(0):"(0x0000000000000000)"[ ]
PROCESS[23758]_ROOT_CTXT(0):"(0x0000000000000000)"[ ]
------------------------------
Bad memory access 0x7f53ef10ddd0
----------malloc context----------
_dl_init_paths(653):"(0x00007f53eeeecb2b)"[/build/glibc-2ORdQG/glibc-2.27/elf/dl-load.c]
dl_main(1323):"(0x00007f53eeee7c41)"[/build/glibc-2ORdQG/glibc-2.27/elf/rtld.c]
_dl_sysdep_start(253):"(0x00007f53eeefedfd)"[../elf/dl-sysdep.c]
_dl_start(414):"(0x00007f53eeee6123)"[/build/glibc-2ORdQG/glibc-2.27/elf/rtld.c]
_start(746):"(0x00007f53eeee5093)"[/build/glibc-2ORdQG/glibc-2.27/elf/rtld.c]
THREAD[0]_ROOT_CTXT(0):"(0x0000000000000000)"[ ]
PROCESS[23758]_ROOT_CTXT(0):"(0x0000000000000000)"[ ]
------------------------------
Bad memory access 0x7f53ef10d708
----------malloc context----------
malloc(83):"(0x00007f53eeeff5a8)"[/build/glibc-2ORdQG/glibc-2.27/elf/dl-minimal.c]
_dl_new_object(73):"(0x00007f53eeef014c)"[/build/glibc-2ORdQG/glibc-2.27/elf/dl-object.c]
dl_main(1108):"(0x00007f53eeee6ee2)"[/build/glibc-2ORdQG/glibc-2.27/elf/rtld.c]
_dl_sysdep_start(253):"(0x00007f53eeefedfd)"[../elf/dl-sysdep.c]
_dl_start(414):"(0x00007f53eeee6123)"[/build/glibc-2ORdQG/glibc-2.27/elf/rtld.c]
_start(746):"(0x00007f53eeee5093)"[/build/glibc-2ORdQG/glibc-2.27/elf/rtld.c]
THREAD[0]_ROOT_CTXT(0):"(0x0000000000000000)"[ ]
PROCESS[23758]_ROOT_CTXT(0):"(0x0000000000000000)"[ ]
------------------------------
Bad memory access 0x7f53ef10d708
----------malloc context----------
malloc(83):"(0x00007f53eeeff5a8)"[/build/glibc-2ORdQG/glibc-2.27/elf/dl-minimal.c]
_dl_new_object(73):"(0x00007f53eeef014c)"[/build/glibc-2ORdQG/glibc-2.27/elf/dl-object.c]
dl_main(1108):"(0x00007f53eeee6ee2)"[/build/glibc-2ORdQG/glibc-2.27/elf/rtld.c]
_dl_sysdep_start(253):"(0x00007f53eeefedfd)"[../elf/dl-sysdep.c]
_dl_start(414):"(0x00007f53eeee6123)"[/build/glibc-2ORdQG/glibc-2.27/elf/rtld.c]
_start(746):"(0x00007f53eeee5093)"[/build/glibc-2ORdQG/glibc-2.27/elf/rtld.c]
THREAD[0]_ROOT_CTXT(0):"(0x0000000000000000)"[ ]
PROCESS[23758]_ROOT_CTXT(0):"(0x0000000000000000)"[ ]
------------------------------
Bad memory access 0x7f53ef10ddd0
----------malloc context----------
_dl_init_paths(653):"(0x00007f53eeeecb2b)"[/build/glibc-2ORdQG/glibc-2.27/elf/dl-load.c]
dl_main(1323):"(0x00007f53eeee7c41)"[/build/glibc-2ORdQG/glibc-2.27/elf/rtld.c]
_dl_sysdep_start(253):"(0x00007f53eeefedfd)"[../elf/dl-sysdep.c]
_dl_start(414):"(0x00007f53eeee6123)"[/build/glibc-2ORdQG/glibc-2.27/elf/rtld.c]
_start(746):"(0x00007f53eeee5093)"[/build/glibc-2ORdQG/glibc-2.27/elf/rtld.c]
THREAD[0]_ROOT_CTXT(0):"(0x0000000000000000)"[ ]
PROCESS[23758]_ROOT_CTXT(0):"(0x0000000000000000)"[ ]
------------------------------
Bad memory access 0x7f53ef10ddd8
----------malloc context----------
_dl_init_paths(653):"(0x00007f53eeeecb2b)"[/build/glibc-2ORdQG/glibc-2.27/elf/dl-load.c]
dl_main(1323):"(0x00007f53eeee7c41)"[/build/glibc-2ORdQG/glibc-2.27/elf/rtld.c]
_dl_sysdep_start(253):"(0x00007f53eeefedfd)"[../elf/dl-sysdep.c]
_dl_start(414):"(0x00007f53eeee6123)"[/build/glibc-2ORdQG/glibc-2.27/elf/rtld.c]
_start(746):"(0x00007f53eeee5093)"[/build/glibc-2ORdQG/glibc-2.27/elf/rtld.c]
THREAD[0]_ROOT_CTXT(0):"(0x0000000000000000)"[ ]
PROCESS[23758]_ROOT_CTXT(0):"(0x0000000000000000)"[ ]
------------------------------
Bad memory access 0x7f53ef10ddd0
----------malloc context----------
_dl_init_paths(653):"(0x00007f53eeeecb2b)"[/build/glibc-2ORdQG/glibc-2.27/elf/dl-load.c]
dl_main(1323):"(0x00007f53eeee7c41)"[/build/glibc-2ORdQG/glibc-2.27/elf/rtld.c]
_dl_sysdep_start(253):"(0x00007f53eeefedfd)"[../elf/dl-sysdep.c]
_dl_start(414):"(0x00007f53eeee6123)"[/build/glibc-2ORdQG/glibc-2.27/elf/rtld.c]
_start(746):"(0x00007f53eeee5093)"[/build/glibc-2ORdQG/glibc-2.27/elf/rtld.c]
THREAD[0]_ROOT_CTXT(0):"(0x0000000000000000)"[ ]
PROCESS[23758]_ROOT_CTXT(0):"(0x0000000000000000)"[ ]
------------------------------
Bad memory access 0x7f53eb598498
----------malloc context----------
malloc(83):"(0x00007f53eeeff5a8)"[/build/glibc-2ORdQG/glibc-2.27/elf/dl-minimal.c]
_dl_new_object(163):"(0x00007f53eeef0433)"[/build/glibc-2ORdQG/glibc-2.27/elf/dl-object.c]
_dl_map_object_from_fd(943):"(0x00007f53eeeea9c0)"[/build/glibc-2ORdQG/glibc-2.27/elf/dl-load.c]
_dl_map_object(2389):"(0x00007f53eeeed047)"[/build/glibc-2ORdQG/glibc-2.27/elf/dl-load.c]
openaux(63):"(0x00007f53eeef235d)"[/build/glibc-2ORdQG/glibc-2.27/elf/dl-deps.c]
_dl_catch_exception(196):"(0x00007f53eeeffc99)"[/build/glibc-2ORdQG/glibc-2.27/elf/dl-error-skeleton.c]
_dl_map_object_deps(249):"(0x00007f53eeef2663)"[/build/glibc-2ORdQG/glibc-2.27/elf/dl-deps.c]
dl_main(1726):"(0x00007f53eeee7ec1)"[/build/glibc-2ORdQG/glibc-2.27/elf/rtld.c]
_dl_sysdep_start(253):"(0x00007f53eeefedfd)"[../elf/dl-sysdep.c]
_dl_start(414):"(0x00007f53eeee6123)"[/build/glibc-2ORdQG/glibc-2.27/elf/rtld.c]
_start(746):"(0x00007f53eeee5093)"[/build/glibc-2ORdQG/glibc-2.27/elf/rtld.c]
THREAD[0]_ROOT_CTXT(0):"(0x0000000000000000)"[ ]
PROCESS[23758]_ROOT_CTXT(0):"(0x0000000000000000)"[ ]
------------------------------
Bad memory access 0x7f53eb10f3f8
----------malloc context----------
main(0):"(0x00007f53eaf0c65c)"[]
__libc_start_main(310):"(0x00007f5320b3bb95)"[../csu/libc-start.c]
_start(0):"(0x00007f53eaf0c564)"[../csu/libc-start.c]
THREAD[0]_ROOT_CTXT(0):"(0x0000000000000000)"[ ]
PROCESS[23758]_ROOT_CTXT(0):"(0x0000000000000000)"[ ]
------------------------------
Bad memory access 0x7f53eb10f3f8
----------malloc context----------
main(0):"(0x00007f53eaf0c65c)"[../csu/libc-start.c]
__libc_start_main(310):"(0x00007f5320b3bb95)"[../csu/libc-start.c]
_start(0):"(0x00007f53eaf0c564)"[../csu/libc-start.c]
THREAD[0]_ROOT_CTXT(0):"(0x0000000000000000)"[ ]
PROCESS[23758]_ROOT_CTXT(0):"(0x0000000000000000)"[ ]
------------------------------
Bad memory access 0x7f53eb10f3f8
----------malloc context----------
main(0):"(0x00007f53eaf0c65c)"[../csu/libc-start.c]
__libc_start_main(310):"(0x00007f5320b3bb95)"[../csu/libc-start.c]
_start(0):"(0x00007f53eaf0c564)"[../csu/libc-start.c]
THREAD[0]_ROOT_CTXT(0):"(0x0000000000000000)"[ ]
PROCESS[23758]_ROOT_CTXT(0):"(0x0000000000000000)"[ ]
------------------------------
Bad memory access 0x7f53eb10f3f0
----------malloc context----------
main(0):"(0x00007f53eaf0c65c)"[]
__libc_start_main(310):"(0x00007f5320b3bb95)"[../csu/libc-start.c]
_start(0):"(0x00007f53eaf0c564)"[../csu/libc-start.c]
THREAD[0]_ROOT_CTXT(0):"(0x0000000000000000)"[ ]
PROCESS[23758]_ROOT_CTXT(0):"(0x0000000000000000)"[ ]
------------------------------
Bad memory access 0x7f53eb10f590
----------malloc context----------
main(0):"(0x00007f53eaf0c66a)"[../csu/libc-start.c]
__libc_start_main(310):"(0x00007f5320b3bb95)"[../csu/libc-start.c]
_start(0):"(0x00007f53eaf0c564)"[../csu/libc-start.c]
THREAD[0]_ROOT_CTXT(0):"(0x0000000000000000)"[ ]
PROCESS[23758]_ROOT_CTXT(0):"(0x0000000000000000)"[ ]
------------------------------
Bad memory access 0x7f53eb10f3f0
----------malloc context----------
main(0):"(0x00007f53eaf0c65c)"[../csu/libc-start.c]
__libc_start_main(310):"(0x00007f5320b3bb95)"[../csu/libc-start.c]
_start(0):"(0x00007f53eaf0c564)"[../csu/libc-start.c]
THREAD[0]_ROOT_CTXT(0):"(0x0000000000000000)"[ ]
PROCESS[23758]_ROOT_CTXT(0):"(0x0000000000000000)"[ ]
------------------------------
Bad memory access 0x7f53eb10f590
----------malloc context----------
main(0):"(0x00007f53eaf0c66a)"[../csu/libc-start.c]
__libc_start_main(310):"(0x00007f5320b3bb95)"[../csu/libc-start.c]
_start(0):"(0x00007f53eaf0c564)"[../csu/libc-start.c]
THREAD[0]_ROOT_CTXT(0):"(0x0000000000000000)"[ ]
PROCESS[23758]_ROOT_CTXT(0):"(0x0000000000000000)"[ ]
------------------------------
Bad memory access 0x7f53eb10f3f0
----------malloc context----------
main(0):"(0x00007f53eaf0c65c)"[../csu/libc-start.c]
__libc_start_main(310):"(0x00007f5320b3bb95)"[../csu/libc-start.c]
_start(0):"(0x00007f53eaf0c564)"[../csu/libc-start.c]
THREAD[0]_ROOT_CTXT(0):"(0x0000000000000000)"[ ]
PROCESS[23758]_ROOT_CTXT(0):"(0x0000000000000000)"[ ]
------------------------------
Bad memory access 0x7f53eb5984c0
----------malloc context----------
malloc(83):"(0x00007f53eeeff5a8)"[/build/glibc-2ORdQG/glibc-2.27/elf/dl-minimal.c]
_dl_new_object(163):"(0x00007f53eeef0433)"[/build/glibc-2ORdQG/glibc-2.27/elf/dl-object.c]
_dl_map_object_from_fd(943):"(0x00007f53eeeea9c0)"[/build/glibc-2ORdQG/glibc-2.27/elf/dl-load.c]
_dl_map_object(2389):"(0x00007f53eeeed047)"[/build/glibc-2ORdQG/glibc-2.27/elf/dl-load.c]
openaux(63):"(0x00007f53eeef235d)"[/build/glibc-2ORdQG/glibc-2.27/elf/dl-deps.c]
_dl_catch_exception(196):"(0x00007f53eeeffc99)"[/build/glibc-2ORdQG/glibc-2.27/elf/dl-error-skeleton.c]
_dl_map_object_deps(249):"(0x00007f53eeef2663)"[/build/glibc-2ORdQG/glibc-2.27/elf/dl-deps.c]
dl_main(1726):"(0x00007f53eeee7ec1)"[/build/glibc-2ORdQG/glibc-2.27/elf/rtld.c]
_dl_sysdep_start(253):"(0x00007f53eeefedfd)"[../elf/dl-sysdep.c]
_dl_start(414):"(0x00007f53eeee6123)"[/build/glibc-2ORdQG/glibc-2.27/elf/rtld.c]
_start(746):"(0x00007f53eeee5093)"[/build/glibc-2ORdQG/glibc-2.27/elf/rtld.c]
THREAD[0]_ROOT_CTXT(0):"(0x0000000000000000)"[ ]
PROCESS[23758]_ROOT_CTXT(0):"(0x0000000000000000)"[ ]
------------------------------
Bad memory access 0x7f53eb5984c8
----------malloc context----------
malloc(83):"(0x00007f53eeeff5a8)"[/build/glibc-2ORdQG/glibc-2.27/elf/dl-minimal.c]
_dl_new_object(163):"(0x00007f53eeef0433)"[/build/glibc-2ORdQG/glibc-2.27/elf/dl-object.c]
_dl_map_object_from_fd(943):"(0x00007f53eeeea9c0)"[/build/glibc-2ORdQG/glibc-2.27/elf/dl-load.c]
_dl_map_object(2389):"(0x00007f53eeeed047)"[/build/glibc-2ORdQG/glibc-2.27/elf/dl-load.c]
openaux(63):"(0x00007f53eeef235d)"[/build/glibc-2ORdQG/glibc-2.27/elf/dl-deps.c]
_dl_catch_exception(196):"(0x00007f53eeeffc99)"[/build/glibc-2ORdQG/glibc-2.27/elf/dl-error-skeleton.c]
_dl_map_object_deps(249):"(0x00007f53eeef2663)"[/build/glibc-2ORdQG/glibc-2.27/elf/dl-deps.c]
dl_main(1726):"(0x00007f53eeee7ec1)"[/build/glibc-2ORdQG/glibc-2.27/elf/rtld.c]
_dl_sysdep_start(253):"(0x00007f53eeefedfd)"[../elf/dl-sysdep.c]
_dl_start(414):"(0x00007f53eeee6123)"[/build/glibc-2ORdQG/glibc-2.27/elf/rtld.c]
_start(746):"(0x00007f53eeee5093)"[/build/glibc-2ORdQG/glibc-2.27/elf/rtld.c]
THREAD[0]_ROOT_CTXT(0):"(0x0000000000000000)"[ ]
PROCESS[23758]_ROOT_CTXT(0):"(0x0000000000000000)"[ ]
------------------------------
]0;ryedida@vm16-58: ~/DrCCTProf[01;32mryedida@vm16-58[00m:[01;34m~/DrCCTProf[00m$ ./build/bin64/drrun -t drcctlib_heap_overflow -- ./ttest_apps/build/test_app1.cpp [C[C[C[C^C
]0;ryedida@vm16-58: ~/DrCCTProf[01;32mryedida@vm16-58[00m:[01;34m~/DrCCTProf[00m$ exit
exit

Script done on 2020-11-15 18:34:50-0500
