Script started on 2020-11-16 19:19:32-0500
groups: cannot find name for group ID 1102249307
]0;ryedida@vclv98-246: ~/DrCCTProf[01;32mryedida@vclv98-246[00m:[01;34m~/DrCCTProf[00m$ ./build/bin64/drrun -t drcctlib_heap_overflow -- ./test_apps/build/test_app2.cpp 
Bad memory access 0x7f9ef71f3bc0
----------malloc context----------
malloc(83):"(0x00007f9ef6fe55a8)"[/build/glibc-2ORdQG/glibc-2.27/elf/dl-minimal.c]
dl_main(93):"(0x00007f9ef6fcd72c)"[/build/glibc-2ORdQG/glibc-2.27/elf/setup-vdso.h]
_dl_sysdep_start(253):"(0x00007f9ef6fe4dfd)"[../elf/dl-sysdep.c]
_dl_start(414):"(0x00007f9ef6fcc123)"[/build/glibc-2ORdQG/glibc-2.27/elf/rtld.c]
_start(746):"(0x00007f9ef6fcb093)"[/build/glibc-2ORdQG/glibc-2.27/elf/rtld.c]
THREAD[0]_ROOT_CTXT(0):"(0x0000000000000000)"[ ]
PROCESS[1716]_ROOT_CTXT(0):"(0x0000000000000000)"[ ]
------------------------------
Bad memory access 0x7f9ef71f3bc8
----------malloc context----------
malloc(83):"(0x00007f9ef6fe55a8)"[/build/glibc-2ORdQG/glibc-2.27/elf/dl-minimal.c]
dl_main(93):"(0x00007f9ef6fcd72c)"[/build/glibc-2ORdQG/glibc-2.27/elf/setup-vdso.h]
_dl_sysdep_start(253):"(0x00007f9ef6fe4dfd)"[../elf/dl-sysdep.c]
_dl_start(414):"(0x00007f9ef6fcc123)"[/build/glibc-2ORdQG/glibc-2.27/elf/rtld.c]
_start(746):"(0x00007f9ef6fcb093)"[/build/glibc-2ORdQG/glibc-2.27/elf/rtld.c]
THREAD[0]_ROOT_CTXT(0):"(0x0000000000000000)"[ ]
PROCESS[1716]_ROOT_CTXT(0):"(0x0000000000000000)"[ ]
------------------------------
Bad memory access 0x7f9ef71f3bc8
----------malloc context----------
malloc(83):"(0x00007f9ef6fe55a8)"[/build/glibc-2ORdQG/glibc-2.27/elf/dl-minimal.c]
dl_main(93):"(0x00007f9ef6fcd72c)"[/build/glibc-2ORdQG/glibc-2.27/elf/setup-vdso.h]
_dl_sysdep_start(253):"(0x00007f9ef6fe4dfd)"[../elf/dl-sysdep.c]
_dl_start(414):"(0x00007f9ef6fcc123)"[/build/glibc-2ORdQG/glibc-2.27/elf/rtld.c]
_start(746):"(0x00007f9ef6fcb093)"[/build/glibc-2ORdQG/glibc-2.27/elf/rtld.c]
THREAD[0]_ROOT_CTXT(0):"(0x0000000000000000)"[ ]
PROCESS[1716]_ROOT_CTXT(0):"(0x0000000000000000)"[ ]
------------------------------
Bad memory access 0x7f9ef71f3bc8
----------malloc context----------
malloc(83):"(0x00007f9ef6fe55a8)"[/build/glibc-2ORdQG/glibc-2.27/elf/dl-minimal.c]
dl_main(93):"(0x00007f9ef6fcd72c)"[/build/glibc-2ORdQG/glibc-2.27/elf/setup-vdso.h]
_dl_sysdep_start(253):"(0x00007f9ef6fe4dfd)"[../elf/dl-sysdep.c]
_dl_start(414):"(0x00007f9ef6fcc123)"[/build/glibc-2ORdQG/glibc-2.27/elf/rtld.c]
_start(746):"(0x00007f9ef6fcb093)"[/build/glibc-2ORdQG/glibc-2.27/elf/rtld.c]
THREAD[0]_ROOT_CTXT(0):"(0x0000000000000000)"[ ]
PROCESS[1716]_ROOT_CTXT(0):"(0x0000000000000000)"[ ]
------------------------------
Bad memory access 0x7f9ef71f3bc8
----------malloc context----------
malloc(83):"(0x00007f9ef6fe55a8)"[/build/glibc-2ORdQG/glibc-2.27/elf/dl-minimal.c]
dl_main(93):"(0x00007f9ef6fcd72c)"[/build/glibc-2ORdQG/glibc-2.27/elf/setup-vdso.h]
_dl_sysdep_start(253):"(0x00007f9ef6fe4dfd)"[../elf/dl-sysdep.c]
_dl_start(414):"(0x00007f9ef6fcc123)"[/build/glibc-2ORdQG/glibc-2.27/elf/rtld.c]
_start(746):"(0x00007f9ef6fcb093)"[/build/glibc-2ORdQG/glibc-2.27/elf/rtld.c]
THREAD[0]_ROOT_CTXT(0):"(0x0000000000000000)"[ ]
PROCESS[1716]_ROOT_CTXT(0):"(0x0000000000000000)"[ ]
------------------------------
Bad memory access 0x7f9ef71f3bc8
----------malloc context----------
malloc(83):"(0x00007f9ef6fe55a8)"[/build/glibc-2ORdQG/glibc-2.27/elf/dl-minimal.c]
dl_main(93):"(0x00007f9ef6fcd72c)"[/build/glibc-2ORdQG/glibc-2.27/elf/setup-vdso.h]
_dl_sysdep_start(253):"(0x00007f9ef6fe4dfd)"[../elf/dl-sysdep.c]
_dl_start(414):"(0x00007f9ef6fcc123)"[/build/glibc-2ORdQG/glibc-2.27/elf/rtld.c]
_start(746):"(0x00007f9ef6fcb093)"[/build/glibc-2ORdQG/glibc-2.27/elf/rtld.c]
THREAD[0]_ROOT_CTXT(0):"(0x0000000000000000)"[ ]
PROCESS[1716]_ROOT_CTXT(0):"(0x0000000000000000)"[ ]
------------------------------
Bad memory access 0x7f9ef71f3bc0
----------malloc context----------
malloc(83):"(0x00007f9ef6fe55a8)"[/build/glibc-2ORdQG/glibc-2.27/elf/dl-minimal.c]
dl_main(93):"(0x00007f9ef6fcd72c)"[/build/glibc-2ORdQG/glibc-2.27/elf/setup-vdso.h]
_dl_sysdep_start(253):"(0x00007f9ef6fe4dfd)"[../elf/dl-sysdep.c]
_dl_start(414):"(0x00007f9ef6fcc123)"[/build/glibc-2ORdQG/glibc-2.27/elf/rtld.c]
_start(746):"(0x00007f9ef6fcb093)"[/build/glibc-2ORdQG/glibc-2.27/elf/rtld.c]
THREAD[0]_ROOT_CTXT(0):"(0x0000000000000000)"[ ]
PROCESS[1716]_ROOT_CTXT(0):"(0x0000000000000000)"[ ]
------------------------------
Bad memory access 0x7f9ef71f3bc0
----------malloc context----------
malloc(83):"(0x00007f9ef6fe55a8)"[/build/glibc-2ORdQG/glibc-2.27/elf/dl-minimal.c]
dl_main(93):"(0x00007f9ef6fcd72c)"[/build/glibc-2ORdQG/glibc-2.27/elf/setup-vdso.h]
_dl_sysdep_start(253):"(0x00007f9ef6fe4dfd)"[../elf/dl-sysdep.c]
_dl_start(414):"(0x00007f9ef6fcc123)"[/build/glibc-2ORdQG/glibc-2.27/elf/rtld.c]
_start(746):"(0x00007f9ef6fcb093)"[/build/glibc-2ORdQG/glibc-2.27/elf/rtld.c]
THREAD[0]_ROOT_CTXT(0):"(0x0000000000000000)"[ ]
PROCESS[1716]_ROOT_CTXT(0):"(0x0000000000000000)"[ ]
------------------------------
Bad memory access 0x7f9ef71f3bc8
----------malloc context----------
malloc(83):"(0x00007f9ef6fe55a8)"[/build/glibc-2ORdQG/glibc-2.27/elf/dl-minimal.c]
dl_main(93):"(0x00007f9ef6fcd72c)"[/build/glibc-2ORdQG/glibc-2.27/elf/setup-vdso.h]
_dl_sysdep_start(253):"(0x00007f9ef6fe4dfd)"[../elf/dl-sysdep.c]
_dl_start(414):"(0x00007f9ef6fcc123)"[/build/glibc-2ORdQG/glibc-2.27/elf/rtld.c]
_start(746):"(0x00007f9ef6fcb093)"[/build/glibc-2ORdQG/glibc-2.27/elf/rtld.c]
THREAD[0]_ROOT_CTXT(0):"(0x0000000000000000)"[ ]
PROCESS[1716]_ROOT_CTXT(0):"(0x0000000000000000)"[ ]
------------------------------
Bad memory access 0x7f9ef71f3c60
----------malloc context----------
_dl_important_hwcaps(230):"(0x00007f9ef6fd9b0f)"[/build/glibc-2ORdQG/glibc-2.27/elf/dl-hwcaps.c]
_dl_init_paths(636):"(0x00007f9ef6fd2ac1)"[/build/glibc-2ORdQG/glibc-2.27/elf/dl-load.c]
dl_main(1323):"(0x00007f9ef6fcdc41)"[/build/glibc-2ORdQG/glibc-2.27/elf/rtld.c]
_dl_sysdep_start(253):"(0x00007f9ef6fe4dfd)"[../elf/dl-sysdep.c]
_dl_start(414):"(0x00007f9ef6fcc123)"[/build/glibc-2ORdQG/glibc-2.27/elf/rtld.c]
_start(746):"(0x00007f9ef6fcb093)"[/build/glibc-2ORdQG/glibc-2.27/elf/rtld.c]
THREAD[0]_ROOT_CTXT(0):"(0x0000000000000000)"[ ]
PROCESS[1716]_ROOT_CTXT(0):"(0x0000000000000000)"[ ]
------------------------------
Bad memory access 0x7f9ef71f3c90
----------malloc context----------
_dl_init_paths(640):"(0x00007f9ef6fd2ada)"[/build/glibc-2ORdQG/glibc-2.27/elf/dl-load.c]
dl_main(1323):"(0x00007f9ef6fcdc41)"[/build/glibc-2ORdQG/glibc-2.27/elf/rtld.c]
_dl_sysdep_start(253):"(0x00007f9ef6fe4dfd)"[../elf/dl-sysdep.c]
_dl_start(414):"(0x00007f9ef6fcc123)"[/build/glibc-2ORdQG/glibc-2.27/elf/rtld.c]
_start(746):"(0x00007f9ef6fcb093)"[/build/glibc-2ORdQG/glibc-2.27/elf/rtld.c]
THREAD[0]_ROOT_CTXT(0):"(0x0000000000000000)"[ ]
PROCESS[1716]_ROOT_CTXT(0):"(0x0000000000000000)"[ ]
------------------------------
Bad memory access 0x7f9ef71f3168
----------malloc context----------
malloc(83):"(0x00007f9ef6fe55a8)"[/build/glibc-2ORdQG/glibc-2.27/elf/dl-minimal.c]
_dl_new_object(73):"(0x00007f9ef6fd614c)"[/build/glibc-2ORdQG/glibc-2.27/elf/dl-object.c]
dl_main(1108):"(0x00007f9ef6fccee2)"[/build/glibc-2ORdQG/glibc-2.27/elf/rtld.c]
_dl_sysdep_start(253):"(0x00007f9ef6fe4dfd)"[../elf/dl-sysdep.c]
_dl_start(414):"(0x00007f9ef6fcc123)"[/build/glibc-2ORdQG/glibc-2.27/elf/rtld.c]
_start(746):"(0x00007f9ef6fcb093)"[/build/glibc-2ORdQG/glibc-2.27/elf/rtld.c]
THREAD[0]_ROOT_CTXT(0):"(0x0000000000000000)"[ ]
PROCESS[1716]_ROOT_CTXT(0):"(0x0000000000000000)"[ ]
------------------------------
Bad memory access 0x7f9ef71f3708
----------malloc context----------
malloc(83):"(0x00007f9ef6fe55a8)"[/build/glibc-2ORdQG/glibc-2.27/elf/dl-minimal.c]
_dl_new_object(73):"(0x00007f9ef6fd614c)"[/build/glibc-2ORdQG/glibc-2.27/elf/dl-object.c]
dl_main(1108):"(0x00007f9ef6fccee2)"[/build/glibc-2ORdQG/glibc-2.27/elf/rtld.c]
_dl_sysdep_start(253):"(0x00007f9ef6fe4dfd)"[../elf/dl-sysdep.c]
_dl_start(414):"(0x00007f9ef6fcc123)"[/build/glibc-2ORdQG/glibc-2.27/elf/rtld.c]
_start(746):"(0x00007f9ef6fcb093)"[/build/glibc-2ORdQG/glibc-2.27/elf/rtld.c]
THREAD[0]_ROOT_CTXT(0):"(0x0000000000000000)"[ ]
PROCESS[1716]_ROOT_CTXT(0):"(0x0000000000000000)"[ ]
------------------------------
Bad memory access 0x7f9ef71f3708
----------malloc context----------
malloc(83):"(0x00007f9ef6fe55a8)"[/build/glibc-2ORdQG/glibc-2.27/elf/dl-minimal.c]
_dl_new_object(73):"(0x00007f9ef6fd614c)"[/build/glibc-2ORdQG/glibc-2.27/elf/dl-object.c]
dl_main(1108):"(0x00007f9ef6fccee2)"[/build/glibc-2ORdQG/glibc-2.27/elf/rtld.c]
_dl_sysdep_start(253):"(0x00007f9ef6fe4dfd)"[../elf/dl-sysdep.c]
_dl_start(414):"(0x00007f9ef6fcc123)"[/build/glibc-2ORdQG/glibc-2.27/elf/rtld.c]
_start(746):"(0x00007f9ef6fcb093)"[/build/glibc-2ORdQG/glibc-2.27/elf/rtld.c]
THREAD[0]_ROOT_CTXT(0):"(0x0000000000000000)"[ ]
PROCESS[1716]_ROOT_CTXT(0):"(0x0000000000000000)"[ ]
------------------------------
Bad memory access 0x7f9ef71f3bb8
----------malloc context----------
_dl_important_hwcaps(230):"(0x00007f9ef6fd9b0f)"[/build/glibc-2ORdQG/glibc-2.27/elf/dl-hwcaps.c]
_dl_init_paths(636):"(0x00007f9ef6fd2ac1)"[/build/glibc-2ORdQG/glibc-2.27/elf/dl-load.c]
dl_main(1323):"(0x00007f9ef6fcdc41)"[/build/glibc-2ORdQG/glibc-2.27/elf/rtld.c]
_dl_sysdep_start(253):"(0x00007f9ef6fe4dfd)"[../elf/dl-sysdep.c]
_dl_start(414):"(0x00007f9ef6fcc123)"[/build/glibc-2ORdQG/glibc-2.27/elf/rtld.c]
_start(746):"(0x00007f9ef6fcb093)"[/build/glibc-2ORdQG/glibc-2.27/elf/rtld.c]
THREAD[0]_ROOT_CTXT(0):"(0x0000000000000000)"[ ]
PROCESS[1716]_ROOT_CTXT(0):"(0x0000000000000000)"[ ]
------------------------------
Bad memory access 0x7f9ef71f3bb8
----------malloc context----------
_dl_important_hwcaps(230):"(0x00007f9ef6fd9b0f)"[/build/glibc-2ORdQG/glibc-2.27/elf/dl-hwcaps.c]
_dl_init_paths(636):"(0x00007f9ef6fd2ac1)"[/build/glibc-2ORdQG/glibc-2.27/elf/dl-load.c]
dl_main(1323):"(0x00007f9ef6fcdc41)"[/build/glibc-2ORdQG/glibc-2.27/elf/rtld.c]
_dl_sysdep_start(253):"(0x00007f9ef6fe4dfd)"[../elf/dl-sysdep.c]
_dl_start(414):"(0x00007f9ef6fcc123)"[/build/glibc-2ORdQG/glibc-2.27/elf/rtld.c]
_start(746):"(0x00007f9ef6fcb093)"[/build/glibc-2ORdQG/glibc-2.27/elf/rtld.c]
THREAD[0]_ROOT_CTXT(0):"(0x0000000000000000)"[ ]
PROCESS[1716]_ROOT_CTXT(0):"(0x0000000000000000)"[ ]
------------------------------
Bad memory access 0x7f9ef71f3dd0
----------malloc context----------
_dl_init_paths(653):"(0x00007f9ef6fd2b2b)"[/build/glibc-2ORdQG/glibc-2.27/elf/dl-load.c]
dl_main(1323):"(0x00007f9ef6fcdc41)"[/build/glibc-2ORdQG/glibc-2.27/elf/rtld.c]
_dl_sysdep_start(253):"(0x00007f9ef6fe4dfd)"[../elf/dl-sysdep.c]
_dl_start(414):"(0x00007f9ef6fcc123)"[/build/glibc-2ORdQG/glibc-2.27/elf/rtld.c]
_start(746):"(0x00007f9ef6fcb093)"[/build/glibc-2ORdQG/glibc-2.27/elf/rtld.c]
THREAD[0]_ROOT_CTXT(0):"(0x0000000000000000)"[ ]
PROCESS[1716]_ROOT_CTXT(0):"(0x0000000000000000)"[ ]
------------------------------
Bad memory access 0x7f9ef71f3dd0
----------malloc context----------
_dl_init_paths(653):"(0x00007f9ef6fd2b2b)"[/build/glibc-2ORdQG/glibc-2.27/elf/dl-load.c]
dl_main(1323):"(0x00007f9ef6fcdc41)"[/build/glibc-2ORdQG/glibc-2.27/elf/rtld.c]
_dl_sysdep_start(253):"(0x00007f9ef6fe4dfd)"[../elf/dl-sysdep.c]
_dl_start(414):"(0x00007f9ef6fcc123)"[/build/glibc-2ORdQG/glibc-2.27/elf/rtld.c]
_start(746):"(0x00007f9ef6fcb093)"[/build/glibc-2ORdQG/glibc-2.27/elf/rtld.c]
THREAD[0]_ROOT_CTXT(0):"(0x0000000000000000)"[ ]
PROCESS[1716]_ROOT_CTXT(0):"(0x0000000000000000)"[ ]
------------------------------
Bad memory access 0x7f9ef71f3dd0
----------malloc context----------
_dl_init_paths(653):"(0x00007f9ef6fd2b2b)"[/build/glibc-2ORdQG/glibc-2.27/elf/dl-load.c]
dl_main(1323):"(0x00007f9ef6fcdc41)"[/build/glibc-2ORdQG/glibc-2.27/elf/rtld.c]
_dl_sysdep_start(253):"(0x00007f9ef6fe4dfd)"[../elf/dl-sysdep.c]
_dl_start(414):"(0x00007f9ef6fcc123)"[/build/glibc-2ORdQG/glibc-2.27/elf/rtld.c]
_start(746):"(0x00007f9ef6fcb093)"[/build/glibc-2ORdQG/glibc-2.27/elf/rtld.c]
THREAD[0]_ROOT_CTXT(0):"(0x0000000000000000)"[ ]
PROCESS[1716]_ROOT_CTXT(0):"(0x0000000000000000)"[ ]
------------------------------
Bad memory access 0x7f9ef71f3df0
----------malloc context----------
malloc(83):"(0x00007f9ef6fe55a8)"[/build/glibc-2ORdQG/glibc-2.27/elf/dl-minimal.c]
__strdup(42):"(0x00007f9ef6fe7355)"[/build/glibc-2ORdQG/glibc-2.27/string/strdup.c]
_dl_load_cache_lookup(315):"(0x00007f9ef6fe271a)"[/build/glibc-2ORdQG/glibc-2.27/elf/dl-cache.c]
_dl_map_object(2255):"(0x00007f9ef6fd33ce)"[/build/glibc-2ORdQG/glibc-2.27/elf/dl-load.c]
openaux(63):"(0x00007f9ef6fd835d)"[/build/glibc-2ORdQG/glibc-2.27/elf/dl-deps.c]
_dl_catch_exception(196):"(0x00007f9ef6fe5c99)"[/build/glibc-2ORdQG/glibc-2.27/elf/dl-error-skeleton.c]
_dl_map_object_deps(249):"(0x00007f9ef6fd8663)"[/build/glibc-2ORdQG/glibc-2.27/elf/dl-deps.c]
dl_main(1726):"(0x00007f9ef6fcdec1)"[/build/glibc-2ORdQG/glibc-2.27/elf/rtld.c]
_dl_sysdep_start(253):"(0x00007f9ef6fe4dfd)"[../elf/dl-sysdep.c]
_dl_start(414):"(0x00007f9ef6fcc123)"[/build/glibc-2ORdQG/glibc-2.27/elf/rtld.c]
_start(746):"(0x00007f9ef6fcb093)"[/build/glibc-2ORdQG/glibc-2.27/elf/rtld.c]
THREAD[0]_ROOT_CTXT(0):"(0x0000000000000000)"[ ]
PROCESS[1716]_ROOT_CTXT(0):"(0x0000000000000000)"[ ]
------------------------------
Bad memory access 0x7f9ef71f3dd0
----------malloc context----------
_dl_init_paths(653):"(0x00007f9ef6fd2b2b)"[/build/glibc-2ORdQG/glibc-2.27/elf/dl-load.c]
dl_main(1323):"(0x00007f9ef6fcdc41)"[/build/glibc-2ORdQG/glibc-2.27/elf/rtld.c]
_dl_sysdep_start(253):"(0x00007f9ef6fe4dfd)"[../elf/dl-sysdep.c]
_dl_start(414):"(0x00007f9ef6fcc123)"[/build/glibc-2ORdQG/glibc-2.27/elf/rtld.c]
_start(746):"(0x00007f9ef6fcb093)"[/build/glibc-2ORdQG/glibc-2.27/elf/rtld.c]
THREAD[0]_ROOT_CTXT(0):"(0x0000000000000000)"[ ]
PROCESS[1716]_ROOT_CTXT(0):"(0x0000000000000000)"[ ]
------------------------------
Bad memory access 0x7f9ef367e4a0
----------malloc context----------
malloc(82):"(0x00007f9ef6fe5580)"[/build/glibc-2ORdQG/glibc-2.27/elf/dl-minimal.c]
_dl_new_object(73):"(0x00007f9ef6fd614c)"[/build/glibc-2ORdQG/glibc-2.27/elf/dl-object.c]
_dl_map_object_from_fd(943):"(0x00007f9ef6fd09c0)"[/build/glibc-2ORdQG/glibc-2.27/elf/dl-load.c]
_dl_map_object(2389):"(0x00007f9ef6fd3047)"[/build/glibc-2ORdQG/glibc-2.27/elf/dl-load.c]
openaux(63):"(0x00007f9ef6fd835d)"[/build/glibc-2ORdQG/glibc-2.27/elf/dl-deps.c]
_dl_catch_exception(196):"(0x00007f9ef6fe5c99)"[/build/glibc-2ORdQG/glibc-2.27/elf/dl-error-skeleton.c]
_dl_map_object_deps(249):"(0x00007f9ef6fd8663)"[/build/glibc-2ORdQG/glibc-2.27/elf/dl-deps.c]
dl_main(1726):"(0x00007f9ef6fcdec1)"[/build/glibc-2ORdQG/glibc-2.27/elf/rtld.c]
_dl_sysdep_start(253):"(0x00007f9ef6fe4dfd)"[../elf/dl-sysdep.c]
_dl_start(414):"(0x00007f9ef6fcc123)"[/build/glibc-2ORdQG/glibc-2.27/elf/rtld.c]
_start(746):"(0x00007f9ef6fcb093)"[/build/glibc-2ORdQG/glibc-2.27/elf/rtld.c]
THREAD[0]_ROOT_CTXT(0):"(0x0000000000000000)"[ ]
PROCESS[1716]_ROOT_CTXT(0):"(0x0000000000000000)"[ ]
------------------------------
Bad memory access 0x7f9ef71f3708
----------malloc context----------
malloc(83):"(0x00007f9ef6fe55a8)"[/build/glibc-2ORdQG/glibc-2.27/elf/dl-minimal.c]
_dl_new_object(73):"(0x00007f9ef6fd614c)"[/build/glibc-2ORdQG/glibc-2.27/elf/dl-object.c]
dl_main(1108):"(0x00007f9ef6fccee2)"[/build/glibc-2ORdQG/glibc-2.27/elf/rtld.c]
_dl_sysdep_start(253):"(0x00007f9ef6fe4dfd)"[../elf/dl-sysdep.c]
_dl_start(414):"(0x00007f9ef6fcc123)"[/build/glibc-2ORdQG/glibc-2.27/elf/rtld.c]
_start(746):"(0x00007f9ef6fcb093)"[/build/glibc-2ORdQG/glibc-2.27/elf/rtld.c]
THREAD[0]_ROOT_CTXT(0):"(0x0000000000000000)"[ ]
PROCESS[1716]_ROOT_CTXT(0):"(0x0000000000000000)"[ ]
------------------------------
Bad memory access 0x7f9ef71f3708
----------malloc context----------
malloc(83):"(0x00007f9ef6fe55a8)"[/build/glibc-2ORdQG/glibc-2.27/elf/dl-minimal.c]
_dl_new_object(73):"(0x00007f9ef6fd614c)"[/build/glibc-2ORdQG/glibc-2.27/elf/dl-object.c]
dl_main(1108):"(0x00007f9ef6fccee2)"[/build/glibc-2ORdQG/glibc-2.27/elf/rtld.c]
_dl_sysdep_start(253):"(0x00007f9ef6fe4dfd)"[../elf/dl-sysdep.c]
_dl_start(414):"(0x00007f9ef6fcc123)"[/build/glibc-2ORdQG/glibc-2.27/elf/rtld.c]
_start(746):"(0x00007f9ef6fcb093)"[/build/glibc-2ORdQG/glibc-2.27/elf/rtld.c]
THREAD[0]_ROOT_CTXT(0):"(0x0000000000000000)"[ ]
PROCESS[1716]_ROOT_CTXT(0):"(0x0000000000000000)"[ ]
------------------------------
Bad memory access 0x7f9ef367e4c0
----------malloc context----------
malloc(83):"(0x00007f9ef6fe55a8)"[/build/glibc-2ORdQG/glibc-2.27/elf/dl-minimal.c]
_dl_new_object(163):"(0x00007f9ef6fd6433)"[/build/glibc-2ORdQG/glibc-2.27/elf/dl-object.c]
_dl_map_object_from_fd(943):"(0x00007f9ef6fd09c0)"[/build/glibc-2ORdQG/glibc-2.27/elf/dl-load.c]
_dl_map_object(2389):"(0x00007f9ef6fd3047)"[/build/glibc-2ORdQG/glibc-2.27/elf/dl-load.c]
openaux(63):"(0x00007f9ef6fd835d)"[/build/glibc-2ORdQG/glibc-2.27/elf/dl-deps.c]
_dl_catch_exception(196):"(0x00007f9ef6fe5c99)"[/build/glibc-2ORdQG/glibc-2.27/elf/dl-error-skeleton.c]
_dl_map_object_deps(249):"(0x00007f9ef6fd8663)"[/build/glibc-2ORdQG/glibc-2.27/elf/dl-deps.c]
dl_main(1726):"(0x00007f9ef6fcdec1)"[/build/glibc-2ORdQG/glibc-2.27/elf/rtld.c]
_dl_sysdep_start(253):"(0x00007f9ef6fe4dfd)"[../elf/dl-sysdep.c]
_dl_start(414):"(0x00007f9ef6fcc123)"[/build/glibc-2ORdQG/glibc-2.27/elf/rtld.c]
_start(746):"(0x00007f9ef6fcb093)"[/build/glibc-2ORdQG/glibc-2.27/elf/rtld.c]
THREAD[0]_ROOT_CTXT(0):"(0x0000000000000000)"[ ]
PROCESS[1716]_ROOT_CTXT(0):"(0x0000000000000000)"[ ]
------------------------------
Bad memory access 0x7f9ef367e4c8
----------malloc context----------
malloc(83):"(0x00007f9ef6fe55a8)"[/build/glibc-2ORdQG/glibc-2.27/elf/dl-minimal.c]
_dl_new_object(163):"(0x00007f9ef6fd6433)"[/build/glibc-2ORdQG/glibc-2.27/elf/dl-object.c]
_dl_map_object_from_fd(943):"(0x00007f9ef6fd09c0)"[/build/glibc-2ORdQG/glibc-2.27/elf/dl-load.c]
_dl_map_object(2389):"(0x00007f9ef6fd3047)"[/build/glibc-2ORdQG/glibc-2.27/elf/dl-load.c]
openaux(63):"(0x00007f9ef6fd835d)"[/build/glibc-2ORdQG/glibc-2.27/elf/dl-deps.c]
_dl_catch_exception(196):"(0x00007f9ef6fe5c99)"[/build/glibc-2ORdQG/glibc-2.27/elf/dl-error-skeleton.c]
_dl_map_object_deps(249):"(0x00007f9ef6fd8663)"[/build/glibc-2ORdQG/glibc-2.27/elf/dl-deps.c]
dl_main(1726):"(0x00007f9ef6fcdec1)"[/build/glibc-2ORdQG/glibc-2.27/elf/rtld.c]
_dl_sysdep_start(253):"(0x00007f9ef6fe4dfd)"[../elf/dl-sysdep.c]
_dl_start(414):"(0x00007f9ef6fcc123)"[/build/glibc-2ORdQG/glibc-2.27/elf/rtld.c]
_start(746):"(0x00007f9ef6fcb093)"[/build/glibc-2ORdQG/glibc-2.27/elf/rtld.c]
THREAD[0]_ROOT_CTXT(0):"(0x0000000000000000)"[ ]
PROCESS[1716]_ROOT_CTXT(0):"(0x0000000000000000)"[ ]
------------------------------
Bad memory access 0x7f9ef367e4c8
----------malloc context----------
malloc(83):"(0x00007f9ef6fe55a8)"[/build/glibc-2ORdQG/glibc-2.27/elf/dl-minimal.c]
_dl_new_object(163):"(0x00007f9ef6fd6433)"[/build/glibc-2ORdQG/glibc-2.27/elf/dl-object.c]
_dl_map_object_from_fd(943):"(0x00007f9ef6fd09c0)"[/build/glibc-2ORdQG/glibc-2.27/elf/dl-load.c]
_dl_map_object(2389):"(0x00007f9ef6fd3047)"[/build/glibc-2ORdQG/glibc-2.27/elf/dl-load.c]
openaux(63):"(0x00007f9ef6fd835d)"[/build/glibc-2ORdQG/glibc-2.27/elf/dl-deps.c]
_dl_catch_exception(196):"(0x00007f9ef6fe5c99)"[/build/glibc-2ORdQG/glibc-2.27/elf/dl-error-skeleton.c]
_dl_map_object_deps(249):"(0x00007f9ef6fd8663)"[/build/glibc-2ORdQG/glibc-2.27/elf/dl-deps.c]
dl_main(1726):"(0x00007f9ef6fcdec1)"[/build/glibc-2ORdQG/glibc-2.27/elf/rtld.c]
_dl_sysdep_start(253):"(0x00007f9ef6fe4dfd)"[../elf/dl-sysdep.c]
_dl_start(414):"(0x00007f9ef6fcc123)"[/build/glibc-2ORdQG/glibc-2.27/elf/rtld.c]
_start(746):"(0x00007f9ef6fcb093)"[/build/glibc-2ORdQG/glibc-2.27/elf/rtld.c]
THREAD[0]_ROOT_CTXT(0):"(0x0000000000000000)"[ ]
PROCESS[1716]_ROOT_CTXT(0):"(0x0000000000000000)"[ ]
------------------------------
Bad memory access 0x7f9ef367e4c0
----------malloc context----------
malloc(83):"(0x00007f9ef6fe55a8)"[/build/glibc-2ORdQG/glibc-2.27/elf/dl-minimal.c]
_dl_new_object(163):"(0x00007f9ef6fd6433)"[/build/glibc-2ORdQG/glibc-2.27/elf/dl-object.c]
_dl_map_object_from_fd(943):"(0x00007f9ef6fd09c0)"[/build/glibc-2ORdQG/glibc-2.27/elf/dl-load.c]
_dl_map_object(2389):"(0x00007f9ef6fd3047)"[/build/glibc-2ORdQG/glibc-2.27/elf/dl-load.c]
openaux(63):"(0x00007f9ef6fd835d)"[/build/glibc-2ORdQG/glibc-2.27/elf/dl-deps.c]
_dl_catch_exception(196):"(0x00007f9ef6fe5c99)"[/build/glibc-2ORdQG/glibc-2.27/elf/dl-error-skeleton.c]
_dl_map_object_deps(249):"(0x00007f9ef6fd8663)"[/build/glibc-2ORdQG/glibc-2.27/elf/dl-deps.c]
dl_main(1726):"(0x00007f9ef6fcdec1)"[/build/glibc-2ORdQG/glibc-2.27/elf/rtld.c]
_dl_sysdep_start(253):"(0x00007f9ef6fe4dfd)"[../elf/dl-sysdep.c]
_dl_start(414):"(0x00007f9ef6fcc123)"[/build/glibc-2ORdQG/glibc-2.27/elf/rtld.c]
_start(746):"(0x00007f9ef6fcb093)"[/build/glibc-2ORdQG/glibc-2.27/elf/rtld.c]
THREAD[0]_ROOT_CTXT(0):"(0x0000000000000000)"[ ]
PROCESS[1716]_ROOT_CTXT(0):"(0x0000000000000000)"[ ]
------------------------------
Bad memory access 0x7f9ef367e4c0
----------malloc context----------
malloc(83):"(0x00007f9ef6fe55a8)"[/build/glibc-2ORdQG/glibc-2.27/elf/dl-minimal.c]
_dl_new_object(163):"(0x00007f9ef6fd6433)"[/build/glibc-2ORdQG/glibc-2.27/elf/dl-object.c]
_dl_map_object_from_fd(943):"(0x00007f9ef6fd09c0)"[/build/glibc-2ORdQG/glibc-2.27/elf/dl-load.c]
_dl_map_object(2389):"(0x00007f9ef6fd3047)"[/build/glibc-2ORdQG/glibc-2.27/elf/dl-load.c]
openaux(63):"(0x00007f9ef6fd835d)"[/build/glibc-2ORdQG/glibc-2.27/elf/dl-deps.c]
_dl_catch_exception(196):"(0x00007f9ef6fe5c99)"[/build/glibc-2ORdQG/glibc-2.27/elf/dl-error-skeleton.c]
_dl_map_object_deps(249):"(0x00007f9ef6fd8663)"[/build/glibc-2ORdQG/glibc-2.27/elf/dl-deps.c]
dl_main(1726):"(0x00007f9ef6fcdec1)"[/build/glibc-2ORdQG/glibc-2.27/elf/rtld.c]
_dl_sysdep_start(253):"(0x00007f9ef6fe4dfd)"[../elf/dl-sysdep.c]
_dl_start(414):"(0x00007f9ef6fcc123)"[/build/glibc-2ORdQG/glibc-2.27/elf/rtld.c]
_start(746):"(0x00007f9ef6fcb093)"[/build/glibc-2ORdQG/glibc-2.27/elf/rtld.c]
THREAD[0]_ROOT_CTXT(0):"(0x0000000000000000)"[ ]
PROCESS[1716]_ROOT_CTXT(0):"(0x0000000000000000)"[ ]
------------------------------
Bad memory access 0x7f9ef367e4f0
----------malloc context----------
malloc(83):"(0x00007f9ef6fe55a8)"[/build/glibc-2ORdQG/glibc-2.27/elf/dl-minimal.c]
_dl_map_object_deps(438):"(0x00007f9ef6fd8855)"[/build/glibc-2ORdQG/glibc-2.27/elf/dl-deps.c]
dl_main(1726):"(0x00007f9ef6fcdec1)"[/build/glibc-2ORdQG/glibc-2.27/elf/rtld.c]
_dl_sysdep_start(253):"(0x00007f9ef6fe4dfd)"[../elf/dl-sysdep.c]
_dl_start(414):"(0x00007f9ef6fcc123)"[/build/glibc-2ORdQG/glibc-2.27/elf/rtld.c]
_start(746):"(0x00007f9ef6fcb093)"[/build/glibc-2ORdQG/glibc-2.27/elf/rtld.c]
THREAD[0]_ROOT_CTXT(0):"(0x0000000000000000)"[ ]
PROCESS[1716]_ROOT_CTXT(0):"(0x0000000000000000)"[ ]
------------------------------
Bad memory access 0x7f9ef71f3708
----------malloc context----------
malloc(83):"(0x00007f9ef6fe55a8)"[/build/glibc-2ORdQG/glibc-2.27/elf/dl-minimal.c]
_dl_new_object(73):"(0x00007f9ef6fd614c)"[/build/glibc-2ORdQG/glibc-2.27/elf/dl-object.c]
dl_main(1108):"(0x00007f9ef6fccee2)"[/build/glibc-2ORdQG/glibc-2.27/elf/rtld.c]
_dl_sysdep_start(253):"(0x00007f9ef6fe4dfd)"[../elf/dl-sysdep.c]
_dl_start(414):"(0x00007f9ef6fcc123)"[/build/glibc-2ORdQG/glibc-2.27/elf/rtld.c]
_start(746):"(0x00007f9ef6fcb093)"[/build/glibc-2ORdQG/glibc-2.27/elf/rtld.c]
THREAD[0]_ROOT_CTXT(0):"(0x0000000000000000)"[ ]
PROCESS[1716]_ROOT_CTXT(0):"(0x0000000000000000)"[ ]
------------------------------
Bad memory access 0x7f9ef71f3708
----------malloc context----------
malloc(83):"(0x00007f9ef6fe55a8)"[/build/glibc-2ORdQG/glibc-2.27/elf/dl-minimal.c]
_dl_new_object(73):"(0x00007f9ef6fd614c)"[/build/glibc-2ORdQG/glibc-2.27/elf/dl-object.c]
dl_main(1108):"(0x00007f9ef6fccee2)"[/build/glibc-2ORdQG/glibc-2.27/elf/rtld.c]
_dl_sysdep_start(253):"(0x00007f9ef6fe4dfd)"[../elf/dl-sysdep.c]
_dl_start(414):"(0x00007f9ef6fcc123)"[/build/glibc-2ORdQG/glibc-2.27/elf/rtld.c]
_start(746):"(0x00007f9ef6fcb093)"[/build/glibc-2ORdQG/glibc-2.27/elf/rtld.c]
THREAD[0]_ROOT_CTXT(0):"(0x0000000000000000)"[ ]
PROCESS[1716]_ROOT_CTXT(0):"(0x0000000000000000)"[ ]
------------------------------
Bad memory access 0x7f9ef71f3bb8
----------malloc context----------
_dl_important_hwcaps(230):"(0x00007f9ef6fd9b0f)"[/build/glibc-2ORdQG/glibc-2.27/elf/dl-hwcaps.c]
_dl_init_paths(636):"(0x00007f9ef6fd2ac1)"[/build/glibc-2ORdQG/glibc-2.27/elf/dl-load.c]
dl_main(1323):"(0x00007f9ef6fcdc41)"[/build/glibc-2ORdQG/glibc-2.27/elf/rtld.c]
_dl_sysdep_start(253):"(0x00007f9ef6fe4dfd)"[../elf/dl-sysdep.c]
_dl_start(414):"(0x00007f9ef6fcc123)"[/build/glibc-2ORdQG/glibc-2.27/elf/rtld.c]
_start(746):"(0x00007f9ef6fcb093)"[/build/glibc-2ORdQG/glibc-2.27/elf/rtld.c]
THREAD[0]_ROOT_CTXT(0):"(0x0000000000000000)"[ ]
PROCESS[1716]_ROOT_CTXT(0):"(0x0000000000000000)"[ ]
------------------------------
Bad memory access 0x7f9ef71f3bb8
----------malloc context----------
_dl_important_hwcaps(230):"(0x00007f9ef6fd9b0f)"[/build/glibc-2ORdQG/glibc-2.27/elf/dl-hwcaps.c]
_dl_init_paths(636):"(0x00007f9ef6fd2ac1)"[/build/glibc-2ORdQG/glibc-2.27/elf/dl-load.c]
dl_main(1323):"(0x00007f9ef6fcdc41)"[/build/glibc-2ORdQG/glibc-2.27/elf/rtld.c]
_dl_sysdep_start(253):"(0x00007f9ef6fe4dfd)"[../elf/dl-sysdep.c]
_dl_start(414):"(0x00007f9ef6fcc123)"[/build/glibc-2ORdQG/glibc-2.27/elf/rtld.c]
_start(746):"(0x00007f9ef6fcb093)"[/build/glibc-2ORdQG/glibc-2.27/elf/rtld.c]
THREAD[0]_ROOT_CTXT(0):"(0x0000000000000000)"[ ]
PROCESS[1716]_ROOT_CTXT(0):"(0x0000000000000000)"[ ]
------------------------------
Bad memory access 0x7f9ef71f3dd0
----------malloc context----------
_dl_init_paths(653):"(0x00007f9ef6fd2b2b)"[/build/glibc-2ORdQG/glibc-2.27/elf/dl-load.c]
dl_main(1323):"(0x00007f9ef6fcdc41)"[/build/glibc-2ORdQG/glibc-2.27/elf/rtld.c]
_dl_sysdep_start(253):"(0x00007f9ef6fe4dfd)"[../elf/dl-sysdep.c]
_dl_start(414):"(0x00007f9ef6fcc123)"[/build/glibc-2ORdQG/glibc-2.27/elf/rtld.c]
_start(746):"(0x00007f9ef6fcb093)"[/build/glibc-2ORdQG/glibc-2.27/elf/rtld.c]
THREAD[0]_ROOT_CTXT(0):"(0x0000000000000000)"[ ]
PROCESS[1716]_ROOT_CTXT(0):"(0x0000000000000000)"[ ]
------------------------------
Bad memory access 0x7f9ef71f3dd8
----------malloc context----------
_dl_init_paths(653):"(0x00007f9ef6fd2b2b)"[/build/glibc-2ORdQG/glibc-2.27/elf/dl-load.c]
dl_main(1323):"(0x00007f9ef6fcdc41)"[/build/glibc-2ORdQG/glibc-2.27/elf/rtld.c]
_dl_sysdep_start(253):"(0x00007f9ef6fe4dfd)"[../elf/dl-sysdep.c]
_dl_start(414):"(0x00007f9ef6fcc123)"[/build/glibc-2ORdQG/glibc-2.27/elf/rtld.c]
_start(746):"(0x00007f9ef6fcb093)"[/build/glibc-2ORdQG/glibc-2.27/elf/rtld.c]
THREAD[0]_ROOT_CTXT(0):"(0x0000000000000000)"[ ]
PROCESS[1716]_ROOT_CTXT(0):"(0x0000000000000000)"[ ]
------------------------------
Bad memory access 0x7f9ef71f3dd0
----------malloc context----------
_dl_init_paths(653):"(0x00007f9ef6fd2b2b)"[/build/glibc-2ORdQG/glibc-2.27/elf/dl-load.c]
dl_main(1323):"(0x00007f9ef6fcdc41)"[/build/glibc-2ORdQG/glibc-2.27/elf/rtld.c]
_dl_sysdep_start(253):"(0x00007f9ef6fe4dfd)"[../elf/dl-sysdep.c]
_dl_start(414):"(0x00007f9ef6fcc123)"[/build/glibc-2ORdQG/glibc-2.27/elf/rtld.c]
_start(746):"(0x00007f9ef6fcb093)"[/build/glibc-2ORdQG/glibc-2.27/elf/rtld.c]
THREAD[0]_ROOT_CTXT(0):"(0x0000000000000000)"[ ]
PROCESS[1716]_ROOT_CTXT(0):"(0x0000000000000000)"[ ]
------------------------------
Bad memory access 0x7f9ef367e498
----------malloc context----------
malloc(83):"(0x00007f9ef6fe55a8)"[/build/glibc-2ORdQG/glibc-2.27/elf/dl-minimal.c]
_dl_new_object(163):"(0x00007f9ef6fd6433)"[/build/glibc-2ORdQG/glibc-2.27/elf/dl-object.c]
_dl_map_object_from_fd(943):"(0x00007f9ef6fd09c0)"[/build/glibc-2ORdQG/glibc-2.27/elf/dl-load.c]
_dl_map_object(2389):"(0x00007f9ef6fd3047)"[/build/glibc-2ORdQG/glibc-2.27/elf/dl-load.c]
openaux(63):"(0x00007f9ef6fd835d)"[/build/glibc-2ORdQG/glibc-2.27/elf/dl-deps.c]
_dl_catch_exception(196):"(0x00007f9ef6fe5c99)"[/build/glibc-2ORdQG/glibc-2.27/elf/dl-error-skeleton.c]
_dl_map_object_deps(249):"(0x00007f9ef6fd8663)"[/build/glibc-2ORdQG/glibc-2.27/elf/dl-deps.c]
dl_main(1726):"(0x00007f9ef6fcdec1)"[/build/glibc-2ORdQG/glibc-2.27/elf/rtld.c]
_dl_sysdep_start(253):"(0x00007f9ef6fe4dfd)"[../elf/dl-sysdep.c]
_dl_start(414):"(0x00007f9ef6fcc123)"[/build/glibc-2ORdQG/glibc-2.27/elf/rtld.c]
_start(746):"(0x00007f9ef6fcb093)"[/build/glibc-2ORdQG/glibc-2.27/elf/rtld.c]
THREAD[0]_ROOT_CTXT(0):"(0x0000000000000000)"[ ]
PROCESS[1716]_ROOT_CTXT(0):"(0x0000000000000000)"[ ]
------------------------------
Bad memory access 0x7f9ef367e499
----------malloc context----------
malloc(83):"(0x00007f9ef6fe55a8)"[/build/glibc-2ORdQG/glibc-2.27/elf/dl-minimal.c]
_dl_new_object(163):"(0x00007f9ef6fd6433)"[/build/glibc-2ORdQG/glibc-2.27/elf/dl-object.c]
_dl_map_object_from_fd(943):"(0x00007f9ef6fd09c0)"[/build/glibc-2ORdQG/glibc-2.27/elf/dl-load.c]
_dl_map_object(2389):"(0x00007f9ef6fd3047)"[/build/glibc-2ORdQG/glibc-2.27/elf/dl-load.c]
openaux(63):"(0x00007f9ef6fd835d)"[/build/glibc-2ORdQG/glibc-2.27/elf/dl-deps.c]
_dl_catch_exception(196):"(0x00007f9ef6fe5c99)"[/build/glibc-2ORdQG/glibc-2.27/elf/dl-error-skeleton.c]
_dl_map_object_deps(249):"(0x00007f9ef6fd8663)"[/build/glibc-2ORdQG/glibc-2.27/elf/dl-deps.c]
dl_main(1726):"(0x00007f9ef6fcdec1)"[/build/glibc-2ORdQG/glibc-2.27/elf/rtld.c]
_dl_sysdep_start(253):"(0x00007f9ef6fe4dfd)"[../elf/dl-sysdep.c]
_dl_start(414):"(0x00007f9ef6fcc123)"[/build/glibc-2ORdQG/glibc-2.27/elf/rtld.c]
_start(746):"(0x00007f9ef6fcb093)"[/build/glibc-2ORdQG/glibc-2.27/elf/rtld.c]
THREAD[0]_ROOT_CTXT(0):"(0x0000000000000000)"[ ]
PROCESS[1716]_ROOT_CTXT(0):"(0x0000000000000000)"[ ]
------------------------------
Bad memory access 0x7f9ef71f3708
----------malloc context----------
malloc(83):"(0x00007f9ef6fe55a8)"[/build/glibc-2ORdQG/glibc-2.27/elf/dl-minimal.c]
_dl_new_object(73):"(0x00007f9ef6fd614c)"[/build/glibc-2ORdQG/glibc-2.27/elf/dl-object.c]
dl_main(1108):"(0x00007f9ef6fccee2)"[/build/glibc-2ORdQG/glibc-2.27/elf/rtld.c]
_dl_sysdep_start(253):"(0x00007f9ef6fe4dfd)"[../elf/dl-sysdep.c]
_dl_start(414):"(0x00007f9ef6fcc123)"[/build/glibc-2ORdQG/glibc-2.27/elf/rtld.c]
_start(746):"(0x00007f9ef6fcb093)"[/build/glibc-2ORdQG/glibc-2.27/elf/rtld.c]
THREAD[0]_ROOT_CTXT(0):"(0x0000000000000000)"[ ]
PROCESS[1716]_ROOT_CTXT(0):"(0x0000000000000000)"[ ]
------------------------------
Bad memory access 0x7f9ef71f3708
----------malloc context----------
malloc(83):"(0x00007f9ef6fe55a8)"[/build/glibc-2ORdQG/glibc-2.27/elf/dl-minimal.c]
_dl_new_object(73):"(0x00007f9ef6fd614c)"[/build/glibc-2ORdQG/glibc-2.27/elf/dl-object.c]
dl_main(1108):"(0x00007f9ef6fccee2)"[/build/glibc-2ORdQG/glibc-2.27/elf/rtld.c]
_dl_sysdep_start(253):"(0x00007f9ef6fe4dfd)"[../elf/dl-sysdep.c]
_dl_start(414):"(0x00007f9ef6fcc123)"[/build/glibc-2ORdQG/glibc-2.27/elf/rtld.c]
_start(746):"(0x00007f9ef6fcb093)"[/build/glibc-2ORdQG/glibc-2.27/elf/rtld.c]
THREAD[0]_ROOT_CTXT(0):"(0x0000000000000000)"[ ]
PROCESS[1716]_ROOT_CTXT(0):"(0x0000000000000000)"[ ]
------------------------------
Bad memory access 0x7f9ef71f3bb8
----------malloc context----------
_dl_important_hwcaps(230):"(0x00007f9ef6fd9b0f)"[/build/glibc-2ORdQG/glibc-2.27/elf/dl-hwcaps.c]
_dl_init_paths(636):"(0x00007f9ef6fd2ac1)"[/build/glibc-2ORdQG/glibc-2.27/elf/dl-load.c]
dl_main(1323):"(0x00007f9ef6fcdc41)"[/build/glibc-2ORdQG/glibc-2.27/elf/rtld.c]
_dl_sysdep_start(253):"(0x00007f9ef6fe4dfd)"[../elf/dl-sysdep.c]
_dl_start(414):"(0x00007f9ef6fcc123)"[/build/glibc-2ORdQG/glibc-2.27/elf/rtld.c]
_start(746):"(0x00007f9ef6fcb093)"[/build/glibc-2ORdQG/glibc-2.27/elf/rtld.c]
THREAD[0]_ROOT_CTXT(0):"(0x0000000000000000)"[ ]
PROCESS[1716]_ROOT_CTXT(0):"(0x0000000000000000)"[ ]
------------------------------
Bad memory access 0x7f9ef71f3bb8
----------malloc context----------
_dl_important_hwcaps(230):"(0x00007f9ef6fd9b0f)"[/build/glibc-2ORdQG/glibc-2.27/elf/dl-hwcaps.c]
_dl_init_paths(636):"(0x00007f9ef6fd2ac1)"[/build/glibc-2ORdQG/glibc-2.27/elf/dl-load.c]
dl_main(1323):"(0x00007f9ef6fcdc41)"[/build/glibc-2ORdQG/glibc-2.27/elf/rtld.c]
_dl_sysdep_start(253):"(0x00007f9ef6fe4dfd)"[../elf/dl-sysdep.c]
_dl_start(414):"(0x00007f9ef6fcc123)"[/build/glibc-2ORdQG/glibc-2.27/elf/rtld.c]
_start(746):"(0x00007f9ef6fcb093)"[/build/glibc-2ORdQG/glibc-2.27/elf/rtld.c]
THREAD[0]_ROOT_CTXT(0):"(0x0000000000000000)"[ ]
PROCESS[1716]_ROOT_CTXT(0):"(0x0000000000000000)"[ ]
------------------------------
Bad memory access 0x7f9ef71f3dd0
----------malloc context----------
_dl_init_paths(653):"(0x00007f9ef6fd2b2b)"[/build/glibc-2ORdQG/glibc-2.27/elf/dl-load.c]
dl_main(1323):"(0x00007f9ef6fcdc41)"[/build/glibc-2ORdQG/glibc-2.27/elf/rtld.c]
_dl_sysdep_start(253):"(0x00007f9ef6fe4dfd)"[../elf/dl-sysdep.c]
_dl_start(414):"(0x00007f9ef6fcc123)"[/build/glibc-2ORdQG/glibc-2.27/elf/rtld.c]
_start(746):"(0x00007f9ef6fcb093)"[/build/glibc-2ORdQG/glibc-2.27/elf/rtld.c]
THREAD[0]_ROOT_CTXT(0):"(0x0000000000000000)"[ ]
PROCESS[1716]_ROOT_CTXT(0):"(0x0000000000000000)"[ ]
------------------------------
Bad memory access 0x7f9ef71f3dd8
----------malloc context----------
_dl_init_paths(653):"(0x00007f9ef6fd2b2b)"[/build/glibc-2ORdQG/glibc-2.27/elf/dl-load.c]
dl_main(1323):"(0x00007f9ef6fcdc41)"[/build/glibc-2ORdQG/glibc-2.27/elf/rtld.c]
_dl_sysdep_start(253):"(0x00007f9ef6fe4dfd)"[../elf/dl-sysdep.c]
_dl_start(414):"(0x00007f9ef6fcc123)"[/build/glibc-2ORdQG/glibc-2.27/elf/rtld.c]
_start(746):"(0x00007f9ef6fcb093)"[/build/glibc-2ORdQG/glibc-2.27/elf/rtld.c]
THREAD[0]_ROOT_CTXT(0):"(0x0000000000000000)"[ ]
PROCESS[1716]_ROOT_CTXT(0):"(0x0000000000000000)"[ ]
------------------------------
Bad memory access 0x7f9ef71f3dd0
----------malloc context----------
_dl_init_paths(653):"(0x00007f9ef6fd2b2b)"[/build/glibc-2ORdQG/glibc-2.27/elf/dl-load.c]
dl_main(1323):"(0x00007f9ef6fcdc41)"[/build/glibc-2ORdQG/glibc-2.27/elf/rtld.c]
_dl_sysdep_start(253):"(0x00007f9ef6fe4dfd)"[../elf/dl-sysdep.c]
_dl_start(414):"(0x00007f9ef6fcc123)"[/build/glibc-2ORdQG/glibc-2.27/elf/rtld.c]
_start(746):"(0x00007f9ef6fcb093)"[/build/glibc-2ORdQG/glibc-2.27/elf/rtld.c]
THREAD[0]_ROOT_CTXT(0):"(0x0000000000000000)"[ ]
PROCESS[1716]_ROOT_CTXT(0):"(0x0000000000000000)"[ ]
------------------------------
Bad memory access 0x7f9ef367e498
----------malloc context----------
malloc(83):"(0x00007f9ef6fe55a8)"[/build/glibc-2ORdQG/glibc-2.27/elf/dl-minimal.c]
_dl_new_object(163):"(0x00007f9ef6fd6433)"[/build/glibc-2ORdQG/glibc-2.27/elf/dl-object.c]
_dl_map_object_from_fd(943):"(0x00007f9ef6fd09c0)"[/build/glibc-2ORdQG/glibc-2.27/elf/dl-load.c]
_dl_map_object(2389):"(0x00007f9ef6fd3047)"[/build/glibc-2ORdQG/glibc-2.27/elf/dl-load.c]
openaux(63):"(0x00007f9ef6fd835d)"[/build/glibc-2ORdQG/glibc-2.27/elf/dl-deps.c]
_dl_catch_exception(196):"(0x00007f9ef6fe5c99)"[/build/glibc-2ORdQG/glibc-2.27/elf/dl-error-skeleton.c]
_dl_map_object_deps(249):"(0x00007f9ef6fd8663)"[/build/glibc-2ORdQG/glibc-2.27/elf/dl-deps.c]
dl_main(1726):"(0x00007f9ef6fcdec1)"[/build/glibc-2ORdQG/glibc-2.27/elf/rtld.c]
_dl_sysdep_start(253):"(0x00007f9ef6fe4dfd)"[../elf/dl-sysdep.c]
_dl_start(414):"(0x00007f9ef6fcc123)"[/build/glibc-2ORdQG/glibc-2.27/elf/rtld.c]
_start(746):"(0x00007f9ef6fcb093)"[/build/glibc-2ORdQG/glibc-2.27/elf/rtld.c]
THREAD[0]_ROOT_CTXT(0):"(0x0000000000000000)"[ ]
PROCESS[1716]_ROOT_CTXT(0):"(0x0000000000000000)"[ ]
------------------------------
Bad memory access 0x7f9ef71f3dd0
----------malloc context----------
_dl_init_paths(653):"(0x00007f9ef6fd2b2b)"[/build/glibc-2ORdQG/glibc-2.27/elf/dl-load.c]
dl_main(1323):"(0x00007f9ef6fcdc41)"[/build/glibc-2ORdQG/glibc-2.27/elf/rtld.c]
_dl_sysdep_start(253):"(0x00007f9ef6fe4dfd)"[../elf/dl-sysdep.c]
_dl_start(414):"(0x00007f9ef6fcc123)"[/build/glibc-2ORdQG/glibc-2.27/elf/rtld.c]
_start(746):"(0x00007f9ef6fcb093)"[/build/glibc-2ORdQG/glibc-2.27/elf/rtld.c]
THREAD[0]_ROOT_CTXT(0):"(0x0000000000000000)"[ ]
PROCESS[1716]_ROOT_CTXT(0):"(0x0000000000000000)"[ ]
------------------------------
Bad memory access 0x7f9ef71f3dd0
----------malloc context----------
_dl_init_paths(653):"(0x00007f9ef6fd2b2b)"[/build/glibc-2ORdQG/glibc-2.27/elf/dl-load.c]
dl_main(1323):"(0x00007f9ef6fcdc41)"[/build/glibc-2ORdQG/glibc-2.27/elf/rtld.c]
_dl_sysdep_start(253):"(0x00007f9ef6fe4dfd)"[../elf/dl-sysdep.c]
_dl_start(414):"(0x00007f9ef6fcc123)"[/build/glibc-2ORdQG/glibc-2.27/elf/rtld.c]
_start(746):"(0x00007f9ef6fcb093)"[/build/glibc-2ORdQG/glibc-2.27/elf/rtld.c]
THREAD[0]_ROOT_CTXT(0):"(0x0000000000000000)"[ ]
PROCESS[1716]_ROOT_CTXT(0):"(0x0000000000000000)"[ ]
------------------------------
Bad memory access 0x7f9ef367e968
----------malloc context----------
_dl_check_map_versions(273):"(0x00007f9ef6fdbed9)"[/build/glibc-2ORdQG/glibc-2.27/elf/dl-version.c]
_dl_check_all_versions(368):"(0x00007f9ef6fdc169)"[/build/glibc-2ORdQG/glibc-2.27/elf/dl-version.c]
version_check_doit(623):"(0x00007f9ef6fcbe73)"[/build/glibc-2ORdQG/glibc-2.27/elf/rtld.c]
_dl_receive_error(234):"(0x00007f9ef6fe5d69)"[/build/glibc-2ORdQG/glibc-2.27/elf/dl-error-skeleton.c]
dl_main(1789):"(0x00007f9ef6fcdffe)"[/build/glibc-2ORdQG/glibc-2.27/elf/rtld.c]
_dl_sysdep_start(253):"(0x00007f9ef6fe4dfd)"[../elf/dl-sysdep.c]
_dl_start(414):"(0x00007f9ef6fcc123)"[/build/glibc-2ORdQG/glibc-2.27/elf/rtld.c]
_start(746):"(0x00007f9ef6fcb093)"[/build/glibc-2ORdQG/glibc-2.27/elf/rtld.c]
THREAD[0]_ROOT_CTXT(0):"(0x0000000000000000)"[ ]
PROCESS[1716]_ROOT_CTXT(0):"(0x0000000000000000)"[ ]
------------------------------
Bad memory access 0x7f9ef367e960
----------malloc context----------
_dl_check_map_versions(273):"(0x00007f9ef6fdbed9)"[/build/glibc-2ORdQG/glibc-2.27/elf/dl-version.c]
_dl_check_all_versions(368):"(0x00007f9ef6fdc169)"[/build/glibc-2ORdQG/glibc-2.27/elf/dl-version.c]
version_check_doit(623):"(0x00007f9ef6fcbe73)"[/build/glibc-2ORdQG/glibc-2.27/elf/rtld.c]
_dl_receive_error(234):"(0x00007f9ef6fe5d69)"[/build/glibc-2ORdQG/glibc-2.27/elf/dl-error-skeleton.c]
dl_main(1789):"(0x00007f9ef6fcdffe)"[/build/glibc-2ORdQG/glibc-2.27/elf/rtld.c]
_dl_sysdep_start(253):"(0x00007f9ef6fe4dfd)"[../elf/dl-sysdep.c]
_dl_start(414):"(0x00007f9ef6fcc123)"[/build/glibc-2ORdQG/glibc-2.27/elf/rtld.c]
_start(746):"(0x00007f9ef6fcb093)"[/build/glibc-2ORdQG/glibc-2.27/elf/rtld.c]
THREAD[0]_ROOT_CTXT(0):"(0x0000000000000000)"[ ]
PROCESS[1716]_ROOT_CTXT(0):"(0x0000000000000000)"[ ]
------------------------------
Bad memory access 0x7f9ef367e968
----------malloc context----------
_dl_check_map_versions(273):"(0x00007f9ef6fdbed9)"[/build/glibc-2ORdQG/glibc-2.27/elf/dl-version.c]
_dl_check_all_versions(368):"(0x00007f9ef6fdc169)"[/build/glibc-2ORdQG/glibc-2.27/elf/dl-version.c]
version_check_doit(623):"(0x00007f9ef6fcbe73)"[/build/glibc-2ORdQG/glibc-2.27/elf/rtld.c]
_dl_receive_error(234):"(0x00007f9ef6fe5d69)"[/build/glibc-2ORdQG/glibc-2.27/elf/dl-error-skeleton.c]
dl_main(1789):"(0x00007f9ef6fcdffe)"[/build/glibc-2ORdQG/glibc-2.27/elf/rtld.c]
_dl_sysdep_start(253):"(0x00007f9ef6fe4dfd)"[../elf/dl-sysdep.c]
_dl_start(414):"(0x00007f9ef6fcc123)"[/build/glibc-2ORdQG/glibc-2.27/elf/rtld.c]
_start(746):"(0x00007f9ef6fcb093)"[/build/glibc-2ORdQG/glibc-2.27/elf/rtld.c]
THREAD[0]_ROOT_CTXT(0):"(0x0000000000000000)"[ ]
PROCESS[1716]_ROOT_CTXT(0):"(0x0000000000000000)"[ ]
------------------------------
Bad memory access 0x7f9ef367e960
----------malloc context----------
_dl_check_map_versions(273):"(0x00007f9ef6fdbed9)"[/build/glibc-2ORdQG/glibc-2.27/elf/dl-version.c]
_dl_check_all_versions(368):"(0x00007f9ef6fdc169)"[/build/glibc-2ORdQG/glibc-2.27/elf/dl-version.c]
version_check_doit(623):"(0x00007f9ef6fcbe73)"[/build/glibc-2ORdQG/glibc-2.27/elf/rtld.c]
_dl_receive_error(234):"(0x00007f9ef6fe5d69)"[/build/glibc-2ORdQG/glibc-2.27/elf/dl-error-skeleton.c]
dl_main(1789):"(0x00007f9ef6fcdffe)"[/build/glibc-2ORdQG/glibc-2.27/elf/rtld.c]
_dl_sysdep_start(253):"(0x00007f9ef6fe4dfd)"[../elf/dl-sysdep.c]
_dl_start(414):"(0x00007f9ef6fcc123)"[/build/glibc-2ORdQG/glibc-2.27/elf/rtld.c]
_start(746):"(0x00007f9ef6fcb093)"[/build/glibc-2ORdQG/glibc-2.27/elf/rtld.c]
THREAD[0]_ROOT_CTXT(0):"(0x0000000000000000)"[ ]
PROCESS[1716]_ROOT_CTXT(0):"(0x0000000000000000)"[ ]
------------------------------
Bad memory access 0x7f9ef367fe00
----------malloc context----------
malloc(83):"(0x00007f9ef6fe55a8)"[/build/glibc-2ORdQG/glibc-2.27/elf/dl-minimal.c]
_dl_allocate_tls_storage(346):"(0x00007f9ef6fdd0f7)"[../elf/dl-tls.c]
init_tls(730):"(0x00007f9ef6fcafd7)"[/build/glibc-2ORdQG/glibc-2.27/elf/rtld.c]
dl_main(1801):"(0x00007f9ef6fce01a)"[/build/glibc-2ORdQG/glibc-2.27/elf/rtld.c]
_dl_sysdep_start(253):"(0x00007f9ef6fe4dfd)"[../elf/dl-sysdep.c]
_dl_start(414):"(0x00007f9ef6fcc123)"[/build/glibc-2ORdQG/glibc-2.27/elf/rtld.c]
_start(746):"(0x00007f9ef6fcb093)"[/build/glibc-2ORdQG/glibc-2.27/elf/rtld.c]
THREAD[0]_ROOT_CTXT(0):"(0x0000000000000000)"[ ]
PROCESS[1716]_ROOT_CTXT(0):"(0x0000000000000000)"[ ]
------------------------------
Bad memory access 0x7f9ef71f3708
----------malloc context----------
malloc(83):"(0x00007f9ef6fe55a8)"[/build/glibc-2ORdQG/glibc-2.27/elf/dl-minimal.c]
_dl_new_object(73):"(0x00007f9ef6fd614c)"[/build/glibc-2ORdQG/glibc-2.27/elf/dl-object.c]
dl_main(1108):"(0x00007f9ef6fccee2)"[/build/glibc-2ORdQG/glibc-2.27/elf/rtld.c]
_dl_sysdep_start(253):"(0x00007f9ef6fe4dfd)"[../elf/dl-sysdep.c]
_dl_start(414):"(0x00007f9ef6fcc123)"[/build/glibc-2ORdQG/glibc-2.27/elf/rtld.c]
_start(746):"(0x00007f9ef6fcb093)"[/build/glibc-2ORdQG/glibc-2.27/elf/rtld.c]
THREAD[0]_ROOT_CTXT(0):"(0x0000000000000000)"[ ]
PROCESS[1716]_ROOT_CTXT(0):"(0x0000000000000000)"[ ]
------------------------------
Bad memory access 0x7f9ef71f3708
----------malloc context----------
malloc(83):"(0x00007f9ef6fe55a8)"[/build/glibc-2ORdQG/glibc-2.27/elf/dl-minimal.c]
_dl_new_object(73):"(0x00007f9ef6fd614c)"[/build/glibc-2ORdQG/glibc-2.27/elf/dl-object.c]
dl_main(1108):"(0x00007f9ef6fccee2)"[/build/glibc-2ORdQG/glibc-2.27/elf/rtld.c]
_dl_sysdep_start(253):"(0x00007f9ef6fe4dfd)"[../elf/dl-sysdep.c]
_dl_start(414):"(0x00007f9ef6fcc123)"[/build/glibc-2ORdQG/glibc-2.27/elf/rtld.c]
_start(746):"(0x00007f9ef6fcb093)"[/build/glibc-2ORdQG/glibc-2.27/elf/rtld.c]
THREAD[0]_ROOT_CTXT(0):"(0x0000000000000000)"[ ]
PROCESS[1716]_ROOT_CTXT(0):"(0x0000000000000000)"[ ]
------------------------------
Bad memory access 0x7f9ef71f3dd0
----------malloc context----------
_dl_init_paths(653):"(0x00007f9ef6fd2b2b)"[/build/glibc-2ORdQG/glibc-2.27/elf/dl-load.c]
dl_main(1323):"(0x00007f9ef6fcdc41)"[/build/glibc-2ORdQG/glibc-2.27/elf/rtld.c]
_dl_sysdep_start(253):"(0x00007f9ef6fe4dfd)"[../elf/dl-sysdep.c]
_dl_start(414):"(0x00007f9ef6fcc123)"[/build/glibc-2ORdQG/glibc-2.27/elf/rtld.c]
_start(746):"(0x00007f9ef6fcb093)"[/build/glibc-2ORdQG/glibc-2.27/elf/rtld.c]
THREAD[0]_ROOT_CTXT(0):"(0x0000000000000000)"[ ]
PROCESS[1716]_ROOT_CTXT(0):"(0x0000000000000000)"[ ]
------------------------------
Bad memory access 0x7f9ef71f3dd8
----------malloc context----------
_dl_init_paths(653):"(0x00007f9ef6fd2b2b)"[/build/glibc-2ORdQG/glibc-2.27/elf/dl-load.c]
dl_main(1323):"(0x00007f9ef6fcdc41)"[/build/glibc-2ORdQG/glibc-2.27/elf/rtld.c]
_dl_sysdep_start(253):"(0x00007f9ef6fe4dfd)"[../elf/dl-sysdep.c]
_dl_start(414):"(0x00007f9ef6fcc123)"[/build/glibc-2ORdQG/glibc-2.27/elf/rtld.c]
_start(746):"(0x00007f9ef6fcb093)"[/build/glibc-2ORdQG/glibc-2.27/elf/rtld.c]
THREAD[0]_ROOT_CTXT(0):"(0x0000000000000000)"[ ]
PROCESS[1716]_ROOT_CTXT(0):"(0x0000000000000000)"[ ]
------------------------------
Bad memory access 0x7f9ef71f3dd0
----------malloc context----------
_dl_init_paths(653):"(0x00007f9ef6fd2b2b)"[/build/glibc-2ORdQG/glibc-2.27/elf/dl-load.c]
dl_main(1323):"(0x00007f9ef6fcdc41)"[/build/glibc-2ORdQG/glibc-2.27/elf/rtld.c]
_dl_sysdep_start(253):"(0x00007f9ef6fe4dfd)"[../elf/dl-sysdep.c]
_dl_start(414):"(0x00007f9ef6fcc123)"[/build/glibc-2ORdQG/glibc-2.27/elf/rtld.c]
_start(746):"(0x00007f9ef6fcb093)"[/build/glibc-2ORdQG/glibc-2.27/elf/rtld.c]
THREAD[0]_ROOT_CTXT(0):"(0x0000000000000000)"[ ]
PROCESS[1716]_ROOT_CTXT(0):"(0x0000000000000000)"[ ]
------------------------------
Bad memory access 0x7f9ef367e498
----------malloc context----------
malloc(83):"(0x00007f9ef6fe55a8)"[/build/glibc-2ORdQG/glibc-2.27/elf/dl-minimal.c]
_dl_new_object(163):"(0x00007f9ef6fd6433)"[/build/glibc-2ORdQG/glibc-2.27/elf/dl-object.c]
_dl_map_object_from_fd(943):"(0x00007f9ef6fd09c0)"[/build/glibc-2ORdQG/glibc-2.27/elf/dl-load.c]
_dl_map_object(2389):"(0x00007f9ef6fd3047)"[/build/glibc-2ORdQG/glibc-2.27/elf/dl-load.c]
openaux(63):"(0x00007f9ef6fd835d)"[/build/glibc-2ORdQG/glibc-2.27/elf/dl-deps.c]
_dl_catch_exception(196):"(0x00007f9ef6fe5c99)"[/build/glibc-2ORdQG/glibc-2.27/elf/dl-error-skeleton.c]
_dl_map_object_deps(249):"(0x00007f9ef6fd8663)"[/build/glibc-2ORdQG/glibc-2.27/elf/dl-deps.c]
dl_main(1726):"(0x00007f9ef6fcdec1)"[/build/glibc-2ORdQG/glibc-2.27/elf/rtld.c]
_dl_sysdep_start(253):"(0x00007f9ef6fe4dfd)"[../elf/dl-sysdep.c]
_dl_start(414):"(0x00007f9ef6fcc123)"[/build/glibc-2ORdQG/glibc-2.27/elf/rtld.c]
_start(746):"(0x00007f9ef6fcb093)"[/build/glibc-2ORdQG/glibc-2.27/elf/rtld.c]
THREAD[0]_ROOT_CTXT(0):"(0x0000000000000000)"[ ]
PROCESS[1716]_ROOT_CTXT(0):"(0x0000000000000000)"[ ]
------------------------------
Bad memory access 0x7f9ef71f3708
----------malloc context----------
malloc(83):"(0x00007f9ef6fe55a8)"[/build/glibc-2ORdQG/glibc-2.27/elf/dl-minimal.c]
_dl_new_object(73):"(0x00007f9ef6fd614c)"[/build/glibc-2ORdQG/glibc-2.27/elf/dl-object.c]
dl_main(1108):"(0x00007f9ef6fccee2)"[/build/glibc-2ORdQG/glibc-2.27/elf/rtld.c]
_dl_sysdep_start(253):"(0x00007f9ef6fe4dfd)"[../elf/dl-sysdep.c]
_dl_start(414):"(0x00007f9ef6fcc123)"[/build/glibc-2ORdQG/glibc-2.27/elf/rtld.c]
_start(746):"(0x00007f9ef6fcb093)"[/build/glibc-2ORdQG/glibc-2.27/elf/rtld.c]
THREAD[0]_ROOT_CTXT(0):"(0x0000000000000000)"[ ]
PROCESS[1716]_ROOT_CTXT(0):"(0x0000000000000000)"[ ]
------------------------------
Bad memory access 0x7f9ef71f3708
----------malloc context----------
malloc(83):"(0x00007f9ef6fe55a8)"[/build/glibc-2ORdQG/glibc-2.27/elf/dl-minimal.c]
_dl_new_object(73):"(0x00007f9ef6fd614c)"[/build/glibc-2ORdQG/glibc-2.27/elf/dl-object.c]
dl_main(1108):"(0x00007f9ef6fccee2)"[/build/glibc-2ORdQG/glibc-2.27/elf/rtld.c]
_dl_sysdep_start(253):"(0x00007f9ef6fe4dfd)"[../elf/dl-sysdep.c]
_dl_start(414):"(0x00007f9ef6fcc123)"[/build/glibc-2ORdQG/glibc-2.27/elf/rtld.c]
_start(746):"(0x00007f9ef6fcb093)"[/build/glibc-2ORdQG/glibc-2.27/elf/rtld.c]
THREAD[0]_ROOT_CTXT(0):"(0x0000000000000000)"[ ]
PROCESS[1716]_ROOT_CTXT(0):"(0x0000000000000000)"[ ]
------------------------------
Bad memory access 0x7f9ef71f3dd0
----------malloc context----------
_dl_init_paths(653):"(0x00007f9ef6fd2b2b)"[/build/glibc-2ORdQG/glibc-2.27/elf/dl-load.c]
dl_main(1323):"(0x00007f9ef6fcdc41)"[/build/glibc-2ORdQG/glibc-2.27/elf/rtld.c]
_dl_sysdep_start(253):"(0x00007f9ef6fe4dfd)"[../elf/dl-sysdep.c]
_dl_start(414):"(0x00007f9ef6fcc123)"[/build/glibc-2ORdQG/glibc-2.27/elf/rtld.c]
_start(746):"(0x00007f9ef6fcb093)"[/build/glibc-2ORdQG/glibc-2.27/elf/rtld.c]
THREAD[0]_ROOT_CTXT(0):"(0x0000000000000000)"[ ]
PROCESS[1716]_ROOT_CTXT(0):"(0x0000000000000000)"[ ]
------------------------------
Bad memory access 0x7f9ef71f3dd8
----------malloc context----------
_dl_init_paths(653):"(0x00007f9ef6fd2b2b)"[/build/glibc-2ORdQG/glibc-2.27/elf/dl-load.c]
dl_main(1323):"(0x00007f9ef6fcdc41)"[/build/glibc-2ORdQG/glibc-2.27/elf/rtld.c]
_dl_sysdep_start(253):"(0x00007f9ef6fe4dfd)"[../elf/dl-sysdep.c]
_dl_start(414):"(0x00007f9ef6fcc123)"[/build/glibc-2ORdQG/glibc-2.27/elf/rtld.c]
_start(746):"(0x00007f9ef6fcb093)"[/build/glibc-2ORdQG/glibc-2.27/elf/rtld.c]
THREAD[0]_ROOT_CTXT(0):"(0x0000000000000000)"[ ]
PROCESS[1716]_ROOT_CTXT(0):"(0x0000000000000000)"[ ]
------------------------------
Bad memory access 0x7f9ef71f3dd0
----------malloc context----------
_dl_init_paths(653):"(0x00007f9ef6fd2b2b)"[/build/glibc-2ORdQG/glibc-2.27/elf/dl-load.c]
dl_main(1323):"(0x00007f9ef6fcdc41)"[/build/glibc-2ORdQG/glibc-2.27/elf/rtld.c]
_dl_sysdep_start(253):"(0x00007f9ef6fe4dfd)"[../elf/dl-sysdep.c]
_dl_start(414):"(0x00007f9ef6fcc123)"[/build/glibc-2ORdQG/glibc-2.27/elf/rtld.c]
_start(746):"(0x00007f9ef6fcb093)"[/build/glibc-2ORdQG/glibc-2.27/elf/rtld.c]
THREAD[0]_ROOT_CTXT(0):"(0x0000000000000000)"[ ]
PROCESS[1716]_ROOT_CTXT(0):"(0x0000000000000000)"[ ]
------------------------------
Bad memory access 0x7f9ef367e498
----------malloc context----------
malloc(83):"(0x00007f9ef6fe55a8)"[/build/glibc-2ORdQG/glibc-2.27/elf/dl-minimal.c]
_dl_new_object(163):"(0x00007f9ef6fd6433)"[/build/glibc-2ORdQG/glibc-2.27/elf/dl-object.c]
_dl_map_object_from_fd(943):"(0x00007f9ef6fd09c0)"[/build/glibc-2ORdQG/glibc-2.27/elf/dl-load.c]
_dl_map_object(2389):"(0x00007f9ef6fd3047)"[/build/glibc-2ORdQG/glibc-2.27/elf/dl-load.c]
openaux(63):"(0x00007f9ef6fd835d)"[/build/glibc-2ORdQG/glibc-2.27/elf/dl-deps.c]
_dl_catch_exception(196):"(0x00007f9ef6fe5c99)"[/build/glibc-2ORdQG/glibc-2.27/elf/dl-error-skeleton.c]
_dl_map_object_deps(249):"(0x00007f9ef6fd8663)"[/build/glibc-2ORdQG/glibc-2.27/elf/dl-deps.c]
dl_main(1726):"(0x00007f9ef6fcdec1)"[/build/glibc-2ORdQG/glibc-2.27/elf/rtld.c]
_dl_sysdep_start(253):"(0x00007f9ef6fe4dfd)"[../elf/dl-sysdep.c]
_dl_start(414):"(0x00007f9ef6fcc123)"[/build/glibc-2ORdQG/glibc-2.27/elf/rtld.c]
_start(746):"(0x00007f9ef6fcb093)"[/build/glibc-2ORdQG/glibc-2.27/elf/rtld.c]
THREAD[0]_ROOT_CTXT(0):"(0x0000000000000000)"[ ]
PROCESS[1716]_ROOT_CTXT(0):"(0x0000000000000000)"[ ]
------------------------------
Bad memory access 0x7f9ef71f3708
----------malloc context----------
malloc(83):"(0x00007f9ef6fe55a8)"[/build/glibc-2ORdQG/glibc-2.27/elf/dl-minimal.c]
_dl_new_object(73):"(0x00007f9ef6fd614c)"[/build/glibc-2ORdQG/glibc-2.27/elf/dl-object.c]
dl_main(1108):"(0x00007f9ef6fccee2)"[/build/glibc-2ORdQG/glibc-2.27/elf/rtld.c]
_dl_sysdep_start(253):"(0x00007f9ef6fe4dfd)"[../elf/dl-sysdep.c]
_dl_start(414):"(0x00007f9ef6fcc123)"[/build/glibc-2ORdQG/glibc-2.27/elf/rtld.c]
_start(746):"(0x00007f9ef6fcb093)"[/build/glibc-2ORdQG/glibc-2.27/elf/rtld.c]
THREAD[0]_ROOT_CTXT(0):"(0x0000000000000000)"[ ]
PROCESS[1716]_ROOT_CTXT(0):"(0x0000000000000000)"[ ]
------------------------------
Bad memory access 0x7f9ef71f3708
----------malloc context----------
malloc(83):"(0x00007f9ef6fe55a8)"[/build/glibc-2ORdQG/glibc-2.27/elf/dl-minimal.c]
_dl_new_object(73):"(0x00007f9ef6fd614c)"[/build/glibc-2ORdQG/glibc-2.27/elf/dl-object.c]
dl_main(1108):"(0x00007f9ef6fccee2)"[/build/glibc-2ORdQG/glibc-2.27/elf/rtld.c]
_dl_sysdep_start(253):"(0x00007f9ef6fe4dfd)"[../elf/dl-sysdep.c]
_dl_start(414):"(0x00007f9ef6fcc123)"[/build/glibc-2ORdQG/glibc-2.27/elf/rtld.c]
_start(746):"(0x00007f9ef6fcb093)"[/build/glibc-2ORdQG/glibc-2.27/elf/rtld.c]
THREAD[0]_ROOT_CTXT(0):"(0x0000000000000000)"[ ]
PROCESS[1716]_ROOT_CTXT(0):"(0x0000000000000000)"[ ]
------------------------------
Bad memory access 0x7f9ef71f3dd0
----------malloc context----------
_dl_init_paths(653):"(0x00007f9ef6fd2b2b)"[/build/glibc-2ORdQG/glibc-2.27/elf/dl-load.c]
dl_main(1323):"(0x00007f9ef6fcdc41)"[/build/glibc-2ORdQG/glibc-2.27/elf/rtld.c]
_dl_sysdep_start(253):"(0x00007f9ef6fe4dfd)"[../elf/dl-sysdep.c]
_dl_start(414):"(0x00007f9ef6fcc123)"[/build/glibc-2ORdQG/glibc-2.27/elf/rtld.c]
_start(746):"(0x00007f9ef6fcb093)"[/build/glibc-2ORdQG/glibc-2.27/elf/rtld.c]
THREAD[0]_ROOT_CTXT(0):"(0x0000000000000000)"[ ]
PROCESS[1716]_ROOT_CTXT(0):"(0x0000000000000000)"[ ]
------------------------------
Bad memory access 0x7f9ef71f3dd8
----------malloc context----------
_dl_init_paths(653):"(0x00007f9ef6fd2b2b)"[/build/glibc-2ORdQG/glibc-2.27/elf/dl-load.c]
dl_main(1323):"(0x00007f9ef6fcdc41)"[/build/glibc-2ORdQG/glibc-2.27/elf/rtld.c]
_dl_sysdep_start(253):"(0x00007f9ef6fe4dfd)"[../elf/dl-sysdep.c]
_dl_start(414):"(0x00007f9ef6fcc123)"[/build/glibc-2ORdQG/glibc-2.27/elf/rtld.c]
_start(746):"(0x00007f9ef6fcb093)"[/build/glibc-2ORdQG/glibc-2.27/elf/rtld.c]
THREAD[0]_ROOT_CTXT(0):"(0x0000000000000000)"[ ]
PROCESS[1716]_ROOT_CTXT(0):"(0x0000000000000000)"[ ]
------------------------------
Bad memory access 0x7f9ef71f3dd0
----------malloc context----------
_dl_init_paths(653):"(0x00007f9ef6fd2b2b)"[/build/glibc-2ORdQG/glibc-2.27/elf/dl-load.c]
dl_main(1323):"(0x00007f9ef6fcdc41)"[/build/glibc-2ORdQG/glibc-2.27/elf/rtld.c]
_dl_sysdep_start(253):"(0x00007f9ef6fe4dfd)"[../elf/dl-sysdep.c]
_dl_start(414):"(0x00007f9ef6fcc123)"[/build/glibc-2ORdQG/glibc-2.27/elf/rtld.c]
_start(746):"(0x00007f9ef6fcb093)"[/build/glibc-2ORdQG/glibc-2.27/elf/rtld.c]
THREAD[0]_ROOT_CTXT(0):"(0x0000000000000000)"[ ]
PROCESS[1716]_ROOT_CTXT(0):"(0x0000000000000000)"[ ]
------------------------------
Bad memory access 0x7f9ef367e498
----------malloc context----------
malloc(83):"(0x00007f9ef6fe55a8)"[/build/glibc-2ORdQG/glibc-2.27/elf/dl-minimal.c]
_dl_new_object(163):"(0x00007f9ef6fd6433)"[/build/glibc-2ORdQG/glibc-2.27/elf/dl-object.c]
_dl_map_object_from_fd(943):"(0x00007f9ef6fd09c0)"[/build/glibc-2ORdQG/glibc-2.27/elf/dl-load.c]
_dl_map_object(2389):"(0x00007f9ef6fd3047)"[/build/glibc-2ORdQG/glibc-2.27/elf/dl-load.c]
openaux(63):"(0x00007f9ef6fd835d)"[/build/glibc-2ORdQG/glibc-2.27/elf/dl-deps.c]
_dl_catch_exception(196):"(0x00007f9ef6fe5c99)"[/build/glibc-2ORdQG/glibc-2.27/elf/dl-error-skeleton.c]
_dl_map_object_deps(249):"(0x00007f9ef6fd8663)"[/build/glibc-2ORdQG/glibc-2.27/elf/dl-deps.c]
dl_main(1726):"(0x00007f9ef6fcdec1)"[/build/glibc-2ORdQG/glibc-2.27/elf/rtld.c]
_dl_sysdep_start(253):"(0x00007f9ef6fe4dfd)"[../elf/dl-sysdep.c]
_dl_start(414):"(0x00007f9ef6fcc123)"[/build/glibc-2ORdQG/glibc-2.27/elf/rtld.c]
_start(746):"(0x00007f9ef6fcb093)"[/build/glibc-2ORdQG/glibc-2.27/elf/rtld.c]
THREAD[0]_ROOT_CTXT(0):"(0x0000000000000000)"[ ]
PROCESS[1716]_ROOT_CTXT(0):"(0x0000000000000000)"[ ]
------------------------------
Bad memory access 0x7f9ef71f3708
----------malloc context----------
malloc(83):"(0x00007f9ef6fe55a8)"[/build/glibc-2ORdQG/glibc-2.27/elf/dl-minimal.c]
_dl_new_object(73):"(0x00007f9ef6fd614c)"[/build/glibc-2ORdQG/glibc-2.27/elf/dl-object.c]
dl_main(1108):"(0x00007f9ef6fccee2)"[/build/glibc-2ORdQG/glibc-2.27/elf/rtld.c]
_dl_sysdep_start(253):"(0x00007f9ef6fe4dfd)"[../elf/dl-sysdep.c]
_dl_start(414):"(0x00007f9ef6fcc123)"[/build/glibc-2ORdQG/glibc-2.27/elf/rtld.c]
_start(746):"(0x00007f9ef6fcb093)"[/build/glibc-2ORdQG/glibc-2.27/elf/rtld.c]
THREAD[0]_ROOT_CTXT(0):"(0x0000000000000000)"[ ]
PROCESS[1716]_ROOT_CTXT(0):"(0x0000000000000000)"[ ]
------------------------------
Bad memory access 0x7f9ef71f3708
----------malloc context----------
malloc(83):"(0x00007f9ef6fe55a8)"[/build/glibc-2ORdQG/glibc-2.27/elf/dl-minimal.c]
_dl_new_object(73):"(0x00007f9ef6fd614c)"[/build/glibc-2ORdQG/glibc-2.27/elf/dl-object.c]
dl_main(1108):"(0x00007f9ef6fccee2)"[/build/glibc-2ORdQG/glibc-2.27/elf/rtld.c]
_dl_sysdep_start(253):"(0x00007f9ef6fe4dfd)"[../elf/dl-sysdep.c]
_dl_start(414):"(0x00007f9ef6fcc123)"[/build/glibc-2ORdQG/glibc-2.27/elf/rtld.c]
_start(746):"(0x00007f9ef6fcb093)"[/build/glibc-2ORdQG/glibc-2.27/elf/rtld.c]
THREAD[0]_ROOT_CTXT(0):"(0x0000000000000000)"[ ]
PROCESS[1716]_ROOT_CTXT(0):"(0x0000000000000000)"[ ]
------------------------------
Bad memory access 0x7f9ef71f3dd0
----------malloc context----------
_dl_init_paths(653):"(0x00007f9ef6fd2b2b)"[/build/glibc-2ORdQG/glibc-2.27/elf/dl-load.c]
dl_main(1323):"(0x00007f9ef6fcdc41)"[/build/glibc-2ORdQG/glibc-2.27/elf/rtld.c]
_dl_sysdep_start(253):"(0x00007f9ef6fe4dfd)"[../elf/dl-sysdep.c]
_dl_start(414):"(0x00007f9ef6fcc123)"[/build/glibc-2ORdQG/glibc-2.27/elf/rtld.c]
_start(746):"(0x00007f9ef6fcb093)"[/build/glibc-2ORdQG/glibc-2.27/elf/rtld.c]
THREAD[0]_ROOT_CTXT(0):"(0x0000000000000000)"[ ]
PROCESS[1716]_ROOT_CTXT(0):"(0x0000000000000000)"[ ]
------------------------------
Bad memory access 0x7f9ef71f3dd8
----------malloc context----------
_dl_init_paths(653):"(0x00007f9ef6fd2b2b)"[/build/glibc-2ORdQG/glibc-2.27/elf/dl-load.c]
dl_main(1323):"(0x00007f9ef6fcdc41)"[/build/glibc-2ORdQG/glibc-2.27/elf/rtld.c]
_dl_sysdep_start(253):"(0x00007f9ef6fe4dfd)"[../elf/dl-sysdep.c]
_dl_start(414):"(0x00007f9ef6fcc123)"[/build/glibc-2ORdQG/glibc-2.27/elf/rtld.c]
_start(746):"(0x00007f9ef6fcb093)"[/build/glibc-2ORdQG/glibc-2.27/elf/rtld.c]
THREAD[0]_ROOT_CTXT(0):"(0x0000000000000000)"[ ]
PROCESS[1716]_ROOT_CTXT(0):"(0x0000000000000000)"[ ]
------------------------------
Bad memory access 0x7f9ef71f3dd0
----------malloc context----------
_dl_init_paths(653):"(0x00007f9ef6fd2b2b)"[/build/glibc-2ORdQG/glibc-2.27/elf/dl-load.c]
dl_main(1323):"(0x00007f9ef6fcdc41)"[/build/glibc-2ORdQG/glibc-2.27/elf/rtld.c]
_dl_sysdep_start(253):"(0x00007f9ef6fe4dfd)"[../elf/dl-sysdep.c]
_dl_start(414):"(0x00007f9ef6fcc123)"[/build/glibc-2ORdQG/glibc-2.27/elf/rtld.c]
_start(746):"(0x00007f9ef6fcb093)"[/build/glibc-2ORdQG/glibc-2.27/elf/rtld.c]
THREAD[0]_ROOT_CTXT(0):"(0x0000000000000000)"[ ]
PROCESS[1716]_ROOT_CTXT(0):"(0x0000000000000000)"[ ]
------------------------------
Bad memory access 0x7f9ef367e498
----------malloc context----------
malloc(83):"(0x00007f9ef6fe55a8)"[/build/glibc-2ORdQG/glibc-2.27/elf/dl-minimal.c]
_dl_new_object(163):"(0x00007f9ef6fd6433)"[/build/glibc-2ORdQG/glibc-2.27/elf/dl-object.c]
_dl_map_object_from_fd(943):"(0x00007f9ef6fd09c0)"[/build/glibc-2ORdQG/glibc-2.27/elf/dl-load.c]
_dl_map_object(2389):"(0x00007f9ef6fd3047)"[/build/glibc-2ORdQG/glibc-2.27/elf/dl-load.c]
openaux(63):"(0x00007f9ef6fd835d)"[/build/glibc-2ORdQG/glibc-2.27/elf/dl-deps.c]
_dl_catch_exception(196):"(0x00007f9ef6fe5c99)"[/build/glibc-2ORdQG/glibc-2.27/elf/dl-error-skeleton.c]
_dl_map_object_deps(249):"(0x00007f9ef6fd8663)"[/build/glibc-2ORdQG/glibc-2.27/elf/dl-deps.c]
dl_main(1726):"(0x00007f9ef6fcdec1)"[/build/glibc-2ORdQG/glibc-2.27/elf/rtld.c]
_dl_sysdep_start(253):"(0x00007f9ef6fe4dfd)"[../elf/dl-sysdep.c]
_dl_start(414):"(0x00007f9ef6fcc123)"[/build/glibc-2ORdQG/glibc-2.27/elf/rtld.c]
_start(746):"(0x00007f9ef6fcb093)"[/build/glibc-2ORdQG/glibc-2.27/elf/rtld.c]
THREAD[0]_ROOT_CTXT(0):"(0x0000000000000000)"[ ]
PROCESS[1716]_ROOT_CTXT(0):"(0x0000000000000000)"[ ]
------------------------------
Bad memory access 0x7f9ef367e960
----------malloc context----------
_dl_check_map_versions(273):"(0x00007f9ef6fdbed9)"[/build/glibc-2ORdQG/glibc-2.27/elf/dl-version.c]
_dl_check_all_versions(368):"(0x00007f9ef6fdc169)"[/build/glibc-2ORdQG/glibc-2.27/elf/dl-version.c]
version_check_doit(623):"(0x00007f9ef6fcbe73)"[/build/glibc-2ORdQG/glibc-2.27/elf/rtld.c]
_dl_receive_error(234):"(0x00007f9ef6fe5d69)"[/build/glibc-2ORdQG/glibc-2.27/elf/dl-error-skeleton.c]
dl_main(1789):"(0x00007f9ef6fcdffe)"[/build/glibc-2ORdQG/glibc-2.27/elf/rtld.c]
_dl_sysdep_start(253):"(0x00007f9ef6fe4dfd)"[../elf/dl-sysdep.c]
_dl_start(414):"(0x00007f9ef6fcc123)"[/build/glibc-2ORdQG/glibc-2.27/elf/rtld.c]
_start(746):"(0x00007f9ef6fcb093)"[/build/glibc-2ORdQG/glibc-2.27/elf/rtld.c]
THREAD[0]_ROOT_CTXT(0):"(0x0000000000000000)"[ ]
PROCESS[1716]_ROOT_CTXT(0):"(0x0000000000000000)"[ ]
------------------------------
Bad memory access 0x7f9ef367e4f0
----------malloc context----------
malloc(83):"(0x00007f9ef6fe55a8)"[/build/glibc-2ORdQG/glibc-2.27/elf/dl-minimal.c]
_dl_map_object_deps(438):"(0x00007f9ef6fd8855)"[/build/glibc-2ORdQG/glibc-2.27/elf/dl-deps.c]
dl_main(1726):"(0x00007f9ef6fcdec1)"[/build/glibc-2ORdQG/glibc-2.27/elf/rtld.c]
_dl_sysdep_start(253):"(0x00007f9ef6fe4dfd)"[../elf/dl-sysdep.c]
_dl_start(414):"(0x00007f9ef6fcc123)"[/build/glibc-2ORdQG/glibc-2.27/elf/rtld.c]
_start(746):"(0x00007f9ef6fcb093)"[/build/glibc-2ORdQG/glibc-2.27/elf/rtld.c]
THREAD[0]_ROOT_CTXT(0):"(0x0000000000000000)"[ ]
PROCESS[1716]_ROOT_CTXT(0):"(0x0000000000000000)"[ ]
------------------------------
Bad memory access 0x7f9ef71f3708
----------malloc context----------
malloc(83):"(0x00007f9ef6fe55a8)"[/build/glibc-2ORdQG/glibc-2.27/elf/dl-minimal.c]
_dl_new_object(73):"(0x00007f9ef6fd614c)"[/build/glibc-2ORdQG/glibc-2.27/elf/dl-object.c]
dl_main(1108):"(0x00007f9ef6fccee2)"[/build/glibc-2ORdQG/glibc-2.27/elf/rtld.c]
_dl_sysdep_start(253):"(0x00007f9ef6fe4dfd)"[../elf/dl-sysdep.c]
_dl_start(414):"(0x00007f9ef6fcc123)"[/build/glibc-2ORdQG/glibc-2.27/elf/rtld.c]
_start(746):"(0x00007f9ef6fcb093)"[/build/glibc-2ORdQG/glibc-2.27/elf/rtld.c]
THREAD[0]_ROOT_CTXT(0):"(0x0000000000000000)"[ ]
PROCESS[1716]_ROOT_CTXT(0):"(0x0000000000000000)"[ ]
------------------------------
Bad memory access 0x7f9ef71f3708
----------malloc context----------
malloc(83):"(0x00007f9ef6fe55a8)"[/build/glibc-2ORdQG/glibc-2.27/elf/dl-minimal.c]
_dl_new_object(73):"(0x00007f9ef6fd614c)"[/build/glibc-2ORdQG/glibc-2.27/elf/dl-object.c]
dl_main(1108):"(0x00007f9ef6fccee2)"[/build/glibc-2ORdQG/glibc-2.27/elf/rtld.c]
_dl_sysdep_start(253):"(0x00007f9ef6fe4dfd)"[../elf/dl-sysdep.c]
_dl_start(414):"(0x00007f9ef6fcc123)"[/build/glibc-2ORdQG/glibc-2.27/elf/rtld.c]
_start(746):"(0x00007f9ef6fcb093)"[/build/glibc-2ORdQG/glibc-2.27/elf/rtld.c]
THREAD[0]_ROOT_CTXT(0):"(0x0000000000000000)"[ ]
PROCESS[1716]_ROOT_CTXT(0):"(0x0000000000000000)"[ ]
------------------------------
Bad memory access 0x7f9ef71f3708
----------malloc context----------
malloc(83):"(0x00007f9ef6fe55a8)"[/build/glibc-2ORdQG/glibc-2.27/elf/dl-minimal.c]
_dl_new_object(73):"(0x00007f9ef6fd614c)"[/build/glibc-2ORdQG/glibc-2.27/elf/dl-object.c]
dl_main(1108):"(0x00007f9ef6fccee2)"[/build/glibc-2ORdQG/glibc-2.27/elf/rtld.c]
_dl_sysdep_start(253):"(0x00007f9ef6fe4dfd)"[../elf/dl-sysdep.c]
_dl_start(414):"(0x00007f9ef6fcc123)"[/build/glibc-2ORdQG/glibc-2.27/elf/rtld.c]
_start(746):"(0x00007f9ef6fcb093)"[/build/glibc-2ORdQG/glibc-2.27/elf/rtld.c]
THREAD[0]_ROOT_CTXT(0):"(0x0000000000000000)"[ ]
PROCESS[1716]_ROOT_CTXT(0):"(0x0000000000000000)"[ ]
------------------------------
Bad memory access 0x7f9ef71f3708
----------malloc context----------
malloc(83):"(0x00007f9ef6fe55a8)"[/build/glibc-2ORdQG/glibc-2.27/elf/dl-minimal.c]
_dl_new_object(73):"(0x00007f9ef6fd614c)"[/build/glibc-2ORdQG/glibc-2.27/elf/dl-object.c]
dl_main(1108):"(0x00007f9ef6fccee2)"[/build/glibc-2ORdQG/glibc-2.27/elf/rtld.c]
_dl_sysdep_start(253):"(0x00007f9ef6fe4dfd)"[../elf/dl-sysdep.c]
_dl_start(414):"(0x00007f9ef6fcc123)"[/build/glibc-2ORdQG/glibc-2.27/elf/rtld.c]
_start(746):"(0x00007f9ef6fcb093)"[/build/glibc-2ORdQG/glibc-2.27/elf/rtld.c]
THREAD[0]_ROOT_CTXT(0):"(0x0000000000000000)"[ ]
PROCESS[1716]_ROOT_CTXT(0):"(0x0000000000000000)"[ ]
------------------------------
Bad memory access 0x7f9ef71f3708
----------malloc context----------
malloc(83):"(0x00007f9ef6fe55a8)"[/build/glibc-2ORdQG/glibc-2.27/elf/dl-minimal.c]
_dl_new_object(73):"(0x00007f9ef6fd614c)"[/build/glibc-2ORdQG/glibc-2.27/elf/dl-object.c]
dl_main(1108):"(0x00007f9ef6fccee2)"[/build/glibc-2ORdQG/glibc-2.27/elf/rtld.c]
_dl_sysdep_start(253):"(0x00007f9ef6fe4dfd)"[../elf/dl-sysdep.c]
_dl_start(414):"(0x00007f9ef6fcc123)"[/build/glibc-2ORdQG/glibc-2.27/elf/rtld.c]
_start(746):"(0x00007f9ef6fcb093)"[/build/glibc-2ORdQG/glibc-2.27/elf/rtld.c]
THREAD[0]_ROOT_CTXT(0):"(0x0000000000000000)"[ ]
PROCESS[1716]_ROOT_CTXT(0):"(0x0000000000000000)"[ ]
------------------------------
Bad memory access 0x7f9ef71f3708
----------malloc context----------
malloc(83):"(0x00007f9ef6fe55a8)"[/build/glibc-2ORdQG/glibc-2.27/elf/dl-minimal.c]
_dl_new_object(73):"(0x00007f9ef6fd614c)"[/build/glibc-2ORdQG/glibc-2.27/elf/dl-object.c]
dl_main(1108):"(0x00007f9ef6fccee2)"[/build/glibc-2ORdQG/glibc-2.27/elf/rtld.c]
_dl_sysdep_start(253):"(0x00007f9ef6fe4dfd)"[../elf/dl-sysdep.c]
_dl_start(414):"(0x00007f9ef6fcc123)"[/build/glibc-2ORdQG/glibc-2.27/elf/rtld.c]
_start(746):"(0x00007f9ef6fcb093)"[/build/glibc-2ORdQG/glibc-2.27/elf/rtld.c]
THREAD[0]_ROOT_CTXT(0):"(0x0000000000000000)"[ ]
PROCESS[1716]_ROOT_CTXT(0):"(0x0000000000000000)"[ ]
------------------------------
Bad memory access 0x7f9ef367fe00
----------malloc context----------
malloc(83):"(0x00007f9ef6fe55a8)"[/build/glibc-2ORdQG/glibc-2.27/elf/dl-minimal.c]
_dl_allocate_tls_storage(346):"(0x00007f9ef6fdd0f7)"[../elf/dl-tls.c]
init_tls(730):"(0x00007f9ef6fcafd7)"[/build/glibc-2ORdQG/glibc-2.27/elf/rtld.c]
dl_main(1801):"(0x00007f9ef6fce01a)"[/build/glibc-2ORdQG/glibc-2.27/elf/rtld.c]
_dl_sysdep_start(253):"(0x00007f9ef6fe4dfd)"[../elf/dl-sysdep.c]
_dl_start(414):"(0x00007f9ef6fcc123)"[/build/glibc-2ORdQG/glibc-2.27/elf/rtld.c]
_start(746):"(0x00007f9ef6fcb093)"[/build/glibc-2ORdQG/glibc-2.27/elf/rtld.c]
THREAD[0]_ROOT_CTXT(0):"(0x0000000000000000)"[ ]
PROCESS[1716]_ROOT_CTXT(0):"(0x0000000000000000)"[ ]
------------------------------
Bad memory access 0x7f9ef367e960
----------malloc context----------
_dl_check_map_versions(273):"(0x00007f9ef6fdbed9)"[/build/glibc-2ORdQG/glibc-2.27/elf/dl-version.c]
_dl_check_all_versions(368):"(0x00007f9ef6fdc169)"[/build/glibc-2ORdQG/glibc-2.27/elf/dl-version.c]
version_check_doit(623):"(0x00007f9ef6fcbe73)"[/build/glibc-2ORdQG/glibc-2.27/elf/rtld.c]
_dl_receive_error(234):"(0x00007f9ef6fe5d69)"[/build/glibc-2ORdQG/glibc-2.27/elf/dl-error-skeleton.c]
dl_main(1789):"(0x00007f9ef6fcdffe)"[/build/glibc-2ORdQG/glibc-2.27/elf/rtld.c]
_dl_sysdep_start(253):"(0x00007f9ef6fe4dfd)"[../elf/dl-sysdep.c]
_dl_start(414):"(0x00007f9ef6fcc123)"[/build/glibc-2ORdQG/glibc-2.27/elf/rtld.c]
_start(746):"(0x00007f9ef6fcb093)"[/build/glibc-2ORdQG/glibc-2.27/elf/rtld.c]
THREAD[0]_ROOT_CTXT(0):"(0x0000000000000000)"[ ]
PROCESS[1716]_ROOT_CTXT(0):"(0x0000000000000000)"[ ]
------------------------------
Bad memory access 0x7f9ef367e960
----------malloc context----------
_dl_check_map_versions(273):"(0x00007f9ef6fdbed9)"[/build/glibc-2ORdQG/glibc-2.27/elf/dl-version.c]
_dl_check_all_versions(368):"(0x00007f9ef6fdc169)"[/build/glibc-2ORdQG/glibc-2.27/elf/dl-version.c]
version_check_doit(623):"(0x00007f9ef6fcbe73)"[/build/glibc-2ORdQG/glibc-2.27/elf/rtld.c]
_dl_receive_error(234):"(0x00007f9ef6fe5d69)"[/build/glibc-2ORdQG/glibc-2.27/elf/dl-error-skeleton.c]
dl_main(1789):"(0x00007f9ef6fcdffe)"[/build/glibc-2ORdQG/glibc-2.27/elf/rtld.c]
_dl_sysdep_start(253):"(0x00007f9ef6fe4dfd)"[../elf/dl-sysdep.c]
_dl_start(414):"(0x00007f9ef6fcc123)"[/build/glibc-2ORdQG/glibc-2.27/elf/rtld.c]
_start(746):"(0x00007f9ef6fcb093)"[/build/glibc-2ORdQG/glibc-2.27/elf/rtld.c]
THREAD[0]_ROOT_CTXT(0):"(0x0000000000000000)"[ ]
PROCESS[1716]_ROOT_CTXT(0):"(0x0000000000000000)"[ ]
------------------------------
Bad memory access 0x7f9ef367e958
----------malloc context----------
init_tls(708):"(0x00007f9ef6fcaf3f)"[/build/glibc-2ORdQG/glibc-2.27/elf/rtld.c]
dl_main(1801):"(0x00007f9ef6fce01a)"[/build/glibc-2ORdQG/glibc-2.27/elf/rtld.c]
_dl_sysdep_start(253):"(0x00007f9ef6fe4dfd)"[../elf/dl-sysdep.c]
_dl_start(414):"(0x00007f9ef6fcc123)"[/build/glibc-2ORdQG/glibc-2.27/elf/rtld.c]
_start(746):"(0x00007f9ef6fcb093)"[/build/glibc-2ORdQG/glibc-2.27/elf/rtld.c]
THREAD[0]_ROOT_CTXT(0):"(0x0000000000000000)"[ ]
PROCESS[1716]_ROOT_CTXT(0):"(0x0000000000000000)"[ ]
------------------------------
Bad memory access 0x7f9ef367e958
----------malloc context----------
init_tls(708):"(0x00007f9ef6fcaf3f)"[/build/glibc-2ORdQG/glibc-2.27/elf/rtld.c]
dl_main(1801):"(0x00007f9ef6fce01a)"[/build/glibc-2ORdQG/glibc-2.27/elf/rtld.c]
_dl_sysdep_start(253):"(0x00007f9ef6fe4dfd)"[../elf/dl-sysdep.c]
_dl_start(414):"(0x00007f9ef6fcc123)"[/build/glibc-2ORdQG/glibc-2.27/elf/rtld.c]
_start(746):"(0x00007f9ef6fcb093)"[/build/glibc-2ORdQG/glibc-2.27/elf/rtld.c]
THREAD[0]_ROOT_CTXT(0):"(0x0000000000000000)"[ ]
PROCESS[1716]_ROOT_CTXT(0):"(0x0000000000000000)"[ ]
------------------------------
Bad memory access 0x7f9ef367e958
----------malloc context----------
init_tls(708):"(0x00007f9ef6fcaf3f)"[/build/glibc-2ORdQG/glibc-2.27/elf/rtld.c]
dl_main(1801):"(0x00007f9ef6fce01a)"[/build/glibc-2ORdQG/glibc-2.27/elf/rtld.c]
_dl_sysdep_start(253):"(0x00007f9ef6fe4dfd)"[../elf/dl-sysdep.c]
_dl_start(414):"(0x00007f9ef6fcc123)"[/build/glibc-2ORdQG/glibc-2.27/elf/rtld.c]
_start(746):"(0x00007f9ef6fcb093)"[/build/glibc-2ORdQG/glibc-2.27/elf/rtld.c]
THREAD[0]_ROOT_CTXT(0):"(0x0000000000000000)"[ ]
PROCESS[1716]_ROOT_CTXT(0):"(0x0000000000000000)"[ ]
------------------------------
Bad memory access 0x7f9ef367e958
----------malloc context----------
init_tls(708):"(0x00007f9ef6fcaf3f)"[/build/glibc-2ORdQG/glibc-2.27/elf/rtld.c]
dl_main(1801):"(0x00007f9ef6fce01a)"[/build/glibc-2ORdQG/glibc-2.27/elf/rtld.c]
_dl_sysdep_start(253):"(0x00007f9ef6fe4dfd)"[../elf/dl-sysdep.c]
_dl_start(414):"(0x00007f9ef6fcc123)"[/build/glibc-2ORdQG/glibc-2.27/elf/rtld.c]
_start(746):"(0x00007f9ef6fcb093)"[/build/glibc-2ORdQG/glibc-2.27/elf/rtld.c]
THREAD[0]_ROOT_CTXT(0):"(0x0000000000000000)"[ ]
PROCESS[1716]_ROOT_CTXT(0):"(0x0000000000000000)"[ ]
------------------------------
Bad memory access 0x7f9ef71f3dd0
----------malloc context----------
_dl_init_paths(653):"(0x00007f9ef6fd2b2b)"[/build/glibc-2ORdQG/glibc-2.27/elf/dl-load.c]
dl_main(1323):"(0x00007f9ef6fcdc41)"[/build/glibc-2ORdQG/glibc-2.27/elf/rtld.c]
_dl_sysdep_start(253):"(0x00007f9ef6fe4dfd)"[../elf/dl-sysdep.c]
_dl_start(414):"(0x00007f9ef6fcc123)"[/build/glibc-2ORdQG/glibc-2.27/elf/rtld.c]
_start(746):"(0x00007f9ef6fcb093)"[/build/glibc-2ORdQG/glibc-2.27/elf/rtld.c]
THREAD[0]_ROOT_CTXT(0):"(0x0000000000000000)"[ ]
PROCESS[1716]_ROOT_CTXT(0):"(0x0000000000000000)"[ ]
------------------------------
Bad memory access 0x7f9ef367e4f0
----------malloc context----------
malloc(83):"(0x00007f9ef6fe55a8)"[/build/glibc-2ORdQG/glibc-2.27/elf/dl-minimal.c]
_dl_map_object_deps(438):"(0x00007f9ef6fd8855)"[/build/glibc-2ORdQG/glibc-2.27/elf/dl-deps.c]
dl_main(1726):"(0x00007f9ef6fcdec1)"[/build/glibc-2ORdQG/glibc-2.27/elf/rtld.c]
_dl_sysdep_start(253):"(0x00007f9ef6fe4dfd)"[../elf/dl-sysdep.c]
_dl_start(414):"(0x00007f9ef6fcc123)"[/build/glibc-2ORdQG/glibc-2.27/elf/rtld.c]
_start(746):"(0x00007f9ef6fcb093)"[/build/glibc-2ORdQG/glibc-2.27/elf/rtld.c]
THREAD[0]_ROOT_CTXT(0):"(0x0000000000000000)"[ ]
PROCESS[1716]_ROOT_CTXT(0):"(0x0000000000000000)"[ ]
------------------------------
Bad memory access 0x7f9ef71f3708
----------malloc context----------
malloc(83):"(0x00007f9ef6fe55a8)"[/build/glibc-2ORdQG/glibc-2.27/elf/dl-minimal.c]
_dl_new_object(73):"(0x00007f9ef6fd614c)"[/build/glibc-2ORdQG/glibc-2.27/elf/dl-object.c]
dl_main(1108):"(0x00007f9ef6fccee2)"[/build/glibc-2ORdQG/glibc-2.27/elf/rtld.c]
_dl_sysdep_start(253):"(0x00007f9ef6fe4dfd)"[../elf/dl-sysdep.c]
_dl_start(414):"(0x00007f9ef6fcc123)"[/build/glibc-2ORdQG/glibc-2.27/elf/rtld.c]
_start(746):"(0x00007f9ef6fcb093)"[/build/glibc-2ORdQG/glibc-2.27/elf/rtld.c]
THREAD[0]_ROOT_CTXT(0):"(0x0000000000000000)"[ ]
PROCESS[1716]_ROOT_CTXT(0):"(0x0000000000000000)"[ ]
------------------------------
Bad memory access 0x7f9ef71f3708
----------malloc context----------
malloc(83):"(0x00007f9ef6fe55a8)"[/build/glibc-2ORdQG/glibc-2.27/elf/dl-minimal.c]
_dl_new_object(73):"(0x00007f9ef6fd614c)"[/build/glibc-2ORdQG/glibc-2.27/elf/dl-object.c]
dl_main(1108):"(0x00007f9ef6fccee2)"[/build/glibc-2ORdQG/glibc-2.27/elf/rtld.c]
_dl_sysdep_start(253):"(0x00007f9ef6fe4dfd)"[../elf/dl-sysdep.c]
_dl_start(414):"(0x00007f9ef6fcc123)"[/build/glibc-2ORdQG/glibc-2.27/elf/rtld.c]
_start(746):"(0x00007f9ef6fcb093)"[/build/glibc-2ORdQG/glibc-2.27/elf/rtld.c]
THREAD[0]_ROOT_CTXT(0):"(0x0000000000000000)"[ ]
PROCESS[1716]_ROOT_CTXT(0):"(0x0000000000000000)"[ ]
------------------------------
Bad memory access 0x7f9ef71f3dd0
----------malloc context----------
_dl_init_paths(653):"(0x00007f9ef6fd2b2b)"[/build/glibc-2ORdQG/glibc-2.27/elf/dl-load.c]
dl_main(1323):"(0x00007f9ef6fcdc41)"[/build/glibc-2ORdQG/glibc-2.27/elf/rtld.c]
_dl_sysdep_start(253):"(0x00007f9ef6fe4dfd)"[../elf/dl-sysdep.c]
_dl_start(414):"(0x00007f9ef6fcc123)"[/build/glibc-2ORdQG/glibc-2.27/elf/rtld.c]
_start(746):"(0x00007f9ef6fcb093)"[/build/glibc-2ORdQG/glibc-2.27/elf/rtld.c]
THREAD[0]_ROOT_CTXT(0):"(0x0000000000000000)"[ ]
PROCESS[1716]_ROOT_CTXT(0):"(0x0000000000000000)"[ ]
------------------------------
Bad memory access 0x7f9ef71f3dd8
----------malloc context----------
_dl_init_paths(653):"(0x00007f9ef6fd2b2b)"[/build/glibc-2ORdQG/glibc-2.27/elf/dl-load.c]
dl_main(1323):"(0x00007f9ef6fcdc41)"[/build/glibc-2ORdQG/glibc-2.27/elf/rtld.c]
_dl_sysdep_start(253):"(0x00007f9ef6fe4dfd)"[../elf/dl-sysdep.c]
_dl_start(414):"(0x00007f9ef6fcc123)"[/build/glibc-2ORdQG/glibc-2.27/elf/rtld.c]
_start(746):"(0x00007f9ef6fcb093)"[/build/glibc-2ORdQG/glibc-2.27/elf/rtld.c]
THREAD[0]_ROOT_CTXT(0):"(0x0000000000000000)"[ ]
PROCESS[1716]_ROOT_CTXT(0):"(0x0000000000000000)"[ ]
------------------------------
Bad memory access 0x7f9ef71f3dd0
----------malloc context----------
_dl_init_paths(653):"(0x00007f9ef6fd2b2b)"[/build/glibc-2ORdQG/glibc-2.27/elf/dl-load.c]
dl_main(1323):"(0x00007f9ef6fcdc41)"[/build/glibc-2ORdQG/glibc-2.27/elf/rtld.c]
_dl_sysdep_start(253):"(0x00007f9ef6fe4dfd)"[../elf/dl-sysdep.c]
_dl_start(414):"(0x00007f9ef6fcc123)"[/build/glibc-2ORdQG/glibc-2.27/elf/rtld.c]
_start(746):"(0x00007f9ef6fcb093)"[/build/glibc-2ORdQG/glibc-2.27/elf/rtld.c]
THREAD[0]_ROOT_CTXT(0):"(0x0000000000000000)"[ ]
PROCESS[1716]_ROOT_CTXT(0):"(0x0000000000000000)"[ ]
------------------------------
Bad memory access 0x7f9ef367e498
----------malloc context----------
malloc(83):"(0x00007f9ef6fe55a8)"[/build/glibc-2ORdQG/glibc-2.27/elf/dl-minimal.c]
_dl_new_object(163):"(0x00007f9ef6fd6433)"[/build/glibc-2ORdQG/glibc-2.27/elf/dl-object.c]
_dl_map_object_from_fd(943):"(0x00007f9ef6fd09c0)"[/build/glibc-2ORdQG/glibc-2.27/elf/dl-load.c]
_dl_map_object(2389):"(0x00007f9ef6fd3047)"[/build/glibc-2ORdQG/glibc-2.27/elf/dl-load.c]
openaux(63):"(0x00007f9ef6fd835d)"[/build/glibc-2ORdQG/glibc-2.27/elf/dl-deps.c]
_dl_catch_exception(196):"(0x00007f9ef6fe5c99)"[/build/glibc-2ORdQG/glibc-2.27/elf/dl-error-skeleton.c]
_dl_map_object_deps(249):"(0x00007f9ef6fd8663)"[/build/glibc-2ORdQG/glibc-2.27/elf/dl-deps.c]
dl_main(1726):"(0x00007f9ef6fcdec1)"[/build/glibc-2ORdQG/glibc-2.27/elf/rtld.c]
_dl_sysdep_start(253):"(0x00007f9ef6fe4dfd)"[../elf/dl-sysdep.c]
_dl_start(414):"(0x00007f9ef6fcc123)"[/build/glibc-2ORdQG/glibc-2.27/elf/rtld.c]
_start(746):"(0x00007f9ef6fcb093)"[/build/glibc-2ORdQG/glibc-2.27/elf/rtld.c]
THREAD[0]_ROOT_CTXT(0):"(0x0000000000000000)"[ ]
PROCESS[1716]_ROOT_CTXT(0):"(0x0000000000000000)"[ ]
------------------------------
Bad memory access 0x7f9ef71f3dd0
----------malloc context----------
_dl_init_paths(653):"(0x00007f9ef6fd2b2b)"[/build/glibc-2ORdQG/glibc-2.27/elf/dl-load.c]
dl_main(1323):"(0x00007f9ef6fcdc41)"[/build/glibc-2ORdQG/glibc-2.27/elf/rtld.c]
_dl_sysdep_start(253):"(0x00007f9ef6fe4dfd)"[../elf/dl-sysdep.c]
_dl_start(414):"(0x00007f9ef6fcc123)"[/build/glibc-2ORdQG/glibc-2.27/elf/rtld.c]
_start(746):"(0x00007f9ef6fcb093)"[/build/glibc-2ORdQG/glibc-2.27/elf/rtld.c]
THREAD[0]_ROOT_CTXT(0):"(0x0000000000000000)"[ ]
PROCESS[1716]_ROOT_CTXT(0):"(0x0000000000000000)"[ ]
------------------------------
Bad memory access 0x7f9ef71f3708
----------malloc context----------
malloc(83):"(0x00007f9ef6fe55a8)"[/build/glibc-2ORdQG/glibc-2.27/elf/dl-minimal.c]
_dl_new_object(73):"(0x00007f9ef6fd614c)"[/build/glibc-2ORdQG/glibc-2.27/elf/dl-object.c]
dl_main(1108):"(0x00007f9ef6fccee2)"[/build/glibc-2ORdQG/glibc-2.27/elf/rtld.c]
_dl_sysdep_start(253):"(0x00007f9ef6fe4dfd)"[../elf/dl-sysdep.c]
_dl_start(414):"(0x00007f9ef6fcc123)"[/build/glibc-2ORdQG/glibc-2.27/elf/rtld.c]
_start(746):"(0x00007f9ef6fcb093)"[/build/glibc-2ORdQG/glibc-2.27/elf/rtld.c]
THREAD[0]_ROOT_CTXT(0):"(0x0000000000000000)"[ ]
PROCESS[1716]_ROOT_CTXT(0):"(0x0000000000000000)"[ ]
------------------------------
Bad memory access 0x7f9ef71f3708
----------malloc context----------
malloc(83):"(0x00007f9ef6fe55a8)"[/build/glibc-2ORdQG/glibc-2.27/elf/dl-minimal.c]
_dl_new_object(73):"(0x00007f9ef6fd614c)"[/build/glibc-2ORdQG/glibc-2.27/elf/dl-object.c]
dl_main(1108):"(0x00007f9ef6fccee2)"[/build/glibc-2ORdQG/glibc-2.27/elf/rtld.c]
_dl_sysdep_start(253):"(0x00007f9ef6fe4dfd)"[../elf/dl-sysdep.c]
_dl_start(414):"(0x00007f9ef6fcc123)"[/build/glibc-2ORdQG/glibc-2.27/elf/rtld.c]
_start(746):"(0x00007f9ef6fcb093)"[/build/glibc-2ORdQG/glibc-2.27/elf/rtld.c]
THREAD[0]_ROOT_CTXT(0):"(0x0000000000000000)"[ ]
PROCESS[1716]_ROOT_CTXT(0):"(0x0000000000000000)"[ ]
------------------------------
Bad memory access 0x7f9ef71f3dd0
----------malloc context----------
_dl_init_paths(653):"(0x00007f9ef6fd2b2b)"[/build/glibc-2ORdQG/glibc-2.27/elf/dl-load.c]
dl_main(1323):"(0x00007f9ef6fcdc41)"[/build/glibc-2ORdQG/glibc-2.27/elf/rtld.c]
_dl_sysdep_start(253):"(0x00007f9ef6fe4dfd)"[../elf/dl-sysdep.c]
_dl_start(414):"(0x00007f9ef6fcc123)"[/build/glibc-2ORdQG/glibc-2.27/elf/rtld.c]
_start(746):"(0x00007f9ef6fcb093)"[/build/glibc-2ORdQG/glibc-2.27/elf/rtld.c]
THREAD[0]_ROOT_CTXT(0):"(0x0000000000000000)"[ ]
PROCESS[1716]_ROOT_CTXT(0):"(0x0000000000000000)"[ ]
------------------------------
Bad memory access 0x7f9ef71f3dd8
----------malloc context----------
_dl_init_paths(653):"(0x00007f9ef6fd2b2b)"[/build/glibc-2ORdQG/glibc-2.27/elf/dl-load.c]
dl_main(1323):"(0x00007f9ef6fcdc41)"[/build/glibc-2ORdQG/glibc-2.27/elf/rtld.c]
_dl_sysdep_start(253):"(0x00007f9ef6fe4dfd)"[../elf/dl-sysdep.c]
_dl_start(414):"(0x00007f9ef6fcc123)"[/build/glibc-2ORdQG/glibc-2.27/elf/rtld.c]
_start(746):"(0x00007f9ef6fcb093)"[/build/glibc-2ORdQG/glibc-2.27/elf/rtld.c]
THREAD[0]_ROOT_CTXT(0):"(0x0000000000000000)"[ ]
PROCESS[1716]_ROOT_CTXT(0):"(0x0000000000000000)"[ ]
------------------------------
Bad memory access 0x7f9ef71f3dd0
----------malloc context----------
_dl_init_paths(653):"(0x00007f9ef6fd2b2b)"[/build/glibc-2ORdQG/glibc-2.27/elf/dl-load.c]
dl_main(1323):"(0x00007f9ef6fcdc41)"[/build/glibc-2ORdQG/glibc-2.27/elf/rtld.c]
_dl_sysdep_start(253):"(0x00007f9ef6fe4dfd)"[../elf/dl-sysdep.c]
_dl_start(414):"(0x00007f9ef6fcc123)"[/build/glibc-2ORdQG/glibc-2.27/elf/rtld.c]
_start(746):"(0x00007f9ef6fcb093)"[/build/glibc-2ORdQG/glibc-2.27/elf/rtld.c]
THREAD[0]_ROOT_CTXT(0):"(0x0000000000000000)"[ ]
PROCESS[1716]_ROOT_CTXT(0):"(0x0000000000000000)"[ ]
------------------------------
Bad memory access 0x7f9ef367e498
----------malloc context----------
malloc(83):"(0x00007f9ef6fe55a8)"[/build/glibc-2ORdQG/glibc-2.27/elf/dl-minimal.c]
_dl_new_object(163):"(0x00007f9ef6fd6433)"[/build/glibc-2ORdQG/glibc-2.27/elf/dl-object.c]
_dl_map_object_from_fd(943):"(0x00007f9ef6fd09c0)"[/build/glibc-2ORdQG/glibc-2.27/elf/dl-load.c]
_dl_map_object(2389):"(0x00007f9ef6fd3047)"[/build/glibc-2ORdQG/glibc-2.27/elf/dl-load.c]
openaux(63):"(0x00007f9ef6fd835d)"[/build/glibc-2ORdQG/glibc-2.27/elf/dl-deps.c]
_dl_catch_exception(196):"(0x00007f9ef6fe5c99)"[/build/glibc-2ORdQG/glibc-2.27/elf/dl-error-skeleton.c]
_dl_map_object_deps(249):"(0x00007f9ef6fd8663)"[/build/glibc-2ORdQG/glibc-2.27/elf/dl-deps.c]
dl_main(1726):"(0x00007f9ef6fcdec1)"[/build/glibc-2ORdQG/glibc-2.27/elf/rtld.c]
_dl_sysdep_start(253):"(0x00007f9ef6fe4dfd)"[../elf/dl-sysdep.c]
_dl_start(414):"(0x00007f9ef6fcc123)"[/build/glibc-2ORdQG/glibc-2.27/elf/rtld.c]
_start(746):"(0x00007f9ef6fcb093)"[/build/glibc-2ORdQG/glibc-2.27/elf/rtld.c]
THREAD[0]_ROOT_CTXT(0):"(0x0000000000000000)"[ ]
PROCESS[1716]_ROOT_CTXT(0):"(0x0000000000000000)"[ ]
------------------------------
Bad memory access 0x7f9ef31f53f8
----------malloc context----------
main(0):"(0x00007f9ef2ff265c)"[]
__libc_start_main(310):"(0x00007f9e28c21b95)"[../csu/libc-start.c]
_start(0):"(0x00007f9ef2ff2564)"[../csu/libc-start.c]
THREAD[0]_ROOT_CTXT(0):"(0x0000000000000000)"[ ]
PROCESS[1716]_ROOT_CTXT(0):"(0x0000000000000000)"[ ]
------------------------------
Bad memory access 0x7f9ef31f53f8
----------malloc context----------
main(0):"(0x00007f9ef2ff265c)"[../csu/libc-start.c]
__libc_start_main(310):"(0x00007f9e28c21b95)"[../csu/libc-start.c]
_start(0):"(0x00007f9ef2ff2564)"[../csu/libc-start.c]
THREAD[0]_ROOT_CTXT(0):"(0x0000000000000000)"[ ]
PROCESS[1716]_ROOT_CTXT(0):"(0x0000000000000000)"[ ]
------------------------------
Bad memory access 0x7f9ef31f53f8
----------malloc context----------
main(0):"(0x00007f9ef2ff265c)"[../csu/libc-start.c]
__libc_start_main(310):"(0x00007f9e28c21b95)"[../csu/libc-start.c]
_start(0):"(0x00007f9ef2ff2564)"[../csu/libc-start.c]
THREAD[0]_ROOT_CTXT(0):"(0x0000000000000000)"[ ]
PROCESS[1716]_ROOT_CTXT(0):"(0x0000000000000000)"[ ]
------------------------------
Bad memory access 0x7f9ef367e4c0
----------malloc context----------
malloc(83):"(0x00007f9ef6fe55a8)"[/build/glibc-2ORdQG/glibc-2.27/elf/dl-minimal.c]
_dl_new_object(163):"(0x00007f9ef6fd6433)"[/build/glibc-2ORdQG/glibc-2.27/elf/dl-object.c]
_dl_map_object_from_fd(943):"(0x00007f9ef6fd09c0)"[/build/glibc-2ORdQG/glibc-2.27/elf/dl-load.c]
_dl_map_object(2389):"(0x00007f9ef6fd3047)"[/build/glibc-2ORdQG/glibc-2.27/elf/dl-load.c]
openaux(63):"(0x00007f9ef6fd835d)"[/build/glibc-2ORdQG/glibc-2.27/elf/dl-deps.c]
_dl_catch_exception(196):"(0x00007f9ef6fe5c99)"[/build/glibc-2ORdQG/glibc-2.27/elf/dl-error-skeleton.c]
_dl_map_object_deps(249):"(0x00007f9ef6fd8663)"[/build/glibc-2ORdQG/glibc-2.27/elf/dl-deps.c]
dl_main(1726):"(0x00007f9ef6fcdec1)"[/build/glibc-2ORdQG/glibc-2.27/elf/rtld.c]
_dl_sysdep_start(253):"(0x00007f9ef6fe4dfd)"[../elf/dl-sysdep.c]
_dl_start(414):"(0x00007f9ef6fcc123)"[/build/glibc-2ORdQG/glibc-2.27/elf/rtld.c]
_start(746):"(0x00007f9ef6fcb093)"[/build/glibc-2ORdQG/glibc-2.27/elf/rtld.c]
THREAD[0]_ROOT_CTXT(0):"(0x0000000000000000)"[ ]
PROCESS[1716]_ROOT_CTXT(0):"(0x0000000000000000)"[ ]
------------------------------
Bad memory access 0x7f9ef367e4c8
----------malloc context----------
malloc(83):"(0x00007f9ef6fe55a8)"[/build/glibc-2ORdQG/glibc-2.27/elf/dl-minimal.c]
_dl_new_object(163):"(0x00007f9ef6fd6433)"[/build/glibc-2ORdQG/glibc-2.27/elf/dl-object.c]
_dl_map_object_from_fd(943):"(0x00007f9ef6fd09c0)"[/build/glibc-2ORdQG/glibc-2.27/elf/dl-load.c]
_dl_map_object(2389):"(0x00007f9ef6fd3047)"[/build/glibc-2ORdQG/glibc-2.27/elf/dl-load.c]
openaux(63):"(0x00007f9ef6fd835d)"[/build/glibc-2ORdQG/glibc-2.27/elf/dl-deps.c]
_dl_catch_exception(196):"(0x00007f9ef6fe5c99)"[/build/glibc-2ORdQG/glibc-2.27/elf/dl-error-skeleton.c]
_dl_map_object_deps(249):"(0x00007f9ef6fd8663)"[/build/glibc-2ORdQG/glibc-2.27/elf/dl-deps.c]
dl_main(1726):"(0x00007f9ef6fcdec1)"[/build/glibc-2ORdQG/glibc-2.27/elf/rtld.c]
_dl_sysdep_start(253):"(0x00007f9ef6fe4dfd)"[../elf/dl-sysdep.c]
_dl_start(414):"(0x00007f9ef6fcc123)"[/build/glibc-2ORdQG/glibc-2.27/elf/rtld.c]
_start(746):"(0x00007f9ef6fcb093)"[/build/glibc-2ORdQG/glibc-2.27/elf/rtld.c]
THREAD[0]_ROOT_CTXT(0):"(0x0000000000000000)"[ ]
PROCESS[1716]_ROOT_CTXT(0):"(0x0000000000000000)"[ ]
------------------------------
]0;ryedida@vclv98-246: ~/DrCCTProf[01;32mryedida@vclv98-246[00m:[01;34m~/DrCCTProf[00m$ exit
exit

Script done on 2020-11-16 19:19:43-0500
